[0.010s] Invoking command in '/home/pavan/MY_ROS_WS/build/my_robot_interfaces': CMAKE_PREFIX_PATH=${CMAKE_PREFIX_PATH}:/opt/ros/humble /usr/bin/cmake --build /home/pavan/MY_ROS_WS/build/my_robot_interfaces -- -j8 -l8
[0.051s] [ 12%] Built target my_robot_interfaces__cpp
[0.051s] [ 12%] Built target my_robot_interfaces__rosidl_generator_c
[0.059s] [ 12%] Built target ament_cmake_python_copy_my_robot_interfaces
[0.073s] [ 32%] Built target my_robot_interfaces__rosidl_typesupport_fastrtps_cpp
[0.074s] [ 32%] Built target my_robot_interfaces__rosidl_typesupport_introspection_cpp
[0.075s] [ 41%] Built target my_robot_interfaces__rosidl_typesupport_fastrtps_c
[0.076s] [ 51%] Built target my_robot_interfaces__rosidl_typesupport_cpp
[0.081s] [ 70%] Built target my_robot_interfaces__rosidl_typesupport_c
[0.081s] [ 70%] Built target my_robot_interfaces__rosidl_typesupport_introspection_c
[0.097s] [ 70%] Built target my_robot_interfaces
[0.114s] [ 74%] Built target my_robot_interfaces__py
[0.134s] [ 80%] Built target my_robot_interfaces__rosidl_generator_py
[0.154s] [100%] Built target my_robot_interfaces__rosidl_typesupport_fastrtps_c__pyext
[0.155s] [100%] Built target my_robot_interfaces__rosidl_typesupport_c__pyext
[0.155s] [100%] Built target my_robot_interfaces__rosidl_typesupport_introspection_c__pyext
[0.289s] running egg_info
[0.290s] writing my_robot_interfaces.egg-info/PKG-INFO
[0.291s] writing dependency_links to my_robot_interfaces.egg-info/dependency_links.txt
[0.291s] writing top-level names to my_robot_interfaces.egg-info/top_level.txt
[0.293s] reading manifest file 'my_robot_interfaces.egg-info/SOURCES.txt'
[0.294s] writing manifest file 'my_robot_interfaces.egg-info/SOURCES.txt'
[0.317s] [100%] Built target ament_cmake_python_build_my_robot_interfaces_egg
[0.328s] Invoked command in '/home/pavan/MY_ROS_WS/build/my_robot_interfaces' returned '0': CMAKE_PREFIX_PATH=${CMAKE_PREFIX_PATH}:/opt/ros/humble /usr/bin/cmake --build /home/pavan/MY_ROS_WS/build/my_robot_interfaces -- -j8 -l8
[0.337s] Invoking command in '/home/pavan/MY_ROS_WS/build/my_robot_interfaces': CMAKE_PREFIX_PATH=${CMAKE_PREFIX_PATH}:/opt/ros/humble /usr/bin/cmake --install /home/pavan/MY_ROS_WS/build/my_robot_interfaces
[0.346s] -- Install configuration: ""
[0.346s] -- Up-to-date: /home/pavan/MY_ROS_WS/install/my_robot_interfaces/share/ament_index/resource_index/rosidl_interfaces/my_robot_interfaces
[0.346s] -- Up-to-date: /home/pavan/MY_ROS_WS/install/my_robot_interfaces/include/my_robot_interfaces/my_robot_interfaces
[0.347s] -- Up-to-date: /home/pavan/MY_ROS_WS/install/my_robot_interfaces/include/my_robot_interfaces/my_robot_interfaces/msg
[0.347s] -- Up-to-date: /home/pavan/MY_ROS_WS/install/my_robot_interfaces/include/my_robot_interfaces/my_robot_interfaces/msg/hardware_status.h
[0.347s] -- Up-to-date: /home/pavan/MY_ROS_WS/install/my_robot_interfaces/include/my_robot_interfaces/my_robot_interfaces/msg/detail
[0.347s] -- Up-to-date: /home/pavan/MY_ROS_WS/install/my_robot_interfaces/include/my_robot_interfaces/my_robot_interfaces/msg/detail/hardware_status__functions.h
[0.347s] -- Up-to-date: /home/pavan/MY_ROS_WS/install/my_robot_interfaces/include/my_robot_interfaces/my_robot_interfaces/msg/detail/hardware_status__functions.c
[0.347s] -- Up-to-date: /home/pavan/MY_ROS_WS/install/my_robot_interfaces/include/my_robot_interfaces/my_robot_interfaces/msg/detail/hardware_status__struct.h
[0.347s] -- Up-to-date: /home/pavan/MY_ROS_WS/install/my_robot_interfaces/include/my_robot_interfaces/my_robot_interfaces/msg/detail/hardware_status__type_support.h
[0.347s] -- Up-to-date: /home/pavan/MY_ROS_WS/install/my_robot_interfaces/include/my_robot_interfaces/my_robot_interfaces/msg/rosidl_generator_c__visibility_control.h
[0.347s] -- Up-to-date: /home/pavan/MY_ROS_WS/install/my_robot_interfaces/share/my_robot_interfaces/environment/library_path.sh
[0.347s] -- Up-to-date: /home/pavan/MY_ROS_WS/install/my_robot_interfaces/share/my_robot_interfaces/environment/library_path.dsv
[0.347s] -- Up-to-date: /home/pavan/MY_ROS_WS/install/my_robot_interfaces/lib/libmy_robot_interfaces__rosidl_generator_c.so
[0.348s] -- Up-to-date: /home/pavan/MY_ROS_WS/install/my_robot_interfaces/include/my_robot_interfaces/my_robot_interfaces
[0.348s] -- Up-to-date: /home/pavan/MY_ROS_WS/install/my_robot_interfaces/include/my_robot_interfaces/my_robot_interfaces/msg
[0.348s] -- Up-to-date: /home/pavan/MY_ROS_WS/install/my_robot_interfaces/include/my_robot_interfaces/my_robot_interfaces/msg/rosidl_typesupport_fastrtps_c__visibility_control.h
[0.348s] -- Up-to-date: /home/pavan/MY_ROS_WS/install/my_robot_interfaces/include/my_robot_interfaces/my_robot_interfaces/msg/detail
[0.348s] -- Up-to-date: /home/pavan/MY_ROS_WS/install/my_robot_interfaces/include/my_robot_interfaces/my_robot_interfaces/msg/detail/hardware_status__rosidl_typesupport_fastrtps_c.h
[0.348s] -- Up-to-date: /home/pavan/MY_ROS_WS/install/my_robot_interfaces/lib/libmy_robot_interfaces__rosidl_typesupport_fastrtps_c.so
[0.349s] -- Up-to-date: /home/pavan/MY_ROS_WS/install/my_robot_interfaces/include/my_robot_interfaces/my_robot_interfaces
[0.349s] -- Up-to-date: /home/pavan/MY_ROS_WS/install/my_robot_interfaces/include/my_robot_interfaces/my_robot_interfaces/msg
[0.349s] -- Up-to-date: /home/pavan/MY_ROS_WS/install/my_robot_interfaces/include/my_robot_interfaces/my_robot_interfaces/msg/rosidl_typesupport_introspection_c__visibility_control.h
[0.349s] -- Up-to-date: /home/pavan/MY_ROS_WS/install/my_robot_interfaces/include/my_robot_interfaces/my_robot_interfaces/msg/detail
[0.349s] -- Up-to-date: /home/pavan/MY_ROS_WS/install/my_robot_interfaces/include/my_robot_interfaces/my_robot_interfaces/msg/detail/hardware_status__type_support.c
[0.349s] -- Up-to-date: /home/pavan/MY_ROS_WS/install/my_robot_interfaces/include/my_robot_interfaces/my_robot_interfaces/msg/detail/hardware_status__rosidl_typesupport_introspection_c.h
[0.350s] -- Up-to-date: /home/pavan/MY_ROS_WS/install/my_robot_interfaces/lib/libmy_robot_interfaces__rosidl_typesupport_introspection_c.so
[0.350s] -- Up-to-date: /home/pavan/MY_ROS_WS/install/my_robot_interfaces/lib/libmy_robot_interfaces__rosidl_typesupport_c.so
[0.350s] -- Up-to-date: /home/pavan/MY_ROS_WS/install/my_robot_interfaces/include/my_robot_interfaces/my_robot_interfaces
[0.350s] -- Up-to-date: /home/pavan/MY_ROS_WS/install/my_robot_interfaces/include/my_robot_interfaces/my_robot_interfaces/msg
[0.350s] -- Up-to-date: /home/pavan/MY_ROS_WS/install/my_robot_interfaces/include/my_robot_interfaces/my_robot_interfaces/msg/hardware_status.hpp
[0.350s] -- Up-to-date: /home/pavan/MY_ROS_WS/install/my_robot_interfaces/include/my_robot_interfaces/my_robot_interfaces/msg/detail
[0.350s] -- Up-to-date: /home/pavan/MY_ROS_WS/install/my_robot_interfaces/include/my_robot_interfaces/my_robot_interfaces/msg/detail/hardware_status__struct.hpp
[0.351s] -- Up-to-date: /home/pavan/MY_ROS_WS/install/my_robot_interfaces/include/my_robot_interfaces/my_robot_interfaces/msg/detail/hardware_status__traits.hpp
[0.351s] -- Up-to-date: /home/pavan/MY_ROS_WS/install/my_robot_interfaces/include/my_robot_interfaces/my_robot_interfaces/msg/detail/hardware_status__builder.hpp
[0.351s] -- Up-to-date: /home/pavan/MY_ROS_WS/install/my_robot_interfaces/include/my_robot_interfaces/my_robot_interfaces
[0.351s] -- Up-to-date: /home/pavan/MY_ROS_WS/install/my_robot_interfaces/include/my_robot_interfaces/my_robot_interfaces/msg
[0.351s] -- Up-to-date: /home/pavan/MY_ROS_WS/install/my_robot_interfaces/include/my_robot_interfaces/my_robot_interfaces/msg/detail
[0.351s] -- Up-to-date: /home/pavan/MY_ROS_WS/install/my_robot_interfaces/include/my_robot_interfaces/my_robot_interfaces/msg/detail/dds_fastrtps
[0.352s] -- Up-to-date: /home/pavan/MY_ROS_WS/install/my_robot_interfaces/include/my_robot_interfaces/my_robot_interfaces/msg/detail/hardware_status__rosidl_typesupport_fastrtps_cpp.hpp
[0.352s] -- Up-to-date: /home/pavan/MY_ROS_WS/install/my_robot_interfaces/include/my_robot_interfaces/my_robot_interfaces/msg/rosidl_typesupport_fastrtps_cpp__visibility_control.h
[0.352s] -- Up-to-date: /home/pavan/MY_ROS_WS/install/my_robot_interfaces/lib/libmy_robot_interfaces__rosidl_typesupport_fastrtps_cpp.so
[0.352s] -- Up-to-date: /home/pavan/MY_ROS_WS/install/my_robot_interfaces/include/my_robot_interfaces/my_robot_interfaces
[0.352s] -- Up-to-date: /home/pavan/MY_ROS_WS/install/my_robot_interfaces/include/my_robot_interfaces/my_robot_interfaces/msg
[0.352s] -- Up-to-date: /home/pavan/MY_ROS_WS/install/my_robot_interfaces/include/my_robot_interfaces/my_robot_interfaces/msg/detail
[0.352s] -- Up-to-date: /home/pavan/MY_ROS_WS/install/my_robot_interfaces/include/my_robot_interfaces/my_robot_interfaces/msg/detail/hardware_status__rosidl_typesupport_introspection_cpp.hpp
[0.352s] -- Up-to-date: /home/pavan/MY_ROS_WS/install/my_robot_interfaces/include/my_robot_interfaces/my_robot_interfaces/msg/detail/hardware_status__type_support.cpp
[0.352s] -- Up-to-date: /home/pavan/MY_ROS_WS/install/my_robot_interfaces/lib/libmy_robot_interfaces__rosidl_typesupport_introspection_cpp.so
[0.352s] -- Up-to-date: /home/pavan/MY_ROS_WS/install/my_robot_interfaces/lib/libmy_robot_interfaces__rosidl_typesupport_cpp.so
[0.352s] -- Up-to-date: /home/pavan/MY_ROS_WS/install/my_robot_interfaces/share/my_robot_interfaces/environment/pythonpath.sh
[0.352s] -- Up-to-date: /home/pavan/MY_ROS_WS/install/my_robot_interfaces/share/my_robot_interfaces/environment/pythonpath.dsv
[0.352s] -- Up-to-date: /home/pavan/MY_ROS_WS/install/my_robot_interfaces/local/lib/python3.10/dist-packages/my_robot_interfaces-0.0.0-py3.10.egg-info
[0.353s] -- Installing: /home/pavan/MY_ROS_WS/install/my_robot_interfaces/local/lib/python3.10/dist-packages/my_robot_interfaces-0.0.0-py3.10.egg-info/dependency_links.txt
[0.353s] -- Installing: /home/pavan/MY_ROS_WS/install/my_robot_interfaces/local/lib/python3.10/dist-packages/my_robot_interfaces-0.0.0-py3.10.egg-info/top_level.txt
[0.353s] -- Installing: /home/pavan/MY_ROS_WS/install/my_robot_interfaces/local/lib/python3.10/dist-packages/my_robot_interfaces-0.0.0-py3.10.egg-info/SOURCES.txt
[0.353s] -- Installing: /home/pavan/MY_ROS_WS/install/my_robot_interfaces/local/lib/python3.10/dist-packages/my_robot_interfaces-0.0.0-py3.10.egg-info/PKG-INFO
[0.353s] -- Up-to-date: /home/pavan/MY_ROS_WS/install/my_robot_interfaces/local/lib/python3.10/dist-packages/my_robot_interfaces
[0.353s] -- Up-to-date: /home/pavan/MY_ROS_WS/install/my_robot_interfaces/local/lib/python3.10/dist-packages/my_robot_interfaces/msg
[0.353s] -- Up-to-date: /home/pavan/MY_ROS_WS/install/my_robot_interfaces/local/lib/python3.10/dist-packages/my_robot_interfaces/msg/_hardware_status_s.c
[0.353s] -- Up-to-date: /home/pavan/MY_ROS_WS/install/my_robot_interfaces/local/lib/python3.10/dist-packages/my_robot_interfaces/msg/__init__.py
[0.353s] -- Up-to-date: /home/pavan/MY_ROS_WS/install/my_robot_interfaces/local/lib/python3.10/dist-packages/my_robot_interfaces/msg/_hardware_status.py
[0.354s] -- Up-to-date: /home/pavan/MY_ROS_WS/install/my_robot_interfaces/local/lib/python3.10/dist-packages/my_robot_interfaces/__init__.py
[0.354s] -- Up-to-date: /home/pavan/MY_ROS_WS/install/my_robot_interfaces/local/lib/python3.10/dist-packages/my_robot_interfaces/my_robot_interfaces_s__rosidl_typesupport_fastrtps_c.cpython-310-x86_64-linux-gnu.so
[0.354s] -- Up-to-date: /home/pavan/MY_ROS_WS/install/my_robot_interfaces/local/lib/python3.10/dist-packages/my_robot_interfaces/_my_robot_interfaces_s.ep.rosidl_typesupport_introspection_c.c
[0.354s] -- Up-to-date: /home/pavan/MY_ROS_WS/install/my_robot_interfaces/local/lib/python3.10/dist-packages/my_robot_interfaces/my_robot_interfaces_s__rosidl_typesupport_c.cpython-310-x86_64-linux-gnu.so
[0.354s] -- Up-to-date: /home/pavan/MY_ROS_WS/install/my_robot_interfaces/local/lib/python3.10/dist-packages/my_robot_interfaces/_my_robot_interfaces_s.ep.rosidl_typesupport_fastrtps_c.c
[0.354s] -- Up-to-date: /home/pavan/MY_ROS_WS/install/my_robot_interfaces/local/lib/python3.10/dist-packages/my_robot_interfaces/my_robot_interfaces_s__rosidl_typesupport_introspection_c.cpython-310-x86_64-linux-gnu.so
[0.354s] -- Up-to-date: /home/pavan/MY_ROS_WS/install/my_robot_interfaces/local/lib/python3.10/dist-packages/my_robot_interfaces/_my_robot_interfaces_s.ep.rosidl_typesupport_c.c
[0.354s] -- Up-to-date: /home/pavan/MY_ROS_WS/install/my_robot_interfaces/local/lib/python3.10/dist-packages/my_robot_interfaces/libmy_robot_interfaces__rosidl_generator_py.so
[0.383s] Listing '/home/pavan/MY_ROS_WS/install/my_robot_interfaces/local/lib/python3.10/dist-packages/my_robot_interfaces'...
[0.383s] Listing '/home/pavan/MY_ROS_WS/install/my_robot_interfaces/local/lib/python3.10/dist-packages/my_robot_interfaces/msg'...
[0.387s] -- Up-to-date: /home/pavan/MY_ROS_WS/install/my_robot_interfaces/local/lib/python3.10/dist-packages/my_robot_interfaces/my_robot_interfaces_s__rosidl_typesupport_fastrtps_c.cpython-310-x86_64-linux-gnu.so
[0.388s] -- Up-to-date: /home/pavan/MY_ROS_WS/install/my_robot_interfaces/local/lib/python3.10/dist-packages/my_robot_interfaces/my_robot_interfaces_s__rosidl_typesupport_introspection_c.cpython-310-x86_64-linux-gnu.so
[0.388s] -- Up-to-date: /home/pavan/MY_ROS_WS/install/my_robot_interfaces/local/lib/python3.10/dist-packages/my_robot_interfaces/my_robot_interfaces_s__rosidl_typesupport_c.cpython-310-x86_64-linux-gnu.so
[0.388s] -- Up-to-date: /home/pavan/MY_ROS_WS/install/my_robot_interfaces/lib/libmy_robot_interfaces__rosidl_generator_py.so
[0.388s] -- Up-to-date: /home/pavan/MY_ROS_WS/install/my_robot_interfaces/share/my_robot_interfaces/msg/HardwareStatus.idl
[0.388s] -- Up-to-date: /home/pavan/MY_ROS_WS/install/my_robot_interfaces/share/my_robot_interfaces/msg/HardwareStatus.msg
[0.388s] -- Up-to-date: /home/pavan/MY_ROS_WS/install/my_robot_interfaces/share/ament_index/resource_index/package_run_dependencies/my_robot_interfaces
[0.389s] -- Up-to-date: /home/pavan/MY_ROS_WS/install/my_robot_interfaces/share/ament_index/resource_index/parent_prefix_path/my_robot_interfaces
[0.389s] -- Up-to-date: /home/pavan/MY_ROS_WS/install/my_robot_interfaces/share/my_robot_interfaces/environment/ament_prefix_path.sh
[0.389s] -- Up-to-date: /home/pavan/MY_ROS_WS/install/my_robot_interfaces/share/my_robot_interfaces/environment/ament_prefix_path.dsv
[0.389s] -- Up-to-date: /home/pavan/MY_ROS_WS/install/my_robot_interfaces/share/my_robot_interfaces/environment/path.sh
[0.389s] -- Up-to-date: /home/pavan/MY_ROS_WS/install/my_robot_interfaces/share/my_robot_interfaces/environment/path.dsv
[0.389s] -- Up-to-date: /home/pavan/MY_ROS_WS/install/my_robot_interfaces/share/my_robot_interfaces/local_setup.bash
[0.389s] -- Up-to-date: /home/pavan/MY_ROS_WS/install/my_robot_interfaces/share/my_robot_interfaces/local_setup.sh
[0.389s] -- Up-to-date: /home/pavan/MY_ROS_WS/install/my_robot_interfaces/share/my_robot_interfaces/local_setup.zsh
[0.389s] -- Up-to-date: /home/pavan/MY_ROS_WS/install/my_robot_interfaces/share/my_robot_interfaces/local_setup.dsv
[0.389s] -- Installing: /home/pavan/MY_ROS_WS/install/my_robot_interfaces/share/my_robot_interfaces/package.dsv
[0.389s] -- Up-to-date: /home/pavan/MY_ROS_WS/install/my_robot_interfaces/share/ament_index/resource_index/packages/my_robot_interfaces
[0.389s] -- Up-to-date: /home/pavan/MY_ROS_WS/install/my_robot_interfaces/share/my_robot_interfaces/cmake/export_my_robot_interfaces__rosidl_generator_cExport.cmake
[0.389s] -- Up-to-date: /home/pavan/MY_ROS_WS/install/my_robot_interfaces/share/my_robot_interfaces/cmake/export_my_robot_interfaces__rosidl_generator_cExport-noconfig.cmake
[0.389s] -- Up-to-date: /home/pavan/MY_ROS_WS/install/my_robot_interfaces/share/my_robot_interfaces/cmake/export_my_robot_interfaces__rosidl_typesupport_fastrtps_cExport.cmake
[0.389s] -- Up-to-date: /home/pavan/MY_ROS_WS/install/my_robot_interfaces/share/my_robot_interfaces/cmake/export_my_robot_interfaces__rosidl_typesupport_fastrtps_cExport-noconfig.cmake
[0.389s] -- Up-to-date: /home/pavan/MY_ROS_WS/install/my_robot_interfaces/share/my_robot_interfaces/cmake/my_robot_interfaces__rosidl_typesupport_introspection_cExport.cmake
[0.389s] -- Up-to-date: /home/pavan/MY_ROS_WS/install/my_robot_interfaces/share/my_robot_interfaces/cmake/my_robot_interfaces__rosidl_typesupport_introspection_cExport-noconfig.cmake
[0.390s] -- Up-to-date: /home/pavan/MY_ROS_WS/install/my_robot_interfaces/share/my_robot_interfaces/cmake/my_robot_interfaces__rosidl_typesupport_cExport.cmake
[0.390s] -- Up-to-date: /home/pavan/MY_ROS_WS/install/my_robot_interfaces/share/my_robot_interfaces/cmake/my_robot_interfaces__rosidl_typesupport_cExport-noconfig.cmake
[0.390s] -- Up-to-date: /home/pavan/MY_ROS_WS/install/my_robot_interfaces/share/my_robot_interfaces/cmake/export_my_robot_interfaces__rosidl_generator_cppExport.cmake
[0.390s] -- Up-to-date: /home/pavan/MY_ROS_WS/install/my_robot_interfaces/share/my_robot_interfaces/cmake/export_my_robot_interfaces__rosidl_typesupport_fastrtps_cppExport.cmake
[0.390s] -- Up-to-date: /home/pavan/MY_ROS_WS/install/my_robot_interfaces/share/my_robot_interfaces/cmake/export_my_robot_interfaces__rosidl_typesupport_fastrtps_cppExport-noconfig.cmake
[0.390s] -- Up-to-date: /home/pavan/MY_ROS_WS/install/my_robot_interfaces/share/my_robot_interfaces/cmake/my_robot_interfaces__rosidl_typesupport_introspection_cppExport.cmake
[0.390s] -- Up-to-date: /home/pavan/MY_ROS_WS/install/my_robot_interfaces/share/my_robot_interfaces/cmake/my_robot_interfaces__rosidl_typesupport_introspection_cppExport-noconfig.cmake
[0.390s] -- Up-to-date: /home/pavan/MY_ROS_WS/install/my_robot_interfaces/share/my_robot_interfaces/cmake/my_robot_interfaces__rosidl_typesupport_cppExport.cmake
[0.390s] -- Up-to-date: /home/pavan/MY_ROS_WS/install/my_robot_interfaces/share/my_robot_interfaces/cmake/my_robot_interfaces__rosidl_typesupport_cppExport-noconfig.cmake
[0.390s] -- Up-to-date: /home/pavan/MY_ROS_WS/install/my_robot_interfaces/share/my_robot_interfaces/cmake/export_my_robot_interfaces__rosidl_generator_pyExport.cmake
[0.390s] -- Up-to-date: /home/pavan/MY_ROS_WS/install/my_robot_interfaces/share/my_robot_interfaces/cmake/export_my_robot_interfaces__rosidl_generator_pyExport-noconfig.cmake
[0.390s] -- Up-to-date: /home/pavan/MY_ROS_WS/install/my_robot_interfaces/share/my_robot_interfaces/cmake/rosidl_cmake-extras.cmake
[0.390s] -- Up-to-date: /home/pavan/MY_ROS_WS/install/my_robot_interfaces/share/my_robot_interfaces/cmake/ament_cmake_export_include_directories-extras.cmake
[0.390s] -- Up-to-date: /home/pavan/MY_ROS_WS/install/my_robot_interfaces/share/my_robot_interfaces/cmake/ament_cmake_export_libraries-extras.cmake
[0.391s] -- Up-to-date: /home/pavan/MY_ROS_WS/install/my_robot_interfaces/share/my_robot_interfaces/cmake/ament_cmake_export_targets-extras.cmake
[0.391s] -- Up-to-date: /home/pavan/MY_ROS_WS/install/my_robot_interfaces/share/my_robot_interfaces/cmake/rosidl_cmake_export_typesupport_targets-extras.cmake
[0.391s] -- Up-to-date: /home/pavan/MY_ROS_WS/install/my_robot_interfaces/share/my_robot_interfaces/cmake/ament_cmake_export_dependencies-extras.cmake
[0.391s] -- Up-to-date: /home/pavan/MY_ROS_WS/install/my_robot_interfaces/share/my_robot_interfaces/cmake/rosidl_cmake_export_typesupport_libraries-extras.cmake
[0.391s] -- Up-to-date: /home/pavan/MY_ROS_WS/install/my_robot_interfaces/share/my_robot_interfaces/cmake/my_robot_interfacesConfig.cmake
[0.391s] -- Up-to-date: /home/pavan/MY_ROS_WS/install/my_robot_interfaces/share/my_robot_interfaces/cmake/my_robot_interfacesConfig-version.cmake
[0.391s] -- Up-to-date: /home/pavan/MY_ROS_WS/install/my_robot_interfaces/share/my_robot_interfaces/package.xml
[0.392s] Invoked command in '/home/pavan/MY_ROS_WS/build/my_robot_interfaces' returned '0': CMAKE_PREFIX_PATH=${CMAKE_PREFIX_PATH}:/opt/ros/humble /usr/bin/cmake --install /home/pavan/MY_ROS_WS/build/my_robot_interfaces
