[ 25%] [32mBuilding CXX object CMakeFiles/number_publisher.dir/src/Activity_0001/Act_Pub.cpp.o[0m
[ 50%] [32mBuilding CXX object CMakeFiles/number_counter.dir/src/Activity_0001/Act_Sub.cpp.o[0m
[ 75%] [32m[1mLinking CXX executable number_publisher[0m
[ 75%] Built target number_publisher
[100%] [32m[1mLinking CXX executable number_counter[0m
[100%] Built target number_counter
-- Install configuration: ""
-- Installing: /home/pavan/MY_ROS_WS/install/my_cpp_pkg/lib/my_cpp_pkg/number_publisher
-- Set runtime path of "/home/pavan/MY_ROS_WS/install/my_cpp_pkg/lib/my_cpp_pkg/number_publisher" to ""
-- Installing: /home/pavan/MY_ROS_WS/install/my_cpp_pkg/lib/my_cpp_pkg/number_counter
-- Set runtime path of "/home/pavan/MY_ROS_WS/install/my_cpp_pkg/lib/my_cpp_pkg/number_counter" to ""
-- Installing: /home/pavan/MY_ROS_WS/install/my_cpp_pkg/share/ament_index/resource_index/package_run_dependencies/my_cpp_pkg
-- Installing: /home/pavan/MY_ROS_WS/install/my_cpp_pkg/share/ament_index/resource_index/parent_prefix_path/my_cpp_pkg
-- Installing: /home/pavan/MY_ROS_WS/install/my_cpp_pkg/share/my_cpp_pkg/environment/ament_prefix_path.sh
-- Installing: /home/pavan/MY_ROS_WS/install/my_cpp_pkg/share/my_cpp_pkg/environment/ament_prefix_path.dsv
-- Installing: /home/pavan/MY_ROS_WS/install/my_cpp_pkg/share/my_cpp_pkg/environment/path.sh
-- Installing: /home/pavan/MY_ROS_WS/install/my_cpp_pkg/share/my_cpp_pkg/environment/path.dsv
-- Installing: /home/pavan/MY_ROS_WS/install/my_cpp_pkg/share/my_cpp_pkg/local_setup.bash
-- Installing: /home/pavan/MY_ROS_WS/install/my_cpp_pkg/share/my_cpp_pkg/local_setup.sh
-- Installing: /home/pavan/MY_ROS_WS/install/my_cpp_pkg/share/my_cpp_pkg/local_setup.zsh
-- Installing: /home/pavan/MY_ROS_WS/install/my_cpp_pkg/share/my_cpp_pkg/local_setup.dsv
-- Installing: /home/pavan/MY_ROS_WS/install/my_cpp_pkg/share/my_cpp_pkg/package.dsv
-- Installing: /home/pavan/MY_ROS_WS/install/my_cpp_pkg/share/ament_index/resource_index/packages/my_cpp_pkg
-- Installing: /home/pavan/MY_ROS_WS/install/my_cpp_pkg/share/my_cpp_pkg/cmake/my_cpp_pkgConfig.cmake
-- Installing: /home/pavan/MY_ROS_WS/install/my_cpp_pkg/share/my_cpp_pkg/cmake/my_cpp_pkgConfig-version.cmake
-- Installing: /home/pavan/MY_ROS_WS/install/my_cpp_pkg/share/my_cpp_pkg/package.xml
