[0.177s] Invoking command in '/home/pavan/MY_ROS_WS/build/my_cpp_pkg': CMAKE_PREFIX_PATH=/home/pavan/MY_ROS_WS/install/my_robot_interfaces:/home/pavan/MY_ROS_WS/install/my_cpp_pkg:/opt/ros/humble /usr/bin/cmake --build /home/pavan/MY_ROS_WS/build/my_cpp_pkg -- -j8 -l8
[0.378s] -- Found ament_cmake: 1.3.11 (/opt/ros/humble/share/ament_cmake/cmake)
[0.547s] -- Found rclcpp: 16.0.11 (/opt/ros/humble/share/rclcpp/cmake)
[0.601s] -- Found rosidl_generator_c: 3.1.6 (/opt/ros/humble/share/rosidl_generator_c/cmake)
[0.605s] -- Found rosidl_adapter: 3.1.6 (/opt/ros/humble/share/rosidl_adapter/cmake)
[0.613s] -- Found rosidl_generator_cpp: 3.1.6 (/opt/ros/humble/share/rosidl_generator_cpp/cmake)
[0.627s] -- Using all available rosidl_typesupport_c: rosidl_typesupport_fastrtps_c;rosidl_typesupport_introspection_c
[0.646s] -- Using all available rosidl_typesupport_cpp: rosidl_typesupport_fastrtps_cpp;rosidl_typesupport_introspection_cpp
[0.690s] -- Found rmw_implementation_cmake: 6.1.2 (/opt/ros/humble/share/rmw_implementation_cmake/cmake)
[0.691s] -- Found rmw_fastrtps_cpp: 6.2.7 (/opt/ros/humble/share/rmw_fastrtps_cpp/cmake)
[0.782s] -- Using RMW implementation 'rmw_fastrtps_cpp' as default
[0.832s] -- Found example_interfaces: 0.9.3 (/opt/ros/humble/share/example_interfaces/cmake)
[0.873s] -- Found my_robot_interfaces: 0.0.0 (/home/pavan/MY_ROS_WS/install/my_robot_interfaces/share/my_robot_interfaces/cmake)
[1.002s] -- Configuring done
[1.116s] -- Generating done
[1.139s] -- Build files have been written to: /home/pavan/MY_ROS_WS/build/my_cpp_pkg
[1.243s] [35m[1mConsolidate compiler generated dependencies of target number_publisher[0m
[1.258s] [35m[1mConsolidate compiler generated dependencies of target number_counter[0m
[1.282s] [ 25%] [32mBuilding CXX object CMakeFiles/number_publisher.dir/src/Activity_0001/Act_Pub.cpp.o[0m
[1.287s] [ 75%] Built target number_counter
[6.503s] [100%] [32m[1mLinking CXX executable number_publisher[0m
[7.734s] [100%] Built target number_publisher
[7.744s] Invoked command in '/home/pavan/MY_ROS_WS/build/my_cpp_pkg' returned '0': CMAKE_PREFIX_PATH=/home/pavan/MY_ROS_WS/install/my_robot_interfaces:/home/pavan/MY_ROS_WS/install/my_cpp_pkg:/opt/ros/humble /usr/bin/cmake --build /home/pavan/MY_ROS_WS/build/my_cpp_pkg -- -j8 -l8
[7.752s] Invoking command in '/home/pavan/MY_ROS_WS/build/my_cpp_pkg': CMAKE_PREFIX_PATH=/home/pavan/MY_ROS_WS/install/my_robot_interfaces:/home/pavan/MY_ROS_WS/install/my_cpp_pkg:/opt/ros/humble /usr/bin/cmake --install /home/pavan/MY_ROS_WS/build/my_cpp_pkg
[7.758s] -- Install configuration: ""
[8.050s] -- Installing: /home/pavan/MY_ROS_WS/install/my_cpp_pkg/lib/my_cpp_pkg/number_publisher
[8.072s] -- Set runtime path of "/home/pavan/MY_ROS_WS/install/my_cpp_pkg/lib/my_cpp_pkg/number_publisher" to ""
[8.238s] -- Up-to-date: /home/pavan/MY_ROS_WS/install/my_cpp_pkg/lib/my_cpp_pkg/number_counter
[8.238s] -- Up-to-date: /home/pavan/MY_ROS_WS/install/my_cpp_pkg/share/ament_index/resource_index/package_run_dependencies/my_cpp_pkg
[8.238s] -- Up-to-date: /home/pavan/MY_ROS_WS/install/my_cpp_pkg/share/ament_index/resource_index/parent_prefix_path/my_cpp_pkg
[8.238s] -- Up-to-date: /home/pavan/MY_ROS_WS/install/my_cpp_pkg/share/my_cpp_pkg/environment/ament_prefix_path.sh
[8.238s] -- Installing: /home/pavan/MY_ROS_WS/install/my_cpp_pkg/share/my_cpp_pkg/environment/ament_prefix_path.dsv
[8.250s] -- Up-to-date: /home/pavan/MY_ROS_WS/install/my_cpp_pkg/share/my_cpp_pkg/environment/path.sh
[8.250s] -- Installing: /home/pavan/MY_ROS_WS/install/my_cpp_pkg/share/my_cpp_pkg/environment/path.dsv
[8.250s] -- Up-to-date: /home/pavan/MY_ROS_WS/install/my_cpp_pkg/share/my_cpp_pkg/local_setup.bash
[8.250s] -- Up-to-date: /home/pavan/MY_ROS_WS/install/my_cpp_pkg/share/my_cpp_pkg/local_setup.sh
[8.250s] -- Up-to-date: /home/pavan/MY_ROS_WS/install/my_cpp_pkg/share/my_cpp_pkg/local_setup.zsh
[8.250s] -- Installing: /home/pavan/MY_ROS_WS/install/my_cpp_pkg/share/my_cpp_pkg/local_setup.dsv
[8.267s] -- Installing: /home/pavan/MY_ROS_WS/install/my_cpp_pkg/share/my_cpp_pkg/package.dsv
[8.268s] -- Up-to-date: /home/pavan/MY_ROS_WS/install/my_cpp_pkg/share/ament_index/resource_index/packages/my_cpp_pkg
[8.269s] -- Up-to-date: /home/pavan/MY_ROS_WS/install/my_cpp_pkg/share/my_cpp_pkg/cmake/my_cpp_pkgConfig.cmake
[8.270s] -- Up-to-date: /home/pavan/MY_ROS_WS/install/my_cpp_pkg/share/my_cpp_pkg/cmake/my_cpp_pkgConfig-version.cmake
[8.270s] -- Up-to-date: /home/pavan/MY_ROS_WS/install/my_cpp_pkg/share/my_cpp_pkg/package.xml
[8.276s] Invoked command in '/home/pavan/MY_ROS_WS/build/my_cpp_pkg' returned '0': CMAKE_PREFIX_PATH=/home/pavan/MY_ROS_WS/install/my_robot_interfaces:/home/pavan/MY_ROS_WS/install/my_cpp_pkg:/opt/ros/humble /usr/bin/cmake --install /home/pavan/MY_ROS_WS/build/my_cpp_pkg
