[0.177s] Invoking command in '/home/pavan/MY_ROS_WS/build/my_robot_interfaces': CMAKE_PREFIX_PATH=${CMAKE_PREFIX_PATH}:/home/pavan/MY_ROS_WS/install/my_py_pkg:/opt/ros/humble /usr/bin/cmake /home/pavan/MY_ROS_WS/src/my_robot_interfaces -DCMAKE_INSTALL_PREFIX=/home/pavan/MY_ROS_WS/install/my_robot_interfaces
[0.371s] -- The C compiler identification is GNU 11.4.0
[0.421s] -- The CXX compiler identification is GNU 11.4.0
[0.427s] -- Detecting C compiler ABI info
[0.482s] -- Detecting C compiler ABI info - done
[0.494s] -- Check for working C compiler: /usr/bin/cc - skipped
[0.494s] -- Detecting C compile features
[0.494s] -- Detecting C compile features - done
[0.497s] -- Detecting CXX compiler ABI info
[0.566s] -- Detecting CXX compiler ABI info - done
[0.573s] -- Check for working CXX compiler: /usr/bin/c++ - skipped
[0.573s] -- Detecting CXX compile features
[0.574s] -- Detecting CXX compile features - done
[0.576s] -- Found ament_cmake: 1.3.10 (/opt/ros/humble/share/ament_cmake/cmake)
[0.710s] -- Found Python3: /usr/bin/python3 (found version "3.10.12") found components: Interpreter 
[0.818s] -- Found rosidl_default_generators: 1.2.0 (/opt/ros/humble/share/rosidl_default_generators/cmake)
[0.836s] -- Using all available rosidl_typesupport_c: rosidl_typesupport_fastrtps_c;rosidl_typesupport_introspection_c
[0.856s] -- Found rosidl_adapter: 3.1.5 (/opt/ros/humble/share/rosidl_adapter/cmake)
[0.898s] -- Using all available rosidl_typesupport_cpp: rosidl_typesupport_fastrtps_cpp;rosidl_typesupport_introspection_cpp
[1.324s] -- Found ament_cmake_ros: 0.10.0 (/opt/ros/humble/share/ament_cmake_ros/cmake)
[1.548s] -- Using all available rosidl_typesupport_c: rosidl_typesupport_fastrtps_c;rosidl_typesupport_introspection_c
[1.860s] -- Using all available rosidl_typesupport_cpp: rosidl_typesupport_fastrtps_cpp;rosidl_typesupport_introspection_cpp
[1.888s] -- Found PythonInterp: /usr/bin/python3 (found suitable version "3.10.12", minimum required is "3.6") 
[1.916s] -- Found python_cmake_module: 0.10.0 (/opt/ros/humble/share/python_cmake_module/cmake)
[1.974s] -- Found PythonLibs: /usr/lib/x86_64-linux-gnu/libpython3.10.so (found suitable version "3.10.12", minimum required is "3.5") 
[1.974s] -- Using PYTHON_EXECUTABLE: /usr/bin/python3
[1.974s] -- Using PYTHON_INCLUDE_DIRS: /usr/include/python3.10
[1.974s] -- Using PYTHON_LIBRARIES: /usr/lib/x86_64-linux-gnu/libpython3.10.so
[2.004s] -- Found PythonExtra: .so  
[2.118s] -- Configuring done
[2.245s] -- Generating done
[2.260s] -- Build files have been written to: /home/pavan/MY_ROS_WS/build/my_robot_interfaces
[2.267s] Invoked command in '/home/pavan/MY_ROS_WS/build/my_robot_interfaces' returned '0': CMAKE_PREFIX_PATH=${CMAKE_PREFIX_PATH}:/home/pavan/MY_ROS_WS/install/my_py_pkg:/opt/ros/humble /usr/bin/cmake /home/pavan/MY_ROS_WS/src/my_robot_interfaces -DCMAKE_INSTALL_PREFIX=/home/pavan/MY_ROS_WS/install/my_robot_interfaces
[2.269s] Invoking command in '/home/pavan/MY_ROS_WS/build/my_robot_interfaces': CMAKE_PREFIX_PATH=${CMAKE_PREFIX_PATH}:/home/pavan/MY_ROS_WS/install/my_py_pkg:/opt/ros/humble /usr/bin/cmake --build /home/pavan/MY_ROS_WS/build/my_robot_interfaces -- -j8 -l8
[2.298s] [  3%] [34m[1mGenerating C code for ROS interfaces[0m
[2.628s] [  6%] [32mBuilding C object CMakeFiles/my_robot_interfaces__rosidl_generator_c.dir/rosidl_generator_c/my_robot_interfaces/msg/detail/hardware_status__functions.c.o[0m
[3.160s] [  9%] [32m[1mLinking C shared library libmy_robot_interfaces__rosidl_generator_c.so[0m
[3.229s] [  9%] Built target my_robot_interfaces__rosidl_generator_c
[3.257s] [  9%] Built target ament_cmake_python_copy_my_robot_interfaces
[3.267s] [ 12%] [34m[1mGenerating C type support for eProsima Fast-RTPS[0m
[3.488s] [ 16%] [32mBuilding CXX object CMakeFiles/my_robot_interfaces__rosidl_typesupport_fastrtps_c.dir/rosidl_typesupport_fastrtps_c/my_robot_interfaces/msg/detail/hardware_status__type_support_c.cpp.o[0m
[4.970s] [ 19%] [32m[1mLinking CXX shared library libmy_robot_interfaces__rosidl_typesupport_fastrtps_c.so[0m
[5.084s] [ 19%] Built target my_robot_interfaces__rosidl_typesupport_fastrtps_c
[5.334s] running egg_info
[5.335s] creating my_robot_interfaces.egg-info
[5.335s] writing my_robot_interfaces.egg-info/PKG-INFO
[5.335s] writing dependency_links to my_robot_interfaces.egg-info/dependency_links.txt
[5.336s] writing top-level names to my_robot_interfaces.egg-info/top_level.txt
[5.336s] writing manifest file 'my_robot_interfaces.egg-info/SOURCES.txt'
[5.362s] reading manifest file 'my_robot_interfaces.egg-info/SOURCES.txt'
[5.363s] writing manifest file 'my_robot_interfaces.egg-info/SOURCES.txt'
[5.394s] [ 19%] Built target ament_cmake_python_build_my_robot_interfaces_egg
[5.403s] [ 22%] [34m[1mGenerating C type support dispatch for ROS interfaces[0m
[5.701s] [ 25%] [32mBuilding CXX object CMakeFiles/my_robot_interfaces__rosidl_typesupport_c.dir/rosidl_typesupport_c/my_robot_interfaces/msg/hardware_status__type_support.cpp.o[0m
[5.725s] [ 29%] [32m[1mLinking CXX shared library libmy_robot_interfaces__rosidl_typesupport_c.so[0m
[5.758s] [ 29%] Built target my_robot_interfaces__rosidl_typesupport_c
[5.765s] [ 32%] [34m[1mGenerating C introspection for ROS interfaces[0m
[5.984s] [ 35%] [32mBuilding C object CMakeFiles/my_robot_interfaces__rosidl_typesupport_introspection_c.dir/rosidl_typesupport_introspection_c/my_robot_interfaces/msg/detail/hardware_status__type_support.c.o[0m
[6.022s] [ 38%] [32m[1mLinking C shared library libmy_robot_interfaces__rosidl_typesupport_introspection_c.so[0m
[6.046s] [ 38%] Built target my_robot_interfaces__rosidl_typesupport_introspection_c
[6.061s] [ 41%] [34m[1mGenerating C++ code for ROS interfaces[0m
[6.292s] [ 41%] Built target my_robot_interfaces__cpp
[6.299s] [ 45%] [34m[1mGenerating C++ type support for eProsima Fast-RTPS[0m
[6.517s] [ 48%] [32mBuilding CXX object CMakeFiles/my_robot_interfaces__rosidl_typesupport_fastrtps_cpp.dir/rosidl_typesupport_fastrtps_cpp/my_robot_interfaces/msg/detail/dds_fastrtps/hardware_status__type_support.cpp.o[0m
[6.992s] [ 51%] [32m[1mLinking CXX shared library libmy_robot_interfaces__rosidl_typesupport_fastrtps_cpp.so[0m
[7.060s] [ 51%] Built target my_robot_interfaces__rosidl_typesupport_fastrtps_cpp
[7.069s] [ 54%] [34m[1mGenerating C++ type support dispatch for ROS interfaces[0m
[7.266s] [ 58%] [32mBuilding CXX object CMakeFiles/my_robot_interfaces__rosidl_typesupport_cpp.dir/rosidl_typesupport_cpp/my_robot_interfaces/msg/hardware_status__type_support.cpp.o[0m
[7.491s] [ 61%] [32m[1mLinking CXX shared library libmy_robot_interfaces__rosidl_typesupport_cpp.so[0m
[7.528s] [ 61%] Built target my_robot_interfaces__rosidl_typesupport_cpp
[7.536s] [ 64%] [34m[1mGenerating C++ introspection for ROS interfaces[0m
[7.750s] [ 67%] [32mBuilding CXX object CMakeFiles/my_robot_interfaces__rosidl_typesupport_introspection_cpp.dir/rosidl_typesupport_introspection_cpp/my_robot_interfaces/msg/detail/hardware_status__type_support.cpp.o[0m
[8.119s] [ 70%] [32m[1mLinking CXX shared library libmy_robot_interfaces__rosidl_typesupport_introspection_cpp.so[0m
[8.226s] [ 70%] Built target my_robot_interfaces__rosidl_typesupport_introspection_cpp
[8.243s] [ 70%] Built target my_robot_interfaces
[8.260s] [ 74%] [34m[1mGenerating Python code for ROS interfaces[0m
[8.556s] [ 74%] Built target my_robot_interfaces__py
[8.572s] [ 77%] [32mBuilding C object CMakeFiles/my_robot_interfaces__rosidl_generator_py.dir/rosidl_generator_py/my_robot_interfaces/msg/_hardware_status_s.c.o[0m
[9.027s] [ 80%] [32m[1mLinking C shared library rosidl_generator_py/my_robot_interfaces/libmy_robot_interfaces__rosidl_generator_py.so[0m
[9.059s] [ 80%] Built target my_robot_interfaces__rosidl_generator_py
[9.075s] [ 83%] [32mBuilding C object CMakeFiles/my_robot_interfaces__rosidl_typesupport_fastrtps_c__pyext.dir/rosidl_generator_py/my_robot_interfaces/_my_robot_interfaces_s.ep.rosidl_typesupport_fastrtps_c.c.o[0m
[9.156s] [ 87%] [32m[1mLinking C shared library rosidl_generator_py/my_robot_interfaces/my_robot_interfaces_s__rosidl_typesupport_fastrtps_c.cpython-310-x86_64-linux-gnu.so[0m
[9.184s] [ 87%] Built target my_robot_interfaces__rosidl_typesupport_fastrtps_c__pyext
[9.200s] [ 90%] [32mBuilding C object CMakeFiles/my_robot_interfaces__rosidl_typesupport_c__pyext.dir/rosidl_generator_py/my_robot_interfaces/_my_robot_interfaces_s.ep.rosidl_typesupport_c.c.o[0m
[9.277s] [ 93%] [32m[1mLinking C shared library rosidl_generator_py/my_robot_interfaces/my_robot_interfaces_s__rosidl_typesupport_c.cpython-310-x86_64-linux-gnu.so[0m
[9.304s] [ 93%] Built target my_robot_interfaces__rosidl_typesupport_c__pyext
[9.320s] [ 96%] [32mBuilding C object CMakeFiles/my_robot_interfaces__rosidl_typesupport_introspection_c__pyext.dir/rosidl_generator_py/my_robot_interfaces/_my_robot_interfaces_s.ep.rosidl_typesupport_introspection_c.c.o[0m
[9.399s] [100%] [32m[1mLinking C shared library rosidl_generator_py/my_robot_interfaces/my_robot_interfaces_s__rosidl_typesupport_introspection_c.cpython-310-x86_64-linux-gnu.so[0m
[9.426s] [100%] Built target my_robot_interfaces__rosidl_typesupport_introspection_c__pyext
[9.435s] Invoked command in '/home/pavan/MY_ROS_WS/build/my_robot_interfaces' returned '0': CMAKE_PREFIX_PATH=${CMAKE_PREFIX_PATH}:/home/pavan/MY_ROS_WS/install/my_py_pkg:/opt/ros/humble /usr/bin/cmake --build /home/pavan/MY_ROS_WS/build/my_robot_interfaces -- -j8 -l8
[9.444s] Invoking command in '/home/pavan/MY_ROS_WS/build/my_robot_interfaces': CMAKE_PREFIX_PATH=${CMAKE_PREFIX_PATH}:/home/pavan/MY_ROS_WS/install/my_py_pkg:/opt/ros/humble /usr/bin/cmake --install /home/pavan/MY_ROS_WS/build/my_robot_interfaces
[9.450s] -- Install configuration: ""
[9.450s] -- Installing: /home/pavan/MY_ROS_WS/install/my_robot_interfaces/share/ament_index/resource_index/rosidl_interfaces/my_robot_interfaces
[9.451s] -- Installing: /home/pavan/MY_ROS_WS/install/my_robot_interfaces/include/my_robot_interfaces/my_robot_interfaces
[9.451s] -- Installing: /home/pavan/MY_ROS_WS/install/my_robot_interfaces/include/my_robot_interfaces/my_robot_interfaces/msg
[9.451s] -- Installing: /home/pavan/MY_ROS_WS/install/my_robot_interfaces/include/my_robot_interfaces/my_robot_interfaces/msg/hardware_status.h
[9.451s] -- Installing: /home/pavan/MY_ROS_WS/install/my_robot_interfaces/include/my_robot_interfaces/my_robot_interfaces/msg/detail
[9.451s] -- Installing: /home/pavan/MY_ROS_WS/install/my_robot_interfaces/include/my_robot_interfaces/my_robot_interfaces/msg/detail/hardware_status__functions.h
[9.451s] -- Installing: /home/pavan/MY_ROS_WS/install/my_robot_interfaces/include/my_robot_interfaces/my_robot_interfaces/msg/detail/hardware_status__functions.c
[9.451s] -- Installing: /home/pavan/MY_ROS_WS/install/my_robot_interfaces/include/my_robot_interfaces/my_robot_interfaces/msg/detail/hardware_status__struct.h
[9.451s] -- Installing: /home/pavan/MY_ROS_WS/install/my_robot_interfaces/include/my_robot_interfaces/my_robot_interfaces/msg/detail/hardware_status__type_support.h
[9.451s] -- Installing: /home/pavan/MY_ROS_WS/install/my_robot_interfaces/include/my_robot_interfaces/my_robot_interfaces/msg/rosidl_generator_c__visibility_control.h
[9.451s] -- Installing: /home/pavan/MY_ROS_WS/install/my_robot_interfaces/share/my_robot_interfaces/environment/library_path.sh
[9.451s] -- Installing: /home/pavan/MY_ROS_WS/install/my_robot_interfaces/share/my_robot_interfaces/environment/library_path.dsv
[9.451s] -- Installing: /home/pavan/MY_ROS_WS/install/my_robot_interfaces/lib/libmy_robot_interfaces__rosidl_generator_c.so
[9.452s] -- Set runtime path of "/home/pavan/MY_ROS_WS/install/my_robot_interfaces/lib/libmy_robot_interfaces__rosidl_generator_c.so" to ""
[9.452s] -- Up-to-date: /home/pavan/MY_ROS_WS/install/my_robot_interfaces/include/my_robot_interfaces/my_robot_interfaces
[9.452s] -- Up-to-date: /home/pavan/MY_ROS_WS/install/my_robot_interfaces/include/my_robot_interfaces/my_robot_interfaces/msg
[9.452s] -- Installing: /home/pavan/MY_ROS_WS/install/my_robot_interfaces/include/my_robot_interfaces/my_robot_interfaces/msg/rosidl_typesupport_fastrtps_c__visibility_control.h
[9.452s] -- Up-to-date: /home/pavan/MY_ROS_WS/install/my_robot_interfaces/include/my_robot_interfaces/my_robot_interfaces/msg/detail
[9.452s] -- Installing: /home/pavan/MY_ROS_WS/install/my_robot_interfaces/include/my_robot_interfaces/my_robot_interfaces/msg/detail/hardware_status__rosidl_typesupport_fastrtps_c.h
[9.452s] -- Installing: /home/pavan/MY_ROS_WS/install/my_robot_interfaces/lib/libmy_robot_interfaces__rosidl_typesupport_fastrtps_c.so
[9.452s] -- Set runtime path of "/home/pavan/MY_ROS_WS/install/my_robot_interfaces/lib/libmy_robot_interfaces__rosidl_typesupport_fastrtps_c.so" to ""
[9.452s] -- Up-to-date: /home/pavan/MY_ROS_WS/install/my_robot_interfaces/include/my_robot_interfaces/my_robot_interfaces
[9.452s] -- Up-to-date: /home/pavan/MY_ROS_WS/install/my_robot_interfaces/include/my_robot_interfaces/my_robot_interfaces/msg
[9.452s] -- Installing: /home/pavan/MY_ROS_WS/install/my_robot_interfaces/include/my_robot_interfaces/my_robot_interfaces/msg/rosidl_typesupport_introspection_c__visibility_control.h
[9.452s] -- Up-to-date: /home/pavan/MY_ROS_WS/install/my_robot_interfaces/include/my_robot_interfaces/my_robot_interfaces/msg/detail
[9.452s] -- Installing: /home/pavan/MY_ROS_WS/install/my_robot_interfaces/include/my_robot_interfaces/my_robot_interfaces/msg/detail/hardware_status__type_support.c
[9.453s] -- Installing: /home/pavan/MY_ROS_WS/install/my_robot_interfaces/include/my_robot_interfaces/my_robot_interfaces/msg/detail/hardware_status__rosidl_typesupport_introspection_c.h
[9.453s] -- Installing: /home/pavan/MY_ROS_WS/install/my_robot_interfaces/lib/libmy_robot_interfaces__rosidl_typesupport_introspection_c.so
[9.453s] -- Set runtime path of "/home/pavan/MY_ROS_WS/install/my_robot_interfaces/lib/libmy_robot_interfaces__rosidl_typesupport_introspection_c.so" to ""
[9.453s] -- Installing: /home/pavan/MY_ROS_WS/install/my_robot_interfaces/lib/libmy_robot_interfaces__rosidl_typesupport_c.so
[9.453s] -- Set runtime path of "/home/pavan/MY_ROS_WS/install/my_robot_interfaces/lib/libmy_robot_interfaces__rosidl_typesupport_c.so" to ""
[9.453s] -- Up-to-date: /home/pavan/MY_ROS_WS/install/my_robot_interfaces/include/my_robot_interfaces/my_robot_interfaces
[9.453s] -- Up-to-date: /home/pavan/MY_ROS_WS/install/my_robot_interfaces/include/my_robot_interfaces/my_robot_interfaces/msg
[9.453s] -- Installing: /home/pavan/MY_ROS_WS/install/my_robot_interfaces/include/my_robot_interfaces/my_robot_interfaces/msg/hardware_status.hpp
[9.453s] -- Up-to-date: /home/pavan/MY_ROS_WS/install/my_robot_interfaces/include/my_robot_interfaces/my_robot_interfaces/msg/detail
[9.453s] -- Installing: /home/pavan/MY_ROS_WS/install/my_robot_interfaces/include/my_robot_interfaces/my_robot_interfaces/msg/detail/hardware_status__struct.hpp
[9.453s] -- Installing: /home/pavan/MY_ROS_WS/install/my_robot_interfaces/include/my_robot_interfaces/my_robot_interfaces/msg/detail/hardware_status__traits.hpp
[9.454s] -- Installing: /home/pavan/MY_ROS_WS/install/my_robot_interfaces/include/my_robot_interfaces/my_robot_interfaces/msg/detail/hardware_status__builder.hpp
[9.454s] -- Up-to-date: /home/pavan/MY_ROS_WS/install/my_robot_interfaces/include/my_robot_interfaces/my_robot_interfaces
[9.454s] -- Up-to-date: /home/pavan/MY_ROS_WS/install/my_robot_interfaces/include/my_robot_interfaces/my_robot_interfaces/msg
[9.454s] -- Up-to-date: /home/pavan/MY_ROS_WS/install/my_robot_interfaces/include/my_robot_interfaces/my_robot_interfaces/msg/detail
[9.454s] -- Installing: /home/pavan/MY_ROS_WS/install/my_robot_interfaces/include/my_robot_interfaces/my_robot_interfaces/msg/detail/dds_fastrtps
[9.454s] -- Installing: /home/pavan/MY_ROS_WS/install/my_robot_interfaces/include/my_robot_interfaces/my_robot_interfaces/msg/detail/hardware_status__rosidl_typesupport_fastrtps_cpp.hpp
[9.454s] -- Installing: /home/pavan/MY_ROS_WS/install/my_robot_interfaces/include/my_robot_interfaces/my_robot_interfaces/msg/rosidl_typesupport_fastrtps_cpp__visibility_control.h
[9.454s] -- Installing: /home/pavan/MY_ROS_WS/install/my_robot_interfaces/lib/libmy_robot_interfaces__rosidl_typesupport_fastrtps_cpp.so
[9.454s] -- Set runtime path of "/home/pavan/MY_ROS_WS/install/my_robot_interfaces/lib/libmy_robot_interfaces__rosidl_typesupport_fastrtps_cpp.so" to ""
[9.454s] -- Up-to-date: /home/pavan/MY_ROS_WS/install/my_robot_interfaces/include/my_robot_interfaces/my_robot_interfaces
[9.454s] -- Up-to-date: /home/pavan/MY_ROS_WS/install/my_robot_interfaces/include/my_robot_interfaces/my_robot_interfaces/msg
[9.454s] -- Up-to-date: /home/pavan/MY_ROS_WS/install/my_robot_interfaces/include/my_robot_interfaces/my_robot_interfaces/msg/detail
[9.454s] -- Installing: /home/pavan/MY_ROS_WS/install/my_robot_interfaces/include/my_robot_interfaces/my_robot_interfaces/msg/detail/hardware_status__rosidl_typesupport_introspection_cpp.hpp
[9.454s] -- Installing: /home/pavan/MY_ROS_WS/install/my_robot_interfaces/include/my_robot_interfaces/my_robot_interfaces/msg/detail/hardware_status__type_support.cpp
[9.455s] -- Installing: /home/pavan/MY_ROS_WS/install/my_robot_interfaces/lib/libmy_robot_interfaces__rosidl_typesupport_introspection_cpp.so
[9.455s] -- Set runtime path of "/home/pavan/MY_ROS_WS/install/my_robot_interfaces/lib/libmy_robot_interfaces__rosidl_typesupport_introspection_cpp.so" to ""
[9.455s] -- Installing: /home/pavan/MY_ROS_WS/install/my_robot_interfaces/lib/libmy_robot_interfaces__rosidl_typesupport_cpp.so
[9.455s] -- Set runtime path of "/home/pavan/MY_ROS_WS/install/my_robot_interfaces/lib/libmy_robot_interfaces__rosidl_typesupport_cpp.so" to ""
[9.455s] -- Installing: /home/pavan/MY_ROS_WS/install/my_robot_interfaces/share/my_robot_interfaces/environment/pythonpath.sh
[9.455s] -- Installing: /home/pavan/MY_ROS_WS/install/my_robot_interfaces/share/my_robot_interfaces/environment/pythonpath.dsv
[9.456s] -- Installing: /home/pavan/MY_ROS_WS/install/my_robot_interfaces/local/lib/python3.10/dist-packages/my_robot_interfaces-0.0.0-py3.10.egg-info
[9.456s] -- Installing: /home/pavan/MY_ROS_WS/install/my_robot_interfaces/local/lib/python3.10/dist-packages/my_robot_interfaces-0.0.0-py3.10.egg-info/dependency_links.txt
[9.456s] -- Installing: /home/pavan/MY_ROS_WS/install/my_robot_interfaces/local/lib/python3.10/dist-packages/my_robot_interfaces-0.0.0-py3.10.egg-info/top_level.txt
[9.456s] -- Installing: /home/pavan/MY_ROS_WS/install/my_robot_interfaces/local/lib/python3.10/dist-packages/my_robot_interfaces-0.0.0-py3.10.egg-info/SOURCES.txt
[9.456s] -- Installing: /home/pavan/MY_ROS_WS/install/my_robot_interfaces/local/lib/python3.10/dist-packages/my_robot_interfaces-0.0.0-py3.10.egg-info/PKG-INFO
[9.456s] -- Installing: /home/pavan/MY_ROS_WS/install/my_robot_interfaces/local/lib/python3.10/dist-packages/my_robot_interfaces
[9.456s] -- Installing: /home/pavan/MY_ROS_WS/install/my_robot_interfaces/local/lib/python3.10/dist-packages/my_robot_interfaces/msg
[9.456s] -- Installing: /home/pavan/MY_ROS_WS/install/my_robot_interfaces/local/lib/python3.10/dist-packages/my_robot_interfaces/msg/_hardware_status_s.c
[9.456s] -- Installing: /home/pavan/MY_ROS_WS/install/my_robot_interfaces/local/lib/python3.10/dist-packages/my_robot_interfaces/msg/__init__.py
[9.456s] -- Installing: /home/pavan/MY_ROS_WS/install/my_robot_interfaces/local/lib/python3.10/dist-packages/my_robot_interfaces/msg/_hardware_status.py
[9.456s] -- Installing: /home/pavan/MY_ROS_WS/install/my_robot_interfaces/local/lib/python3.10/dist-packages/my_robot_interfaces/__init__.py
[9.456s] -- Installing: /home/pavan/MY_ROS_WS/install/my_robot_interfaces/local/lib/python3.10/dist-packages/my_robot_interfaces/my_robot_interfaces_s__rosidl_typesupport_fastrtps_c.cpython-310-x86_64-linux-gnu.so
[9.456s] -- Installing: /home/pavan/MY_ROS_WS/install/my_robot_interfaces/local/lib/python3.10/dist-packages/my_robot_interfaces/_my_robot_interfaces_s.ep.rosidl_typesupport_introspection_c.c
[9.456s] -- Installing: /home/pavan/MY_ROS_WS/install/my_robot_interfaces/local/lib/python3.10/dist-packages/my_robot_interfaces/my_robot_interfaces_s__rosidl_typesupport_c.cpython-310-x86_64-linux-gnu.so
[9.456s] -- Installing: /home/pavan/MY_ROS_WS/install/my_robot_interfaces/local/lib/python3.10/dist-packages/my_robot_interfaces/_my_robot_interfaces_s.ep.rosidl_typesupport_fastrtps_c.c
[9.457s] -- Installing: /home/pavan/MY_ROS_WS/install/my_robot_interfaces/local/lib/python3.10/dist-packages/my_robot_interfaces/my_robot_interfaces_s__rosidl_typesupport_introspection_c.cpython-310-x86_64-linux-gnu.so
[9.457s] -- Installing: /home/pavan/MY_ROS_WS/install/my_robot_interfaces/local/lib/python3.10/dist-packages/my_robot_interfaces/_my_robot_interfaces_s.ep.rosidl_typesupport_c.c
[9.457s] -- Installing: /home/pavan/MY_ROS_WS/install/my_robot_interfaces/local/lib/python3.10/dist-packages/my_robot_interfaces/libmy_robot_interfaces__rosidl_generator_py.so
[9.506s] Listing '/home/pavan/MY_ROS_WS/install/my_robot_interfaces/local/lib/python3.10/dist-packages/my_robot_interfaces'...
[9.506s] Compiling '/home/pavan/MY_ROS_WS/install/my_robot_interfaces/local/lib/python3.10/dist-packages/my_robot_interfaces/__init__.py'...
[9.506s] Listing '/home/pavan/MY_ROS_WS/install/my_robot_interfaces/local/lib/python3.10/dist-packages/my_robot_interfaces/msg'...
[9.506s] Compiling '/home/pavan/MY_ROS_WS/install/my_robot_interfaces/local/lib/python3.10/dist-packages/my_robot_interfaces/msg/__init__.py'...
[9.506s] Compiling '/home/pavan/MY_ROS_WS/install/my_robot_interfaces/local/lib/python3.10/dist-packages/my_robot_interfaces/msg/_hardware_status.py'...
[9.511s] -- Installing: /home/pavan/MY_ROS_WS/install/my_robot_interfaces/local/lib/python3.10/dist-packages/my_robot_interfaces/my_robot_interfaces_s__rosidl_typesupport_fastrtps_c.cpython-310-x86_64-linux-gnu.so
[9.511s] -- Set runtime path of "/home/pavan/MY_ROS_WS/install/my_robot_interfaces/local/lib/python3.10/dist-packages/my_robot_interfaces/my_robot_interfaces_s__rosidl_typesupport_fastrtps_c.cpython-310-x86_64-linux-gnu.so" to ""
[9.511s] -- Installing: /home/pavan/MY_ROS_WS/install/my_robot_interfaces/local/lib/python3.10/dist-packages/my_robot_interfaces/my_robot_interfaces_s__rosidl_typesupport_introspection_c.cpython-310-x86_64-linux-gnu.so
[9.511s] -- Set runtime path of "/home/pavan/MY_ROS_WS/install/my_robot_interfaces/local/lib/python3.10/dist-packages/my_robot_interfaces/my_robot_interfaces_s__rosidl_typesupport_introspection_c.cpython-310-x86_64-linux-gnu.so" to ""
[9.512s] -- Installing: /home/pavan/MY_ROS_WS/install/my_robot_interfaces/local/lib/python3.10/dist-packages/my_robot_interfaces/my_robot_interfaces_s__rosidl_typesupport_c.cpython-310-x86_64-linux-gnu.so
[9.512s] -- Set runtime path of "/home/pavan/MY_ROS_WS/install/my_robot_interfaces/local/lib/python3.10/dist-packages/my_robot_interfaces/my_robot_interfaces_s__rosidl_typesupport_c.cpython-310-x86_64-linux-gnu.so" to ""
[9.512s] -- Installing: /home/pavan/MY_ROS_WS/install/my_robot_interfaces/lib/libmy_robot_interfaces__rosidl_generator_py.so
[9.512s] -- Set runtime path of "/home/pavan/MY_ROS_WS/install/my_robot_interfaces/lib/libmy_robot_interfaces__rosidl_generator_py.so" to ""
[9.512s] -- Installing: /home/pavan/MY_ROS_WS/install/my_robot_interfaces/share/my_robot_interfaces/msg/HardwareStatus.idl
[9.513s] -- Installing: /home/pavan/MY_ROS_WS/install/my_robot_interfaces/share/my_robot_interfaces/msg/HardwareStatus.msg
[9.513s] -- Installing: /home/pavan/MY_ROS_WS/install/my_robot_interfaces/share/ament_index/resource_index/package_run_dependencies/my_robot_interfaces
[9.513s] -- Installing: /home/pavan/MY_ROS_WS/install/my_robot_interfaces/share/ament_index/resource_index/parent_prefix_path/my_robot_interfaces
[9.513s] -- Installing: /home/pavan/MY_ROS_WS/install/my_robot_interfaces/share/my_robot_interfaces/environment/ament_prefix_path.sh
[9.513s] -- Installing: /home/pavan/MY_ROS_WS/install/my_robot_interfaces/share/my_robot_interfaces/environment/ament_prefix_path.dsv
[9.513s] -- Installing: /home/pavan/MY_ROS_WS/install/my_robot_interfaces/share/my_robot_interfaces/environment/path.sh
[9.513s] -- Installing: /home/pavan/MY_ROS_WS/install/my_robot_interfaces/share/my_robot_interfaces/environment/path.dsv
[9.513s] -- Installing: /home/pavan/MY_ROS_WS/install/my_robot_interfaces/share/my_robot_interfaces/local_setup.bash
[9.513s] -- Installing: /home/pavan/MY_ROS_WS/install/my_robot_interfaces/share/my_robot_interfaces/local_setup.sh
[9.513s] -- Installing: /home/pavan/MY_ROS_WS/install/my_robot_interfaces/share/my_robot_interfaces/local_setup.zsh
[9.513s] -- Installing: /home/pavan/MY_ROS_WS/install/my_robot_interfaces/share/my_robot_interfaces/local_setup.dsv
[9.513s] -- Installing: /home/pavan/MY_ROS_WS/install/my_robot_interfaces/share/my_robot_interfaces/package.dsv
[9.514s] -- Installing: /home/pavan/MY_ROS_WS/install/my_robot_interfaces/share/ament_index/resource_index/packages/my_robot_interfaces
[9.514s] -- Installing: /home/pavan/MY_ROS_WS/install/my_robot_interfaces/share/my_robot_interfaces/cmake/export_my_robot_interfaces__rosidl_generator_cExport.cmake
[9.514s] -- Installing: /home/pavan/MY_ROS_WS/install/my_robot_interfaces/share/my_robot_interfaces/cmake/export_my_robot_interfaces__rosidl_generator_cExport-noconfig.cmake
[9.514s] -- Installing: /home/pavan/MY_ROS_WS/install/my_robot_interfaces/share/my_robot_interfaces/cmake/export_my_robot_interfaces__rosidl_typesupport_fastrtps_cExport.cmake
[9.514s] -- Installing: /home/pavan/MY_ROS_WS/install/my_robot_interfaces/share/my_robot_interfaces/cmake/export_my_robot_interfaces__rosidl_typesupport_fastrtps_cExport-noconfig.cmake
[9.514s] -- Installing: /home/pavan/MY_ROS_WS/install/my_robot_interfaces/share/my_robot_interfaces/cmake/my_robot_interfaces__rosidl_typesupport_introspection_cExport.cmake
[9.514s] -- Installing: /home/pavan/MY_ROS_WS/install/my_robot_interfaces/share/my_robot_interfaces/cmake/my_robot_interfaces__rosidl_typesupport_introspection_cExport-noconfig.cmake
[9.514s] -- Installing: /home/pavan/MY_ROS_WS/install/my_robot_interfaces/share/my_robot_interfaces/cmake/my_robot_interfaces__rosidl_typesupport_cExport.cmake
[9.514s] -- Installing: /home/pavan/MY_ROS_WS/install/my_robot_interfaces/share/my_robot_interfaces/cmake/my_robot_interfaces__rosidl_typesupport_cExport-noconfig.cmake
[9.515s] -- Installing: /home/pavan/MY_ROS_WS/install/my_robot_interfaces/share/my_robot_interfaces/cmake/export_my_robot_interfaces__rosidl_generator_cppExport.cmake
[9.515s] -- Installing: /home/pavan/MY_ROS_WS/install/my_robot_interfaces/share/my_robot_interfaces/cmake/export_my_robot_interfaces__rosidl_typesupport_fastrtps_cppExport.cmake
[9.515s] -- Installing: /home/pavan/MY_ROS_WS/install/my_robot_interfaces/share/my_robot_interfaces/cmake/export_my_robot_interfaces__rosidl_typesupport_fastrtps_cppExport-noconfig.cmake
[9.515s] -- Installing: /home/pavan/MY_ROS_WS/install/my_robot_interfaces/share/my_robot_interfaces/cmake/my_robot_interfaces__rosidl_typesupport_introspection_cppExport.cmake
[9.515s] -- Installing: /home/pavan/MY_ROS_WS/install/my_robot_interfaces/share/my_robot_interfaces/cmake/my_robot_interfaces__rosidl_typesupport_introspection_cppExport-noconfig.cmake
[9.515s] -- Installing: /home/pavan/MY_ROS_WS/install/my_robot_interfaces/share/my_robot_interfaces/cmake/my_robot_interfaces__rosidl_typesupport_cppExport.cmake
[9.515s] -- Installing: /home/pavan/MY_ROS_WS/install/my_robot_interfaces/share/my_robot_interfaces/cmake/my_robot_interfaces__rosidl_typesupport_cppExport-noconfig.cmake
[9.515s] -- Installing: /home/pavan/MY_ROS_WS/install/my_robot_interfaces/share/my_robot_interfaces/cmake/export_my_robot_interfaces__rosidl_generator_pyExport.cmake
[9.515s] -- Installing: /home/pavan/MY_ROS_WS/install/my_robot_interfaces/share/my_robot_interfaces/cmake/export_my_robot_interfaces__rosidl_generator_pyExport-noconfig.cmake
[9.515s] -- Installing: /home/pavan/MY_ROS_WS/install/my_robot_interfaces/share/my_robot_interfaces/cmake/rosidl_cmake-extras.cmake
[9.516s] -- Installing: /home/pavan/MY_ROS_WS/install/my_robot_interfaces/share/my_robot_interfaces/cmake/ament_cmake_export_include_directories-extras.cmake
[9.516s] -- Installing: /home/pavan/MY_ROS_WS/install/my_robot_interfaces/share/my_robot_interfaces/cmake/ament_cmake_export_libraries-extras.cmake
[9.516s] -- Installing: /home/pavan/MY_ROS_WS/install/my_robot_interfaces/share/my_robot_interfaces/cmake/ament_cmake_export_targets-extras.cmake
[9.516s] -- Installing: /home/pavan/MY_ROS_WS/install/my_robot_interfaces/share/my_robot_interfaces/cmake/rosidl_cmake_export_typesupport_targets-extras.cmake
[9.516s] -- Installing: /home/pavan/MY_ROS_WS/install/my_robot_interfaces/share/my_robot_interfaces/cmake/ament_cmake_export_dependencies-extras.cmake
[9.516s] -- Installing: /home/pavan/MY_ROS_WS/install/my_robot_interfaces/share/my_robot_interfaces/cmake/rosidl_cmake_export_typesupport_libraries-extras.cmake
[9.516s] -- Installing: /home/pavan/MY_ROS_WS/install/my_robot_interfaces/share/my_robot_interfaces/cmake/my_robot_interfacesConfig.cmake
[9.516s] -- Installing: /home/pavan/MY_ROS_WS/install/my_robot_interfaces/share/my_robot_interfaces/cmake/my_robot_interfacesConfig-version.cmake
[9.516s] -- Installing: /home/pavan/MY_ROS_WS/install/my_robot_interfaces/share/my_robot_interfaces/package.xml
[9.518s] Invoked command in '/home/pavan/MY_ROS_WS/build/my_robot_interfaces' returned '0': CMAKE_PREFIX_PATH=${CMAKE_PREFIX_PATH}:/home/pavan/MY_ROS_WS/install/my_py_pkg:/opt/ros/humble /usr/bin/cmake --install /home/pavan/MY_ROS_WS/build/my_robot_interfaces
