In file included from [01m[K/opt/ros/humble/include/rclcpp/rclcpp/logging.hpp:24[m[K,
                 from [01m[K/opt/ros/humble/include/rclcpp/rclcpp/client.hpp:40[m[K,
                 from [01m[K/opt/ros/humble/include/rclcpp/rclcpp/callback_group.hpp:24[m[K,
                 from [01m[K/opt/ros/humble/include/rclcpp/rclcpp/any_executable.hpp:20[m[K,
                 from [01m[K/opt/ros/humble/include/rclcpp/rclcpp/memory_strategy.hpp:25[m[K,
                 from [01m[K/opt/ros/humble/include/rclcpp/rclcpp/memory_strategies.hpp:18[m[K,
                 from [01m[K/opt/ros/humble/include/rclcpp/rclcpp/executor_options.hpp:20[m[K,
                 from [01m[K/opt/ros/humble/include/rclcpp/rclcpp/executor.hpp:37[m[K,
                 from [01m[K/opt/ros/humble/include/rclcpp/rclcpp/executors/multi_threaded_executor.hpp:25[m[K,
                 from [01m[K/opt/ros/humble/include/rclcpp/rclcpp/executors.hpp:21[m[K,
                 from [01m[K/opt/ros/humble/include/rclcpp/rclcpp/rclcpp.hpp:155[m[K,
                 from [01m[K/home/pavan/MY_ROS_WS/src/my_cpp_pkg/src/Hrdstat_sub.cpp:1[m[K:
[01m[K/home/pavan/MY_ROS_WS/src/my_cpp_pkg/src/Hrdstat_sub.cpp:[m[K In member function ‘[01m[Kvoid Sub_node::callBackRobotNews(my_robot_interfaces::msg::HardwareStatus_<std::allocator<void> >::SharedPtr)[m[K’:
[01m[K/home/pavan/MY_ROS_WS/src/my_cpp_pkg/src/Hrdstat_sub.cpp:19:44:[m[K [01;35m[Kwarning: [m[Kformat ‘[01m[K%c[m[K’ expects argument of type ‘[01m[Kint[m[K’, but argument 7 has type ‘[01m[Kmy_robot_interfaces::msg::HardwareStatus_<std::allocator<void> >::_errmessage_type[m[K’ {aka ‘[01m[Kstd::__cxx11::basic_string<char>[m[K’} [[01;35m[K]8;;https://gcc.gnu.org/onlinedocs/gcc/Warning-Options.html#index-Wformat=-Wformat=]8;;[m[K]
   19 |             RCLCPP_INFO(this->get_logger(),[01;35m[K"%ld %d %c"[m[K,msg->temparature,msg->motorstatus,msg->errmessage);
      |                                            [01;35m[K^~~~~~~~~~~[m[K
[01m[K/home/pavan/MY_ROS_WS/src/my_cpp_pkg/src/Hrdstat_sub.cpp:19:53:[m[K [01;36m[Knote: [m[Kformat string is defined here
   19 |             RCLCPP_INFO(this->get_logger(),"%ld %d [01;36m[K%c[m[K",msg->temparature,msg->motorstatus,msg->errmessage);
      |                                                    [01;36m[K~^[m[K
      |                                                     [01;36m[K|[m[K
      |                                                     [01;36m[Kint[m[K
