[0.011s] Invoking command in '/home/pavan/MY_ROS_WS/build/my_robot_interfaces': CMAKE_PREFIX_PATH=${CMAKE_PREFIX_PATH}:/opt/ros/humble /usr/bin/cmake --build /home/pavan/MY_ROS_WS/build/my_robot_interfaces -- -j8 -l8
[0.225s] -- Found ament_cmake: 1.3.11 (/opt/ros/humble/share/ament_cmake/cmake)
[0.786s] -- Found rosidl_default_generators: 1.2.0 (/opt/ros/humble/share/rosidl_default_generators/cmake)
[0.834s] -- Using all available rosidl_typesupport_c: rosidl_typesupport_fastrtps_c;rosidl_typesupport_introspection_c
[0.893s] -- Found rosidl_adapter: 3.1.6 (/opt/ros/humble/share/rosidl_adapter/cmake)
[1.226s] -- Using all available rosidl_typesupport_cpp: rosidl_typesupport_fastrtps_cpp;rosidl_typesupport_introspection_cpp
[2.123s] [31mCMake Error at /opt/ros/humble/share/rosidl_adapter/cmake/rosidl_adapt_interfaces.cmake:59 (message):
[2.124s]   execute_process(/usr/bin/python3 -m rosidl_adapter --package-name
[2.124s]   my_robot_interfaces --arguments-file
[2.124s]   /home/pavan/MY_ROS_WS/build/my_robot_interfaces/rosidl_adapter__arguments__my_robot_interfaces.json
[2.124s]   --output-dir
[2.124s]   /home/pavan/MY_ROS_WS/build/my_robot_interfaces/rosidl_adapter/my_robot_interfaces
[2.124s]   --output-file
[2.124s]   /home/pavan/MY_ROS_WS/build/my_robot_interfaces/rosidl_adapter/my_robot_interfaces.idls)
[2.125s]   returned error code 1:
[2.125s] 
[2.125s]   Traceback (most recent call last):
[2.125s] 
[2.125s]     File "/usr/lib/python3.10/runpy.py", line 196, in _run_module_as_main
[2.125s]       return _run_code(code, main_globals, None,
[2.125s]     File "/usr/lib/python3.10/runpy.py", line 86, in _run_code
[2.125s]       exec(code, run_globals)
[2.125s]     File "/opt/ros/humble/local/lib/python3.10/dist-packages/rosidl_adapter/__main__.py", line 19, in <module>
[2.126s]       sys.exit(main())
[2.126s]     File "/opt/ros/humble/local/lib/python3.10/dist-packages/rosidl_adapter/main.py", line 53, in main
[2.126s]       abs_idl_file = convert_to_idl(
[2.126s]     File "/opt/ros/humble/local/lib/python3.10/dist-packages/rosidl_adapter/__init__.py", line 19, in convert_to_idl
[2.126s]       return convert_msg_to_idl(
[2.126s]     File "/opt/ros/humble/local/lib/python3.10/dist-packages/rosidl_adapter/msg/__init__.py", line 28, in convert_msg_to_idl
[2.126s]       msg = parse_message_string(package_name, input_file.stem, content)
[2.126s]     File "/opt/ros/humble/local/lib/python3.10/dist-packages/rosidl_adapter/parser.py", line 544, in parse_message_string
[2.126s]       msg = MessageSpecification(pkg_name, msg_name, fields, constants)
[2.126s]     File "/opt/ros/humble/local/lib/python3.10/dist-packages/rosidl_adapter/parser.py", line 388, in __init__
[2.126s]       self.base_type = BaseType(
[2.127s]     File "/opt/ros/humble/local/lib/python3.10/dist-packages/rosidl_adapter/parser.py", line 205, in __init__
[2.127s]       raise InvalidResourceName(
[2.127s] 
[2.127s]   rosidl_adapter.parser.InvalidResourceName: 'led_states' is an invalid
[2.127s]   message name.  It should have the pattern '^[A-Z][A-Za-z0-9]*$'
[2.127s] 
[2.127s] Call Stack (most recent call first):
[2.127s]   /opt/ros/humble/share/rosidl_cmake/cmake/rosidl_generate_interfaces.cmake:130 (rosidl_adapt_interfaces)
[2.127s]   CMakeLists.txt:15 (rosidl_generate_interfaces)
[2.127s] 
[2.127s] [0m
[2.127s] -- Configuring incomplete, errors occurred!
[2.128s] See also "/home/pavan/MY_ROS_WS/build/my_robot_interfaces/CMakeFiles/CMakeOutput.log".
[2.130s] gmake: *** [Makefile:963: cmake_check_build_system] Error 1
[2.132s] Invoked command in '/home/pavan/MY_ROS_WS/build/my_robot_interfaces' returned '2': CMAKE_PREFIX_PATH=${CMAKE_PREFIX_PATH}:/opt/ros/humble /usr/bin/cmake --build /home/pavan/MY_ROS_WS/build/my_robot_interfaces -- -j8 -l8
