[0.080s] Invoking command in '/home/pavan/MY_ROS_WS/build/my_cpp_pkg': CMAKE_PREFIX_PATH=${CMAKE_PREFIX_PATH}:/opt/ros/humble /usr/bin/cmake --build /home/pavan/MY_ROS_WS/build/my_cpp_pkg -- -j8 -l8
[0.163s] -- Found ament_cmake: 1.3.10 (/opt/ros/humble/share/ament_cmake/cmake)
[0.294s] -- Found rclcpp: 16.0.10 (/opt/ros/humble/share/rclcpp/cmake)
[0.321s] -- Found rosidl_generator_c: 3.1.5 (/opt/ros/humble/share/rosidl_generator_c/cmake)
[0.323s] -- Found rosidl_adapter: 3.1.5 (/opt/ros/humble/share/rosidl_adapter/cmake)
[0.329s] -- Found rosidl_generator_cpp: 3.1.5 (/opt/ros/humble/share/rosidl_generator_cpp/cmake)
[0.337s] -- Using all available rosidl_typesupport_c: rosidl_typesupport_fastrtps_c;rosidl_typesupport_introspection_c
[0.348s] -- Using all available rosidl_typesupport_cpp: rosidl_typesupport_fastrtps_cpp;rosidl_typesupport_introspection_cpp
[0.378s] -- Found rmw_implementation_cmake: 6.1.2 (/opt/ros/humble/share/rmw_implementation_cmake/cmake)
[0.379s] -- Found rmw_fastrtps_cpp: 6.2.7 (/opt/ros/humble/share/rmw_fastrtps_cpp/cmake)
[0.464s] -- Using RMW implementation 'rmw_fastrtps_cpp' as default
[0.510s] -- Found example_interfaces: 0.9.3 (/opt/ros/humble/share/example_interfaces/cmake)
[0.546s] -- Found my_robot_interfaces: 0.0.0 (/home/pavan/MY_ROS_WS/install/my_robot_interfaces/share/my_robot_interfaces/cmake)
[0.645s] -- Configuring done
[0.704s] -- Generating done
[0.722s] -- Build files have been written to: /home/pavan/MY_ROS_WS/build/my_cpp_pkg
[0.761s] [35m[1mConsolidate compiler generated dependencies of target number_counter[0m
[0.776s] [35m[1mConsolidate compiler generated dependencies of target number_publisher[0m
[0.777s] [ 50%] Built target number_counter
[0.792s] [100%] Built target number_publisher
[0.803s] Invoked command in '/home/pavan/MY_ROS_WS/build/my_cpp_pkg' returned '0': CMAKE_PREFIX_PATH=${CMAKE_PREFIX_PATH}:/opt/ros/humble /usr/bin/cmake --build /home/pavan/MY_ROS_WS/build/my_cpp_pkg -- -j8 -l8
[0.804s] Invoking command in '/home/pavan/MY_ROS_WS/build/my_cpp_pkg': CMAKE_PREFIX_PATH=${CMAKE_PREFIX_PATH}:/opt/ros/humble /usr/bin/cmake --install /home/pavan/MY_ROS_WS/build/my_cpp_pkg
[0.813s] -- Install configuration: ""
[0.839s] -- Up-to-date: /home/pavan/MY_ROS_WS/install/my_cpp_pkg/lib/my_cpp_pkg/number_publisher
[0.895s] -- Up-to-date: /home/pavan/MY_ROS_WS/install/my_cpp_pkg/lib/my_cpp_pkg/number_counter
[0.896s] -- Installing: /home/pavan/MY_ROS_WS/install/my_cpp_pkg/share/ament_index/resource_index/package_run_dependencies/my_cpp_pkg
[0.897s] -- Installing: /home/pavan/MY_ROS_WS/install/my_cpp_pkg/share/ament_index/resource_index/parent_prefix_path/my_cpp_pkg
[0.898s] -- Up-to-date: /home/pavan/MY_ROS_WS/install/my_cpp_pkg/share/my_cpp_pkg/environment/ament_prefix_path.sh
[0.898s] -- Installing: /home/pavan/MY_ROS_WS/install/my_cpp_pkg/share/my_cpp_pkg/environment/ament_prefix_path.dsv
[0.899s] -- Up-to-date: /home/pavan/MY_ROS_WS/install/my_cpp_pkg/share/my_cpp_pkg/environment/path.sh
[0.899s] -- Installing: /home/pavan/MY_ROS_WS/install/my_cpp_pkg/share/my_cpp_pkg/environment/path.dsv
[0.900s] -- Up-to-date: /home/pavan/MY_ROS_WS/install/my_cpp_pkg/share/my_cpp_pkg/local_setup.bash
[0.900s] -- Up-to-date: /home/pavan/MY_ROS_WS/install/my_cpp_pkg/share/my_cpp_pkg/local_setup.sh
[0.901s] -- Up-to-date: /home/pavan/MY_ROS_WS/install/my_cpp_pkg/share/my_cpp_pkg/local_setup.zsh
[0.901s] -- Installing: /home/pavan/MY_ROS_WS/install/my_cpp_pkg/share/my_cpp_pkg/local_setup.dsv
[0.902s] -- Installing: /home/pavan/MY_ROS_WS/install/my_cpp_pkg/share/my_cpp_pkg/package.dsv
[0.902s] -- Up-to-date: /home/pavan/MY_ROS_WS/install/my_cpp_pkg/share/ament_index/resource_index/packages/my_cpp_pkg
[0.902s] -- Up-to-date: /home/pavan/MY_ROS_WS/install/my_cpp_pkg/share/my_cpp_pkg/cmake/my_cpp_pkgConfig.cmake
[0.902s] -- Up-to-date: /home/pavan/MY_ROS_WS/install/my_cpp_pkg/share/my_cpp_pkg/cmake/my_cpp_pkgConfig-version.cmake
[0.903s] -- Installing: /home/pavan/MY_ROS_WS/install/my_cpp_pkg/share/my_cpp_pkg/package.xml
[0.909s] Invoked command in '/home/pavan/MY_ROS_WS/build/my_cpp_pkg' returned '0': CMAKE_PREFIX_PATH=${CMAKE_PREFIX_PATH}:/opt/ros/humble /usr/bin/cmake --install /home/pavan/MY_ROS_WS/build/my_cpp_pkg
