[0.012s] Invoking command in '/home/pavan/MY_ROS_WS/build/my_cpp_pkg': CMAKE_PREFIX_PATH=${CMAKE_PREFIX_PATH}:/opt/ros/humble /usr/bin/cmake --build /home/pavan/MY_ROS_WS/build/my_cpp_pkg -- -j8 -l8
[0.078s] [35m[1mConsolidate compiler generated dependencies of target Hwrdstat_sub[0m
[0.098s] [ 50%] Built target Hwrdstat_pub
[0.113s] [ 75%] [32mBuilding CXX object CMakeFiles/Hwrdstat_sub.dir/src/Hrdstat_sub.cpp.o[0m
[2.596s] In file included from [01m[K/opt/ros/humble/include/rclcpp/rclcpp/logging.hpp:24[m[K,
[2.596s]                  from [01m[K/opt/ros/humble/include/rclcpp/rclcpp/client.hpp:40[m[K,
[2.596s]                  from [01m[K/opt/ros/humble/include/rclcpp/rclcpp/callback_group.hpp:24[m[K,
[2.596s]                  from [01m[K/opt/ros/humble/include/rclcpp/rclcpp/any_executable.hpp:20[m[K,
[2.596s]                  from [01m[K/opt/ros/humble/include/rclcpp/rclcpp/memory_strategy.hpp:25[m[K,
[2.596s]                  from [01m[K/opt/ros/humble/include/rclcpp/rclcpp/memory_strategies.hpp:18[m[K,
[2.596s]                  from [01m[K/opt/ros/humble/include/rclcpp/rclcpp/executor_options.hpp:20[m[K,
[2.596s]                  from [01m[K/opt/ros/humble/include/rclcpp/rclcpp/executor.hpp:37[m[K,
[2.596s]                  from [01m[K/opt/ros/humble/include/rclcpp/rclcpp/executors/multi_threaded_executor.hpp:25[m[K,
[2.596s]                  from [01m[K/opt/ros/humble/include/rclcpp/rclcpp/executors.hpp:21[m[K,
[2.596s]                  from [01m[K/opt/ros/humble/include/rclcpp/rclcpp/rclcpp.hpp:155[m[K,
[2.596s]                  from [01m[K/home/pavan/MY_ROS_WS/src/my_cpp_pkg/src/Hrdstat_sub.cpp:1[m[K:
[2.596s] [01m[K/home/pavan/MY_ROS_WS/src/my_cpp_pkg/src/Hrdstat_sub.cpp:[m[K In member function ‘[01m[Kvoid Sub_node::callBackRobotNews(my_robot_interfaces::msg::HardwareStatus_<std::allocator<void> >::SharedPtr)[m[K’:
[2.596s] [01m[K/home/pavan/MY_ROS_WS/src/my_cpp_pkg/src/Hrdstat_sub.cpp:19:90:[m[K [01;31m[Kerror: [m[Kno match for ‘[01m[Koperator*[m[K’ (operand type is ‘[01m[Kmy_robot_interfaces::msg::HardwareStatus_<std::allocator<void> >::_errmessage_type[m[K’ {aka ‘[01m[Kstd::__cxx11::basic_string<char>[m[K’})
[2.596s]    19 |             RCLCPP_INFO(this->get_logger(),"%ld %d %s",msg->temparature,msg->motorstatus,[01;31m[K*(msg->errmessage)[m[K);
[2.597s]       |                                                                                          [01;31m[K^~~~~~~~~~~~~~~~~~[m[K
[5.156s] gmake[2]: *** [CMakeFiles/Hwrdstat_sub.dir/build.make:76: CMakeFiles/Hwrdstat_sub.dir/src/Hrdstat_sub.cpp.o] Error 1
[5.156s] gmake[1]: *** [CMakeFiles/Makefile2:165: CMakeFiles/Hwrdstat_sub.dir/all] Error 2
[5.156s] gmake: *** [Makefile:146: all] Error 2
[5.158s] Invoked command in '/home/pavan/MY_ROS_WS/build/my_cpp_pkg' returned '2': CMAKE_PREFIX_PATH=${CMAKE_PREFIX_PATH}:/opt/ros/humble /usr/bin/cmake --build /home/pavan/MY_ROS_WS/build/my_cpp_pkg -- -j8 -l8
