[0.011s] Invoking command in '/home/pavan/MY_ROS_WS/build/my_robot_interfaces': CMAKE_PREFIX_PATH=${CMAKE_PREFIX_PATH}:/opt/ros/humble /usr/bin/cmake --build /home/pavan/MY_ROS_WS/build/my_robot_interfaces -- -j8 -l8
[0.035s] -- Found ament_cmake: 1.3.11 (/opt/ros/humble/share/ament_cmake/cmake)
[0.175s] -- Found rosidl_default_generators: 1.2.0 (/opt/ros/humble/share/rosidl_default_generators/cmake)
[0.177s] -- Using all available rosidl_typesupport_c: rosidl_typesupport_fastrtps_c;rosidl_typesupport_introspection_c
[0.180s] -- Found rosidl_adapter: 3.1.6 (/opt/ros/humble/share/rosidl_adapter/cmake)
[0.209s] -- Using all available rosidl_typesupport_cpp: rosidl_typesupport_fastrtps_cpp;rosidl_typesupport_introspection_cpp
[0.767s] -- Found ament_cmake_ros: 0.10.0 (/opt/ros/humble/share/ament_cmake_ros/cmake)
[1.037s] -- Using all available rosidl_typesupport_c: rosidl_typesupport_fastrtps_c;rosidl_typesupport_introspection_c
[1.377s] -- Using all available rosidl_typesupport_cpp: rosidl_typesupport_fastrtps_cpp;rosidl_typesupport_introspection_cpp
[1.423s] -- Found python_cmake_module: 0.10.0 (/opt/ros/humble/share/python_cmake_module/cmake)
[1.497s] -- Using PYTHON_EXECUTABLE: /usr/bin/python3
[1.498s] -- Using PYTHON_INCLUDE_DIRS: /usr/include/python3.10
[1.498s] -- Using PYTHON_LIBRARIES: /usr/lib/x86_64-linux-gnu/libpython3.10.so
[1.585s] -- Configuring done
[1.999s] -- Generating done
[2.011s] -- Build files have been written to: /home/pavan/MY_ROS_WS/build/my_robot_interfaces
[2.053s] [  1%] [34m[1mGenerating C code for ROS interfaces[0m
[2.066s] [  3%] [34m[1mGenerating C++ code for ROS interfaces[0m
[2.127s] [  3%] Built target ament_cmake_python_copy_my_robot_interfaces
[3.051s] running egg_info
[3.051s] writing my_robot_interfaces.egg-info/PKG-INFO
[3.051s] writing dependency_links to my_robot_interfaces.egg-info/dependency_links.txt
[3.051s] writing top-level names to my_robot_interfaces.egg-info/top_level.txt
[3.067s] [  3%] Built target my_robot_interfaces__cpp
[3.080s] [35m[1mConsolidate compiler generated dependencies of target my_robot_interfaces__rosidl_generator_c[0m
[3.089s] [  5%] [34m[1mGenerating C++ type support dispatch for ROS interfaces[0m
[3.095s] [  7%] [32mBuilding C object CMakeFiles/my_robot_interfaces__rosidl_generator_c.dir/rosidl_generator_c/my_robot_interfaces/msg/detail/hardware_status__functions.c.o[0m
[3.097s] reading manifest file 'my_robot_interfaces.egg-info/SOURCES.txt'
[3.098s] [ 10%] [32mBuilding C object CMakeFiles/my_robot_interfaces__rosidl_generator_c.dir/rosidl_generator_c/my_robot_interfaces/msg/detail/led_states__functions.c.o[0m
[3.098s] [ 12%] [32mBuilding C object CMakeFiles/my_robot_interfaces__rosidl_generator_c.dir/rosidl_generator_c/my_robot_interfaces/srv/detail/custm_rectangle__functions.c.o[0m
[3.098s] [ 12%] [32mBuilding C object CMakeFiles/my_robot_interfaces__rosidl_generator_c.dir/rosidl_generator_c/my_robot_interfaces/srv/detail/set_led__functions.c.o[0m
[3.137s] [ 14%] [34m[1mGenerating C++ introspection for ROS interfaces[0m
[3.153s] [ 16%] [34m[1mGenerating C++ type support for eProsima Fast-RTPS[0m
[3.173s] writing manifest file 'my_robot_interfaces.egg-info/SOURCES.txt'
[3.221s] [ 16%] Built target ament_cmake_python_build_my_robot_interfaces_egg
[3.661s] [35m[1mConsolidate compiler generated dependencies of target my_robot_interfaces__rosidl_typesupport_cpp[0m
[3.763s] [35m[1mConsolidate compiler generated dependencies of target my_robot_interfaces__rosidl_typesupport_introspection_cpp[0m
[3.788s] [ 18%] [32mBuilding CXX object CMakeFiles/my_robot_interfaces__rosidl_typesupport_cpp.dir/rosidl_typesupport_cpp/my_robot_interfaces/srv/custm_rectangle__type_support.cpp.o[0m
[3.788s] [ 20%] [32mBuilding CXX object CMakeFiles/my_robot_interfaces__rosidl_typesupport_cpp.dir/rosidl_typesupport_cpp/my_robot_interfaces/srv/set_led__type_support.cpp.o[0m
[3.788s] [ 21%] [32mBuilding CXX object CMakeFiles/my_robot_interfaces__rosidl_typesupport_cpp.dir/rosidl_typesupport_cpp/my_robot_interfaces/msg/led_states__type_support.cpp.o[0m
[3.788s] [ 23%] [32mBuilding CXX object CMakeFiles/my_robot_interfaces__rosidl_typesupport_cpp.dir/rosidl_typesupport_cpp/my_robot_interfaces/msg/hardware_status__type_support.cpp.o[0m
[3.801s] [ 25%] [32m[1mLinking C shared library libmy_robot_interfaces__rosidl_generator_c.so[0m
[3.808s] [35m[1mConsolidate compiler generated dependencies of target my_robot_interfaces__rosidl_typesupport_fastrtps_cpp[0m
[3.840s] [ 27%] [32mBuilding CXX object CMakeFiles/my_robot_interfaces__rosidl_typesupport_introspection_cpp.dir/rosidl_typesupport_introspection_cpp/my_robot_interfaces/msg/detail/hardware_status__type_support.cpp.o[0m
[3.861s] [ 29%] [32mBuilding CXX object CMakeFiles/my_robot_interfaces__rosidl_typesupport_introspection_cpp.dir/rosidl_typesupport_introspection_cpp/my_robot_interfaces/srv/detail/custm_rectangle__type_support.cpp.o[0m
[3.889s] [ 29%] Built target my_robot_interfaces__rosidl_generator_c
[3.896s] [ 30%] [32mBuilding CXX object CMakeFiles/my_robot_interfaces__rosidl_typesupport_fastrtps_cpp.dir/rosidl_typesupport_fastrtps_cpp/my_robot_interfaces/srv/detail/dds_fastrtps/custm_rectangle__type_support.cpp.o[0m
[3.914s] [ 32%] [32mBuilding CXX object CMakeFiles/my_robot_interfaces__rosidl_typesupport_fastrtps_cpp.dir/rosidl_typesupport_fastrtps_cpp/my_robot_interfaces/msg/detail/dds_fastrtps/hardware_status__type_support.cpp.o[0m
[4.399s] [ 34%] [32mBuilding CXX object CMakeFiles/my_robot_interfaces__rosidl_typesupport_fastrtps_cpp.dir/rosidl_typesupport_fastrtps_cpp/my_robot_interfaces/msg/detail/dds_fastrtps/led_states__type_support.cpp.o[0m
[4.418s] [ 36%] [32mBuilding CXX object CMakeFiles/my_robot_interfaces__rosidl_typesupport_introspection_cpp.dir/rosidl_typesupport_introspection_cpp/my_robot_interfaces/msg/detail/led_states__type_support.cpp.o[0m
[4.447s] [ 38%] [34m[1mGenerating C type support for eProsima Fast-RTPS[0m
[4.551s] [ 40%] [32m[1mLinking CXX shared library libmy_robot_interfaces__rosidl_typesupport_cpp.so[0m
[4.719s] [ 40%] Built target my_robot_interfaces__rosidl_typesupport_cpp
[4.754s] [ 41%] [34m[1mGenerating C introspection for ROS interfaces[0m
[4.846s] [ 43%] [32mBuilding CXX object CMakeFiles/my_robot_interfaces__rosidl_typesupport_introspection_cpp.dir/rosidl_typesupport_introspection_cpp/my_robot_interfaces/srv/detail/set_led__type_support.cpp.o[0m
[4.982s] [ 45%] [34m[1mGenerating C type support dispatch for ROS interfaces[0m
[5.149s] [ 47%] [32mBuilding CXX object CMakeFiles/my_robot_interfaces__rosidl_typesupport_fastrtps_cpp.dir/rosidl_typesupport_fastrtps_cpp/my_robot_interfaces/srv/detail/dds_fastrtps/set_led__type_support.cpp.o[0m
[5.537s] [35m[1mConsolidate compiler generated dependencies of target my_robot_interfaces__rosidl_typesupport_fastrtps_c[0m
[5.570s] [ 49%] [32mBuilding CXX object CMakeFiles/my_robot_interfaces__rosidl_typesupport_fastrtps_c.dir/rosidl_typesupport_fastrtps_c/my_robot_interfaces/msg/detail/hardware_status__type_support_c.cpp.o[0m
[5.576s] [ 50%] [32mBuilding CXX object CMakeFiles/my_robot_interfaces__rosidl_typesupport_fastrtps_c.dir/rosidl_typesupport_fastrtps_c/my_robot_interfaces/srv/detail/custm_rectangle__type_support_c.cpp.o[0m
[5.595s] [ 52%] [32mBuilding CXX object CMakeFiles/my_robot_interfaces__rosidl_typesupport_fastrtps_c.dir/rosidl_typesupport_fastrtps_c/my_robot_interfaces/msg/detail/led_states__type_support_c.cpp.o[0m
[5.598s] [ 54%] [32mBuilding CXX object CMakeFiles/my_robot_interfaces__rosidl_typesupport_fastrtps_c.dir/rosidl_typesupport_fastrtps_c/my_robot_interfaces/srv/detail/set_led__type_support_c.cpp.o[0m
[5.810s] [ 56%] [32m[1mLinking CXX shared library libmy_robot_interfaces__rosidl_typesupport_introspection_cpp.so[0m
[6.056s] [ 56%] Built target my_robot_interfaces__rosidl_typesupport_introspection_cpp
[6.122s] [35m[1mConsolidate compiler generated dependencies of target my_robot_interfaces__rosidl_typesupport_c[0m
[6.142s] [ 58%] [32m[1mLinking CXX shared library libmy_robot_interfaces__rosidl_typesupport_fastrtps_cpp.so[0m
[6.144s] [ 60%] [32mBuilding CXX object CMakeFiles/my_robot_interfaces__rosidl_typesupport_c.dir/rosidl_typesupport_c/my_robot_interfaces/srv/custm_rectangle__type_support.cpp.o[0m
[6.148s] [ 61%] [32mBuilding CXX object CMakeFiles/my_robot_interfaces__rosidl_typesupport_c.dir/rosidl_typesupport_c/my_robot_interfaces/msg/hardware_status__type_support.cpp.o[0m
[6.256s] [35m[1mConsolidate compiler generated dependencies of target my_robot_interfaces__rosidl_typesupport_introspection_c[0m
[6.284s] [ 63%] [32mBuilding C object CMakeFiles/my_robot_interfaces__rosidl_typesupport_introspection_c.dir/rosidl_typesupport_introspection_c/my_robot_interfaces/msg/detail/hardware_status__type_support.c.o[0m
[6.303s] [ 65%] [32mBuilding C object CMakeFiles/my_robot_interfaces__rosidl_typesupport_introspection_c.dir/rosidl_typesupport_introspection_c/my_robot_interfaces/srv/detail/custm_rectangle__type_support.c.o[0m
[6.324s] [ 65%] Built target my_robot_interfaces__rosidl_typesupport_fastrtps_cpp
[6.333s] [ 67%] [32mBuilding C object CMakeFiles/my_robot_interfaces__rosidl_typesupport_introspection_c.dir/rosidl_typesupport_introspection_c/my_robot_interfaces/msg/detail/led_states__type_support.c.o[0m
[6.333s] [ 69%] [32mBuilding CXX object CMakeFiles/my_robot_interfaces__rosidl_typesupport_c.dir/rosidl_typesupport_c/my_robot_interfaces/msg/led_states__type_support.cpp.o[0m
[6.334s] [ 70%] [32mBuilding C object CMakeFiles/my_robot_interfaces__rosidl_typesupport_introspection_c.dir/rosidl_typesupport_introspection_c/my_robot_interfaces/srv/detail/set_led__type_support.c.o[0m
[6.343s] [ 72%] [32m[1mLinking CXX shared library libmy_robot_interfaces__rosidl_typesupport_fastrtps_c.so[0m
[6.344s] [ 74%] [32mBuilding CXX object CMakeFiles/my_robot_interfaces__rosidl_typesupport_c.dir/rosidl_typesupport_c/my_robot_interfaces/srv/set_led__type_support.cpp.o[0m
[6.425s] [ 76%] [32m[1mLinking CXX shared library libmy_robot_interfaces__rosidl_typesupport_c.so[0m
[6.443s] [ 78%] [32m[1mLinking C shared library libmy_robot_interfaces__rosidl_typesupport_introspection_c.so[0m
[6.493s] [ 78%] Built target my_robot_interfaces__rosidl_typesupport_introspection_c
[6.502s] [ 78%] Built target my_robot_interfaces__rosidl_typesupport_fastrtps_c
[6.523s] [ 78%] Built target my_robot_interfaces__rosidl_typesupport_c
[6.564s] [ 78%] Built target my_robot_interfaces
[6.620s] [ 80%] [34m[1mGenerating Python code for ROS interfaces[0m
[7.443s] [ 80%] Built target my_robot_interfaces__py
[7.492s] [35m[1mConsolidate compiler generated dependencies of target my_robot_interfaces__rosidl_generator_py[0m
[7.539s] [ 81%] [32mBuilding C object CMakeFiles/my_robot_interfaces__rosidl_generator_py.dir/rosidl_generator_py/my_robot_interfaces/srv/_set_led_s.c.o[0m
[7.540s] [ 83%] [32mBuilding C object CMakeFiles/my_robot_interfaces__rosidl_generator_py.dir/rosidl_generator_py/my_robot_interfaces/msg/_hardware_status_s.c.o[0m
[7.541s] [ 85%] [32mBuilding C object CMakeFiles/my_robot_interfaces__rosidl_generator_py.dir/rosidl_generator_py/my_robot_interfaces/srv/_custm_rectangle_s.c.o[0m
[7.541s] [ 87%] [32mBuilding C object CMakeFiles/my_robot_interfaces__rosidl_generator_py.dir/rosidl_generator_py/my_robot_interfaces/msg/_led_states_s.c.o[0m
[8.816s] [ 89%] [32m[1mLinking C shared library rosidl_generator_py/my_robot_interfaces/libmy_robot_interfaces__rosidl_generator_py.so[0m
[8.859s] [ 89%] Built target my_robot_interfaces__rosidl_generator_py
[8.869s] [35m[1mConsolidate compiler generated dependencies of target my_robot_interfaces__rosidl_typesupport_fastrtps_c__pyext[0m
[8.872s] [35m[1mConsolidate compiler generated dependencies of target my_robot_interfaces__rosidl_typesupport_introspection_c__pyext[0m
[8.883s] [ 90%] [32mBuilding C object CMakeFiles/my_robot_interfaces__rosidl_typesupport_fastrtps_c__pyext.dir/rosidl_generator_py/my_robot_interfaces/_my_robot_interfaces_s.ep.rosidl_typesupport_fastrtps_c.c.o[0m
[8.888s] [ 92%] [32mBuilding C object CMakeFiles/my_robot_interfaces__rosidl_typesupport_introspection_c__pyext.dir/rosidl_generator_py/my_robot_interfaces/_my_robot_interfaces_s.ep.rosidl_typesupport_introspection_c.c.o[0m
[8.888s] [35m[1mConsolidate compiler generated dependencies of target my_robot_interfaces__rosidl_typesupport_c__pyext[0m
[8.902s] [ 94%] [32mBuilding C object CMakeFiles/my_robot_interfaces__rosidl_typesupport_c__pyext.dir/rosidl_generator_py/my_robot_interfaces/_my_robot_interfaces_s.ep.rosidl_typesupport_c.c.o[0m
[9.017s] [ 96%] [32m[1mLinking C shared library rosidl_generator_py/my_robot_interfaces/my_robot_interfaces_s__rosidl_typesupport_introspection_c.cpython-310-x86_64-linux-gnu.so[0m
[9.029s] [ 98%] [32m[1mLinking C shared library rosidl_generator_py/my_robot_interfaces/my_robot_interfaces_s__rosidl_typesupport_c.cpython-310-x86_64-linux-gnu.so[0m
[9.054s] [100%] [32m[1mLinking C shared library rosidl_generator_py/my_robot_interfaces/my_robot_interfaces_s__rosidl_typesupport_fastrtps_c.cpython-310-x86_64-linux-gnu.so[0m
[9.065s] [100%] Built target my_robot_interfaces__rosidl_typesupport_introspection_c__pyext
[9.070s] [100%] Built target my_robot_interfaces__rosidl_typesupport_c__pyext
[9.096s] [100%] Built target my_robot_interfaces__rosidl_typesupport_fastrtps_c__pyext
[9.111s] Invoked command in '/home/pavan/MY_ROS_WS/build/my_robot_interfaces' returned '0': CMAKE_PREFIX_PATH=${CMAKE_PREFIX_PATH}:/opt/ros/humble /usr/bin/cmake --build /home/pavan/MY_ROS_WS/build/my_robot_interfaces -- -j8 -l8
[9.123s] Invoking command in '/home/pavan/MY_ROS_WS/build/my_robot_interfaces': CMAKE_PREFIX_PATH=${CMAKE_PREFIX_PATH}:/opt/ros/humble /usr/bin/cmake --install /home/pavan/MY_ROS_WS/build/my_robot_interfaces
[9.132s] -- Install configuration: ""
[9.132s] -- Up-to-date: /home/pavan/MY_ROS_WS/install/my_robot_interfaces/share/ament_index/resource_index/rosidl_interfaces/my_robot_interfaces
[9.132s] -- Up-to-date: /home/pavan/MY_ROS_WS/install/my_robot_interfaces/include/my_robot_interfaces/my_robot_interfaces
[9.132s] -- Up-to-date: /home/pavan/MY_ROS_WS/install/my_robot_interfaces/include/my_robot_interfaces/my_robot_interfaces/msg
[9.132s] -- Installing: /home/pavan/MY_ROS_WS/install/my_robot_interfaces/include/my_robot_interfaces/my_robot_interfaces/msg/led_states.h
[9.133s] -- Installing: /home/pavan/MY_ROS_WS/install/my_robot_interfaces/include/my_robot_interfaces/my_robot_interfaces/msg/hardware_status.h
[9.133s] -- Up-to-date: /home/pavan/MY_ROS_WS/install/my_robot_interfaces/include/my_robot_interfaces/my_robot_interfaces/msg/detail
[9.133s] -- Installing: /home/pavan/MY_ROS_WS/install/my_robot_interfaces/include/my_robot_interfaces/my_robot_interfaces/msg/detail/hardware_status__functions.h
[9.133s] -- Installing: /home/pavan/MY_ROS_WS/install/my_robot_interfaces/include/my_robot_interfaces/my_robot_interfaces/msg/detail/led_states__functions.h
[9.133s] -- Installing: /home/pavan/MY_ROS_WS/install/my_robot_interfaces/include/my_robot_interfaces/my_robot_interfaces/msg/detail/hardware_status__functions.c
[9.133s] -- Installing: /home/pavan/MY_ROS_WS/install/my_robot_interfaces/include/my_robot_interfaces/my_robot_interfaces/msg/detail/led_states__struct.h
[9.133s] -- Installing: /home/pavan/MY_ROS_WS/install/my_robot_interfaces/include/my_robot_interfaces/my_robot_interfaces/msg/detail/led_states__type_support.h
[9.134s] -- Installing: /home/pavan/MY_ROS_WS/install/my_robot_interfaces/include/my_robot_interfaces/my_robot_interfaces/msg/detail/led_states__functions.c
[9.134s] -- Installing: /home/pavan/MY_ROS_WS/install/my_robot_interfaces/include/my_robot_interfaces/my_robot_interfaces/msg/detail/hardware_status__struct.h
[9.134s] -- Installing: /home/pavan/MY_ROS_WS/install/my_robot_interfaces/include/my_robot_interfaces/my_robot_interfaces/msg/detail/hardware_status__type_support.h
[9.134s] -- Up-to-date: /home/pavan/MY_ROS_WS/install/my_robot_interfaces/include/my_robot_interfaces/my_robot_interfaces/msg/rosidl_generator_c__visibility_control.h
[9.134s] -- Up-to-date: /home/pavan/MY_ROS_WS/install/my_robot_interfaces/include/my_robot_interfaces/my_robot_interfaces/srv
[9.134s] -- Installing: /home/pavan/MY_ROS_WS/install/my_robot_interfaces/include/my_robot_interfaces/my_robot_interfaces/srv/custm_rectangle.h
[9.135s] -- Installing: /home/pavan/MY_ROS_WS/install/my_robot_interfaces/include/my_robot_interfaces/my_robot_interfaces/srv/set_led.h
[9.135s] -- Up-to-date: /home/pavan/MY_ROS_WS/install/my_robot_interfaces/include/my_robot_interfaces/my_robot_interfaces/srv/detail
[9.135s] -- Installing: /home/pavan/MY_ROS_WS/install/my_robot_interfaces/include/my_robot_interfaces/my_robot_interfaces/srv/detail/custm_rectangle__functions.h
[9.135s] -- Installing: /home/pavan/MY_ROS_WS/install/my_robot_interfaces/include/my_robot_interfaces/my_robot_interfaces/srv/detail/set_led__functions.h
[9.135s] -- Installing: /home/pavan/MY_ROS_WS/install/my_robot_interfaces/include/my_robot_interfaces/my_robot_interfaces/srv/detail/set_led__struct.h
[9.135s] -- Installing: /home/pavan/MY_ROS_WS/install/my_robot_interfaces/include/my_robot_interfaces/my_robot_interfaces/srv/detail/custm_rectangle__type_support.h
[9.135s] -- Installing: /home/pavan/MY_ROS_WS/install/my_robot_interfaces/include/my_robot_interfaces/my_robot_interfaces/srv/detail/custm_rectangle__functions.c
[9.135s] -- Installing: /home/pavan/MY_ROS_WS/install/my_robot_interfaces/include/my_robot_interfaces/my_robot_interfaces/srv/detail/custm_rectangle__struct.h
[9.136s] -- Installing: /home/pavan/MY_ROS_WS/install/my_robot_interfaces/include/my_robot_interfaces/my_robot_interfaces/srv/detail/set_led__functions.c
[9.136s] -- Installing: /home/pavan/MY_ROS_WS/install/my_robot_interfaces/include/my_robot_interfaces/my_robot_interfaces/srv/detail/set_led__type_support.h
[9.136s] -- Up-to-date: /home/pavan/MY_ROS_WS/install/my_robot_interfaces/share/my_robot_interfaces/environment/library_path.sh
[9.136s] -- Installing: /home/pavan/MY_ROS_WS/install/my_robot_interfaces/share/my_robot_interfaces/environment/library_path.dsv
[9.136s] -- Installing: /home/pavan/MY_ROS_WS/install/my_robot_interfaces/lib/libmy_robot_interfaces__rosidl_generator_c.so
[9.137s] -- Set runtime path of "/home/pavan/MY_ROS_WS/install/my_robot_interfaces/lib/libmy_robot_interfaces__rosidl_generator_c.so" to ""
[9.137s] -- Up-to-date: /home/pavan/MY_ROS_WS/install/my_robot_interfaces/include/my_robot_interfaces/my_robot_interfaces
[9.137s] -- Up-to-date: /home/pavan/MY_ROS_WS/install/my_robot_interfaces/include/my_robot_interfaces/my_robot_interfaces/msg
[9.137s] -- Up-to-date: /home/pavan/MY_ROS_WS/install/my_robot_interfaces/include/my_robot_interfaces/my_robot_interfaces/msg/rosidl_typesupport_fastrtps_c__visibility_control.h
[9.137s] -- Up-to-date: /home/pavan/MY_ROS_WS/install/my_robot_interfaces/include/my_robot_interfaces/my_robot_interfaces/msg/detail
[9.137s] -- Installing: /home/pavan/MY_ROS_WS/install/my_robot_interfaces/include/my_robot_interfaces/my_robot_interfaces/msg/detail/hardware_status__rosidl_typesupport_fastrtps_c.h
[9.138s] -- Installing: /home/pavan/MY_ROS_WS/install/my_robot_interfaces/include/my_robot_interfaces/my_robot_interfaces/msg/detail/led_states__rosidl_typesupport_fastrtps_c.h
[9.138s] -- Up-to-date: /home/pavan/MY_ROS_WS/install/my_robot_interfaces/include/my_robot_interfaces/my_robot_interfaces/srv
[9.138s] -- Up-to-date: /home/pavan/MY_ROS_WS/install/my_robot_interfaces/include/my_robot_interfaces/my_robot_interfaces/srv/detail
[9.138s] -- Installing: /home/pavan/MY_ROS_WS/install/my_robot_interfaces/include/my_robot_interfaces/my_robot_interfaces/srv/detail/set_led__rosidl_typesupport_fastrtps_c.h
[9.138s] -- Installing: /home/pavan/MY_ROS_WS/install/my_robot_interfaces/include/my_robot_interfaces/my_robot_interfaces/srv/detail/custm_rectangle__rosidl_typesupport_fastrtps_c.h
[9.138s] -- Installing: /home/pavan/MY_ROS_WS/install/my_robot_interfaces/lib/libmy_robot_interfaces__rosidl_typesupport_fastrtps_c.so
[9.139s] -- Set runtime path of "/home/pavan/MY_ROS_WS/install/my_robot_interfaces/lib/libmy_robot_interfaces__rosidl_typesupport_fastrtps_c.so" to ""
[9.139s] -- Up-to-date: /home/pavan/MY_ROS_WS/install/my_robot_interfaces/include/my_robot_interfaces/my_robot_interfaces
[9.139s] -- Up-to-date: /home/pavan/MY_ROS_WS/install/my_robot_interfaces/include/my_robot_interfaces/my_robot_interfaces/msg
[9.139s] -- Up-to-date: /home/pavan/MY_ROS_WS/install/my_robot_interfaces/include/my_robot_interfaces/my_robot_interfaces/msg/rosidl_typesupport_introspection_c__visibility_control.h
[9.139s] -- Up-to-date: /home/pavan/MY_ROS_WS/install/my_robot_interfaces/include/my_robot_interfaces/my_robot_interfaces/msg/detail
[9.139s] -- Installing: /home/pavan/MY_ROS_WS/install/my_robot_interfaces/include/my_robot_interfaces/my_robot_interfaces/msg/detail/hardware_status__type_support.c
[9.140s] -- Installing: /home/pavan/MY_ROS_WS/install/my_robot_interfaces/include/my_robot_interfaces/my_robot_interfaces/msg/detail/led_states__type_support.c
[9.142s] -- Installing: /home/pavan/MY_ROS_WS/install/my_robot_interfaces/include/my_robot_interfaces/my_robot_interfaces/msg/detail/hardware_status__rosidl_typesupport_introspection_c.h
[9.142s] -- Installing: /home/pavan/MY_ROS_WS/install/my_robot_interfaces/include/my_robot_interfaces/my_robot_interfaces/msg/detail/led_states__rosidl_typesupport_introspection_c.h
[9.142s] -- Up-to-date: /home/pavan/MY_ROS_WS/install/my_robot_interfaces/include/my_robot_interfaces/my_robot_interfaces/srv
[9.142s] -- Up-to-date: /home/pavan/MY_ROS_WS/install/my_robot_interfaces/include/my_robot_interfaces/my_robot_interfaces/srv/detail
[9.142s] -- Installing: /home/pavan/MY_ROS_WS/install/my_robot_interfaces/include/my_robot_interfaces/my_robot_interfaces/srv/detail/custm_rectangle__rosidl_typesupport_introspection_c.h
[9.142s] -- Installing: /home/pavan/MY_ROS_WS/install/my_robot_interfaces/include/my_robot_interfaces/my_robot_interfaces/srv/detail/custm_rectangle__type_support.c
[9.143s] -- Installing: /home/pavan/MY_ROS_WS/install/my_robot_interfaces/include/my_robot_interfaces/my_robot_interfaces/srv/detail/set_led__rosidl_typesupport_introspection_c.h
[9.143s] -- Installing: /home/pavan/MY_ROS_WS/install/my_robot_interfaces/include/my_robot_interfaces/my_robot_interfaces/srv/detail/set_led__type_support.c
[9.143s] -- Installing: /home/pavan/MY_ROS_WS/install/my_robot_interfaces/lib/libmy_robot_interfaces__rosidl_typesupport_introspection_c.so
[9.143s] -- Set runtime path of "/home/pavan/MY_ROS_WS/install/my_robot_interfaces/lib/libmy_robot_interfaces__rosidl_typesupport_introspection_c.so" to ""
[9.143s] -- Installing: /home/pavan/MY_ROS_WS/install/my_robot_interfaces/lib/libmy_robot_interfaces__rosidl_typesupport_c.so
[9.143s] -- Set runtime path of "/home/pavan/MY_ROS_WS/install/my_robot_interfaces/lib/libmy_robot_interfaces__rosidl_typesupport_c.so" to ""
[9.143s] -- Up-to-date: /home/pavan/MY_ROS_WS/install/my_robot_interfaces/include/my_robot_interfaces/my_robot_interfaces
[9.143s] -- Up-to-date: /home/pavan/MY_ROS_WS/install/my_robot_interfaces/include/my_robot_interfaces/my_robot_interfaces/msg
[9.144s] -- Installing: /home/pavan/MY_ROS_WS/install/my_robot_interfaces/include/my_robot_interfaces/my_robot_interfaces/msg/hardware_status.hpp
[9.144s] -- Up-to-date: /home/pavan/MY_ROS_WS/install/my_robot_interfaces/include/my_robot_interfaces/my_robot_interfaces/msg/detail
[9.144s] -- Installing: /home/pavan/MY_ROS_WS/install/my_robot_interfaces/include/my_robot_interfaces/my_robot_interfaces/msg/detail/hardware_status__struct.hpp
[9.144s] -- Installing: /home/pavan/MY_ROS_WS/install/my_robot_interfaces/include/my_robot_interfaces/my_robot_interfaces/msg/detail/led_states__struct.hpp
[9.144s] -- Installing: /home/pavan/MY_ROS_WS/install/my_robot_interfaces/include/my_robot_interfaces/my_robot_interfaces/msg/detail/hardware_status__traits.hpp
[9.144s] -- Installing: /home/pavan/MY_ROS_WS/install/my_robot_interfaces/include/my_robot_interfaces/my_robot_interfaces/msg/detail/hardware_status__builder.hpp
[9.144s] -- Installing: /home/pavan/MY_ROS_WS/install/my_robot_interfaces/include/my_robot_interfaces/my_robot_interfaces/msg/detail/led_states__type_support.hpp
[9.145s] -- Installing: /home/pavan/MY_ROS_WS/install/my_robot_interfaces/include/my_robot_interfaces/my_robot_interfaces/msg/detail/led_states__traits.hpp
[9.145s] -- Installing: /home/pavan/MY_ROS_WS/install/my_robot_interfaces/include/my_robot_interfaces/my_robot_interfaces/msg/detail/led_states__builder.hpp
[9.145s] -- Installing: /home/pavan/MY_ROS_WS/install/my_robot_interfaces/include/my_robot_interfaces/my_robot_interfaces/msg/detail/hardware_status__type_support.hpp
[9.145s] -- Up-to-date: /home/pavan/MY_ROS_WS/install/my_robot_interfaces/include/my_robot_interfaces/my_robot_interfaces/msg/rosidl_generator_cpp__visibility_control.hpp
[9.145s] -- Installing: /home/pavan/MY_ROS_WS/install/my_robot_interfaces/include/my_robot_interfaces/my_robot_interfaces/msg/led_states.hpp
[9.145s] -- Up-to-date: /home/pavan/MY_ROS_WS/install/my_robot_interfaces/include/my_robot_interfaces/my_robot_interfaces/srv
[9.145s] -- Installing: /home/pavan/MY_ROS_WS/install/my_robot_interfaces/include/my_robot_interfaces/my_robot_interfaces/srv/set_led.hpp
[9.145s] -- Installing: /home/pavan/MY_ROS_WS/install/my_robot_interfaces/include/my_robot_interfaces/my_robot_interfaces/srv/custm_rectangle.hpp
[9.146s] -- Up-to-date: /home/pavan/MY_ROS_WS/install/my_robot_interfaces/include/my_robot_interfaces/my_robot_interfaces/srv/detail
[9.146s] -- Installing: /home/pavan/MY_ROS_WS/install/my_robot_interfaces/include/my_robot_interfaces/my_robot_interfaces/srv/detail/set_led__builder.hpp
[9.146s] -- Installing: /home/pavan/MY_ROS_WS/install/my_robot_interfaces/include/my_robot_interfaces/my_robot_interfaces/srv/detail/set_led__type_support.hpp
[9.146s] -- Installing: /home/pavan/MY_ROS_WS/install/my_robot_interfaces/include/my_robot_interfaces/my_robot_interfaces/srv/detail/set_led__struct.hpp
[9.146s] -- Installing: /home/pavan/MY_ROS_WS/install/my_robot_interfaces/include/my_robot_interfaces/my_robot_interfaces/srv/detail/custm_rectangle__traits.hpp
[9.146s] -- Installing: /home/pavan/MY_ROS_WS/install/my_robot_interfaces/include/my_robot_interfaces/my_robot_interfaces/srv/detail/custm_rectangle__struct.hpp
[9.146s] -- Installing: /home/pavan/MY_ROS_WS/install/my_robot_interfaces/include/my_robot_interfaces/my_robot_interfaces/srv/detail/set_led__traits.hpp
[9.147s] -- Installing: /home/pavan/MY_ROS_WS/install/my_robot_interfaces/include/my_robot_interfaces/my_robot_interfaces/srv/detail/custm_rectangle__builder.hpp
[9.147s] -- Installing: /home/pavan/MY_ROS_WS/install/my_robot_interfaces/include/my_robot_interfaces/my_robot_interfaces/srv/detail/custm_rectangle__type_support.hpp
[9.147s] -- Up-to-date: /home/pavan/MY_ROS_WS/install/my_robot_interfaces/include/my_robot_interfaces/my_robot_interfaces
[9.147s] -- Up-to-date: /home/pavan/MY_ROS_WS/install/my_robot_interfaces/include/my_robot_interfaces/my_robot_interfaces/msg
[9.147s] -- Up-to-date: /home/pavan/MY_ROS_WS/install/my_robot_interfaces/include/my_robot_interfaces/my_robot_interfaces/msg/detail
[9.147s] -- Installing: /home/pavan/MY_ROS_WS/install/my_robot_interfaces/include/my_robot_interfaces/my_robot_interfaces/msg/detail/led_states__rosidl_typesupport_fastrtps_cpp.hpp
[9.147s] -- Up-to-date: /home/pavan/MY_ROS_WS/install/my_robot_interfaces/include/my_robot_interfaces/my_robot_interfaces/msg/detail/dds_fastrtps
[9.147s] -- Installing: /home/pavan/MY_ROS_WS/install/my_robot_interfaces/include/my_robot_interfaces/my_robot_interfaces/msg/detail/hardware_status__rosidl_typesupport_fastrtps_cpp.hpp
[9.148s] -- Up-to-date: /home/pavan/MY_ROS_WS/install/my_robot_interfaces/include/my_robot_interfaces/my_robot_interfaces/msg/rosidl_typesupport_fastrtps_cpp__visibility_control.h
[9.148s] -- Up-to-date: /home/pavan/MY_ROS_WS/install/my_robot_interfaces/include/my_robot_interfaces/my_robot_interfaces/srv
[9.148s] -- Up-to-date: /home/pavan/MY_ROS_WS/install/my_robot_interfaces/include/my_robot_interfaces/my_robot_interfaces/srv/detail
[9.148s] -- Installing: /home/pavan/MY_ROS_WS/install/my_robot_interfaces/include/my_robot_interfaces/my_robot_interfaces/srv/detail/custm_rectangle__rosidl_typesupport_fastrtps_cpp.hpp
[9.148s] -- Up-to-date: /home/pavan/MY_ROS_WS/install/my_robot_interfaces/include/my_robot_interfaces/my_robot_interfaces/srv/detail/dds_fastrtps
[9.148s] -- Installing: /home/pavan/MY_ROS_WS/install/my_robot_interfaces/include/my_robot_interfaces/my_robot_interfaces/srv/detail/set_led__rosidl_typesupport_fastrtps_cpp.hpp
[9.148s] -- Installing: /home/pavan/MY_ROS_WS/install/my_robot_interfaces/lib/libmy_robot_interfaces__rosidl_typesupport_fastrtps_cpp.so
[9.148s] -- Set runtime path of "/home/pavan/MY_ROS_WS/install/my_robot_interfaces/lib/libmy_robot_interfaces__rosidl_typesupport_fastrtps_cpp.so" to ""
[9.149s] -- Up-to-date: /home/pavan/MY_ROS_WS/install/my_robot_interfaces/include/my_robot_interfaces/my_robot_interfaces
[9.149s] -- Up-to-date: /home/pavan/MY_ROS_WS/install/my_robot_interfaces/include/my_robot_interfaces/my_robot_interfaces/msg
[9.149s] -- Up-to-date: /home/pavan/MY_ROS_WS/install/my_robot_interfaces/include/my_robot_interfaces/my_robot_interfaces/msg/detail
[9.149s] -- Installing: /home/pavan/MY_ROS_WS/install/my_robot_interfaces/include/my_robot_interfaces/my_robot_interfaces/msg/detail/led_states__type_support.cpp
[9.149s] -- Installing: /home/pavan/MY_ROS_WS/install/my_robot_interfaces/include/my_robot_interfaces/my_robot_interfaces/msg/detail/led_states__rosidl_typesupport_introspection_cpp.hpp
[9.149s] -- Installing: /home/pavan/MY_ROS_WS/install/my_robot_interfaces/include/my_robot_interfaces/my_robot_interfaces/msg/detail/hardware_status__rosidl_typesupport_introspection_cpp.hpp
[9.149s] -- Installing: /home/pavan/MY_ROS_WS/install/my_robot_interfaces/include/my_robot_interfaces/my_robot_interfaces/msg/detail/hardware_status__type_support.cpp
[9.150s] -- Up-to-date: /home/pavan/MY_ROS_WS/install/my_robot_interfaces/include/my_robot_interfaces/my_robot_interfaces/srv
[9.150s] -- Up-to-date: /home/pavan/MY_ROS_WS/install/my_robot_interfaces/include/my_robot_interfaces/my_robot_interfaces/srv/detail
[9.150s] -- Installing: /home/pavan/MY_ROS_WS/install/my_robot_interfaces/include/my_robot_interfaces/my_robot_interfaces/srv/detail/custm_rectangle__type_support.cpp
[9.150s] -- Installing: /home/pavan/MY_ROS_WS/install/my_robot_interfaces/include/my_robot_interfaces/my_robot_interfaces/srv/detail/custm_rectangle__rosidl_typesupport_introspection_cpp.hpp
[9.150s] -- Installing: /home/pavan/MY_ROS_WS/install/my_robot_interfaces/include/my_robot_interfaces/my_robot_interfaces/srv/detail/set_led__rosidl_typesupport_introspection_cpp.hpp
[9.150s] -- Installing: /home/pavan/MY_ROS_WS/install/my_robot_interfaces/include/my_robot_interfaces/my_robot_interfaces/srv/detail/set_led__type_support.cpp
[9.150s] -- Installing: /home/pavan/MY_ROS_WS/install/my_robot_interfaces/lib/libmy_robot_interfaces__rosidl_typesupport_introspection_cpp.so
[9.150s] -- Set runtime path of "/home/pavan/MY_ROS_WS/install/my_robot_interfaces/lib/libmy_robot_interfaces__rosidl_typesupport_introspection_cpp.so" to ""
[9.151s] -- Installing: /home/pavan/MY_ROS_WS/install/my_robot_interfaces/lib/libmy_robot_interfaces__rosidl_typesupport_cpp.so
[9.151s] -- Set runtime path of "/home/pavan/MY_ROS_WS/install/my_robot_interfaces/lib/libmy_robot_interfaces__rosidl_typesupport_cpp.so" to ""
[9.151s] -- Up-to-date: /home/pavan/MY_ROS_WS/install/my_robot_interfaces/share/my_robot_interfaces/environment/pythonpath.sh
[9.151s] -- Installing: /home/pavan/MY_ROS_WS/install/my_robot_interfaces/share/my_robot_interfaces/environment/pythonpath.dsv
[9.152s] -- Up-to-date: /home/pavan/MY_ROS_WS/install/my_robot_interfaces/local/lib/python3.10/dist-packages/my_robot_interfaces-0.0.0-py3.10.egg-info
[9.152s] -- Installing: /home/pavan/MY_ROS_WS/install/my_robot_interfaces/local/lib/python3.10/dist-packages/my_robot_interfaces-0.0.0-py3.10.egg-info/dependency_links.txt
[9.152s] -- Installing: /home/pavan/MY_ROS_WS/install/my_robot_interfaces/local/lib/python3.10/dist-packages/my_robot_interfaces-0.0.0-py3.10.egg-info/top_level.txt
[9.152s] -- Installing: /home/pavan/MY_ROS_WS/install/my_robot_interfaces/local/lib/python3.10/dist-packages/my_robot_interfaces-0.0.0-py3.10.egg-info/SOURCES.txt
[9.152s] -- Installing: /home/pavan/MY_ROS_WS/install/my_robot_interfaces/local/lib/python3.10/dist-packages/my_robot_interfaces-0.0.0-py3.10.egg-info/PKG-INFO
[9.152s] -- Up-to-date: /home/pavan/MY_ROS_WS/install/my_robot_interfaces/local/lib/python3.10/dist-packages/my_robot_interfaces
[9.152s] -- Up-to-date: /home/pavan/MY_ROS_WS/install/my_robot_interfaces/local/lib/python3.10/dist-packages/my_robot_interfaces/msg
[9.153s] -- Installing: /home/pavan/MY_ROS_WS/install/my_robot_interfaces/local/lib/python3.10/dist-packages/my_robot_interfaces/msg/_hardware_status_s.c
[9.153s] -- Installing: /home/pavan/MY_ROS_WS/install/my_robot_interfaces/local/lib/python3.10/dist-packages/my_robot_interfaces/msg/__init__.py
[9.153s] -- Installing: /home/pavan/MY_ROS_WS/install/my_robot_interfaces/local/lib/python3.10/dist-packages/my_robot_interfaces/msg/_hardware_status.py
[9.153s] -- Installing: /home/pavan/MY_ROS_WS/install/my_robot_interfaces/local/lib/python3.10/dist-packages/my_robot_interfaces/msg/_led_states.py
[9.153s] -- Installing: /home/pavan/MY_ROS_WS/install/my_robot_interfaces/local/lib/python3.10/dist-packages/my_robot_interfaces/msg/_led_states_s.c
[9.153s] -- Installing: /home/pavan/MY_ROS_WS/install/my_robot_interfaces/local/lib/python3.10/dist-packages/my_robot_interfaces/__init__.py
[9.154s] -- Installing: /home/pavan/MY_ROS_WS/install/my_robot_interfaces/local/lib/python3.10/dist-packages/my_robot_interfaces/my_robot_interfaces_s__rosidl_typesupport_fastrtps_c.cpython-310-x86_64-linux-gnu.so
[9.154s] -- Installing: /home/pavan/MY_ROS_WS/install/my_robot_interfaces/local/lib/python3.10/dist-packages/my_robot_interfaces/_my_robot_interfaces_s.ep.rosidl_typesupport_introspection_c.c
[9.154s] -- Installing: /home/pavan/MY_ROS_WS/install/my_robot_interfaces/local/lib/python3.10/dist-packages/my_robot_interfaces/my_robot_interfaces_s__rosidl_typesupport_c.cpython-310-x86_64-linux-gnu.so
[9.154s] -- Installing: /home/pavan/MY_ROS_WS/install/my_robot_interfaces/local/lib/python3.10/dist-packages/my_robot_interfaces/_my_robot_interfaces_s.ep.rosidl_typesupport_fastrtps_c.c
[9.154s] -- Installing: /home/pavan/MY_ROS_WS/install/my_robot_interfaces/local/lib/python3.10/dist-packages/my_robot_interfaces/my_robot_interfaces_s__rosidl_typesupport_introspection_c.cpython-310-x86_64-linux-gnu.so
[9.154s] -- Installing: /home/pavan/MY_ROS_WS/install/my_robot_interfaces/local/lib/python3.10/dist-packages/my_robot_interfaces/_my_robot_interfaces_s.ep.rosidl_typesupport_c.c
[9.155s] -- Up-to-date: /home/pavan/MY_ROS_WS/install/my_robot_interfaces/local/lib/python3.10/dist-packages/my_robot_interfaces/srv
[9.155s] -- Installing: /home/pavan/MY_ROS_WS/install/my_robot_interfaces/local/lib/python3.10/dist-packages/my_robot_interfaces/srv/_custm_rectangle.py
[9.155s] -- Installing: /home/pavan/MY_ROS_WS/install/my_robot_interfaces/local/lib/python3.10/dist-packages/my_robot_interfaces/srv/__init__.py
[9.155s] -- Installing: /home/pavan/MY_ROS_WS/install/my_robot_interfaces/local/lib/python3.10/dist-packages/my_robot_interfaces/srv/_set_led_s.c
[9.155s] -- Installing: /home/pavan/MY_ROS_WS/install/my_robot_interfaces/local/lib/python3.10/dist-packages/my_robot_interfaces/srv/_custm_rectangle_s.c
[9.155s] -- Installing: /home/pavan/MY_ROS_WS/install/my_robot_interfaces/local/lib/python3.10/dist-packages/my_robot_interfaces/srv/_set_led.py
[9.156s] -- Installing: /home/pavan/MY_ROS_WS/install/my_robot_interfaces/local/lib/python3.10/dist-packages/my_robot_interfaces/libmy_robot_interfaces__rosidl_generator_py.so
[9.269s] Listing '/home/pavan/MY_ROS_WS/install/my_robot_interfaces/local/lib/python3.10/dist-packages/my_robot_interfaces'...
[9.269s] Compiling '/home/pavan/MY_ROS_WS/install/my_robot_interfaces/local/lib/python3.10/dist-packages/my_robot_interfaces/__init__.py'...
[9.269s] Listing '/home/pavan/MY_ROS_WS/install/my_robot_interfaces/local/lib/python3.10/dist-packages/my_robot_interfaces/msg'...
[9.270s] Compiling '/home/pavan/MY_ROS_WS/install/my_robot_interfaces/local/lib/python3.10/dist-packages/my_robot_interfaces/msg/__init__.py'...
[9.270s] Compiling '/home/pavan/MY_ROS_WS/install/my_robot_interfaces/local/lib/python3.10/dist-packages/my_robot_interfaces/msg/_hardware_status.py'...
[9.270s] Compiling '/home/pavan/MY_ROS_WS/install/my_robot_interfaces/local/lib/python3.10/dist-packages/my_robot_interfaces/msg/_led_states.py'...
[9.270s] Listing '/home/pavan/MY_ROS_WS/install/my_robot_interfaces/local/lib/python3.10/dist-packages/my_robot_interfaces/srv'...
[9.270s] Compiling '/home/pavan/MY_ROS_WS/install/my_robot_interfaces/local/lib/python3.10/dist-packages/my_robot_interfaces/srv/__init__.py'...
[9.270s] Compiling '/home/pavan/MY_ROS_WS/install/my_robot_interfaces/local/lib/python3.10/dist-packages/my_robot_interfaces/srv/_custm_rectangle.py'...
[9.270s] Compiling '/home/pavan/MY_ROS_WS/install/my_robot_interfaces/local/lib/python3.10/dist-packages/my_robot_interfaces/srv/_set_led.py'...
[9.276s] -- Installing: /home/pavan/MY_ROS_WS/install/my_robot_interfaces/local/lib/python3.10/dist-packages/my_robot_interfaces/my_robot_interfaces_s__rosidl_typesupport_fastrtps_c.cpython-310-x86_64-linux-gnu.so
[9.277s] -- Set runtime path of "/home/pavan/MY_ROS_WS/install/my_robot_interfaces/local/lib/python3.10/dist-packages/my_robot_interfaces/my_robot_interfaces_s__rosidl_typesupport_fastrtps_c.cpython-310-x86_64-linux-gnu.so" to ""
[9.277s] -- Installing: /home/pavan/MY_ROS_WS/install/my_robot_interfaces/local/lib/python3.10/dist-packages/my_robot_interfaces/my_robot_interfaces_s__rosidl_typesupport_introspection_c.cpython-310-x86_64-linux-gnu.so
[9.277s] -- Set runtime path of "/home/pavan/MY_ROS_WS/install/my_robot_interfaces/local/lib/python3.10/dist-packages/my_robot_interfaces/my_robot_interfaces_s__rosidl_typesupport_introspection_c.cpython-310-x86_64-linux-gnu.so" to ""
[9.277s] -- Installing: /home/pavan/MY_ROS_WS/install/my_robot_interfaces/local/lib/python3.10/dist-packages/my_robot_interfaces/my_robot_interfaces_s__rosidl_typesupport_c.cpython-310-x86_64-linux-gnu.so
[9.277s] -- Set runtime path of "/home/pavan/MY_ROS_WS/install/my_robot_interfaces/local/lib/python3.10/dist-packages/my_robot_interfaces/my_robot_interfaces_s__rosidl_typesupport_c.cpython-310-x86_64-linux-gnu.so" to ""
[9.278s] -- Installing: /home/pavan/MY_ROS_WS/install/my_robot_interfaces/lib/libmy_robot_interfaces__rosidl_generator_py.so
[9.278s] -- Set runtime path of "/home/pavan/MY_ROS_WS/install/my_robot_interfaces/lib/libmy_robot_interfaces__rosidl_generator_py.so" to ""
[9.278s] -- Up-to-date: /home/pavan/MY_ROS_WS/install/my_robot_interfaces/share/my_robot_interfaces/msg/HardwareStatus.idl
[9.278s] -- Up-to-date: /home/pavan/MY_ROS_WS/install/my_robot_interfaces/share/my_robot_interfaces/srv/CustmRectangle.idl
[9.279s] -- Up-to-date: /home/pavan/MY_ROS_WS/install/my_robot_interfaces/share/my_robot_interfaces/msg/LedStates.idl
[9.279s] -- Installing: /home/pavan/MY_ROS_WS/install/my_robot_interfaces/share/my_robot_interfaces/srv/SetLed.idl
[9.279s] -- Up-to-date: /home/pavan/MY_ROS_WS/install/my_robot_interfaces/share/my_robot_interfaces/msg/HardwareStatus.msg
[9.279s] -- Up-to-date: /home/pavan/MY_ROS_WS/install/my_robot_interfaces/share/my_robot_interfaces/srv/CustmRectangle.srv
[9.279s] -- Up-to-date: /home/pavan/MY_ROS_WS/install/my_robot_interfaces/share/my_robot_interfaces/srv/CustmRectangle_Request.msg
[9.279s] -- Up-to-date: /home/pavan/MY_ROS_WS/install/my_robot_interfaces/share/my_robot_interfaces/srv/CustmRectangle_Response.msg
[9.279s] -- Up-to-date: /home/pavan/MY_ROS_WS/install/my_robot_interfaces/share/my_robot_interfaces/msg/LedStates.msg
[9.279s] -- Installing: /home/pavan/MY_ROS_WS/install/my_robot_interfaces/share/my_robot_interfaces/srv/SetLed.srv
[9.280s] -- Installing: /home/pavan/MY_ROS_WS/install/my_robot_interfaces/share/my_robot_interfaces/srv/SetLed_Request.msg
[9.280s] -- Up-to-date: /home/pavan/MY_ROS_WS/install/my_robot_interfaces/share/my_robot_interfaces/srv/SetLed_Response.msg
[9.280s] -- Up-to-date: /home/pavan/MY_ROS_WS/install/my_robot_interfaces/share/ament_index/resource_index/package_run_dependencies/my_robot_interfaces
[9.280s] -- Up-to-date: /home/pavan/MY_ROS_WS/install/my_robot_interfaces/share/ament_index/resource_index/parent_prefix_path/my_robot_interfaces
[9.280s] -- Up-to-date: /home/pavan/MY_ROS_WS/install/my_robot_interfaces/share/my_robot_interfaces/environment/ament_prefix_path.sh
[9.280s] -- Installing: /home/pavan/MY_ROS_WS/install/my_robot_interfaces/share/my_robot_interfaces/environment/ament_prefix_path.dsv
[9.280s] -- Up-to-date: /home/pavan/MY_ROS_WS/install/my_robot_interfaces/share/my_robot_interfaces/environment/path.sh
[9.281s] -- Installing: /home/pavan/MY_ROS_WS/install/my_robot_interfaces/share/my_robot_interfaces/environment/path.dsv
[9.281s] -- Up-to-date: /home/pavan/MY_ROS_WS/install/my_robot_interfaces/share/my_robot_interfaces/local_setup.bash
[9.281s] -- Up-to-date: /home/pavan/MY_ROS_WS/install/my_robot_interfaces/share/my_robot_interfaces/local_setup.sh
[9.281s] -- Up-to-date: /home/pavan/MY_ROS_WS/install/my_robot_interfaces/share/my_robot_interfaces/local_setup.zsh
[9.281s] -- Installing: /home/pavan/MY_ROS_WS/install/my_robot_interfaces/share/my_robot_interfaces/local_setup.dsv
[9.281s] -- Installing: /home/pavan/MY_ROS_WS/install/my_robot_interfaces/share/my_robot_interfaces/package.dsv
[9.282s] -- Up-to-date: /home/pavan/MY_ROS_WS/install/my_robot_interfaces/share/ament_index/resource_index/packages/my_robot_interfaces
[9.282s] -- Up-to-date: /home/pavan/MY_ROS_WS/install/my_robot_interfaces/share/my_robot_interfaces/cmake/export_my_robot_interfaces__rosidl_generator_cExport.cmake
[9.282s] -- Up-to-date: /home/pavan/MY_ROS_WS/install/my_robot_interfaces/share/my_robot_interfaces/cmake/export_my_robot_interfaces__rosidl_generator_cExport-noconfig.cmake
[9.282s] -- Up-to-date: /home/pavan/MY_ROS_WS/install/my_robot_interfaces/share/my_robot_interfaces/cmake/export_my_robot_interfaces__rosidl_typesupport_fastrtps_cExport.cmake
[9.282s] -- Up-to-date: /home/pavan/MY_ROS_WS/install/my_robot_interfaces/share/my_robot_interfaces/cmake/export_my_robot_interfaces__rosidl_typesupport_fastrtps_cExport-noconfig.cmake
[9.282s] -- Up-to-date: /home/pavan/MY_ROS_WS/install/my_robot_interfaces/share/my_robot_interfaces/cmake/my_robot_interfaces__rosidl_typesupport_introspection_cExport.cmake
[9.282s] -- Up-to-date: /home/pavan/MY_ROS_WS/install/my_robot_interfaces/share/my_robot_interfaces/cmake/my_robot_interfaces__rosidl_typesupport_introspection_cExport-noconfig.cmake
[9.283s] -- Up-to-date: /home/pavan/MY_ROS_WS/install/my_robot_interfaces/share/my_robot_interfaces/cmake/my_robot_interfaces__rosidl_typesupport_cExport.cmake
[9.283s] -- Up-to-date: /home/pavan/MY_ROS_WS/install/my_robot_interfaces/share/my_robot_interfaces/cmake/my_robot_interfaces__rosidl_typesupport_cExport-noconfig.cmake
[9.283s] -- Up-to-date: /home/pavan/MY_ROS_WS/install/my_robot_interfaces/share/my_robot_interfaces/cmake/export_my_robot_interfaces__rosidl_generator_cppExport.cmake
[9.283s] -- Up-to-date: /home/pavan/MY_ROS_WS/install/my_robot_interfaces/share/my_robot_interfaces/cmake/export_my_robot_interfaces__rosidl_typesupport_fastrtps_cppExport.cmake
[9.283s] -- Up-to-date: /home/pavan/MY_ROS_WS/install/my_robot_interfaces/share/my_robot_interfaces/cmake/export_my_robot_interfaces__rosidl_typesupport_fastrtps_cppExport-noconfig.cmake
[9.283s] -- Up-to-date: /home/pavan/MY_ROS_WS/install/my_robot_interfaces/share/my_robot_interfaces/cmake/my_robot_interfaces__rosidl_typesupport_introspection_cppExport.cmake
[9.283s] -- Up-to-date: /home/pavan/MY_ROS_WS/install/my_robot_interfaces/share/my_robot_interfaces/cmake/my_robot_interfaces__rosidl_typesupport_introspection_cppExport-noconfig.cmake
[9.283s] -- Up-to-date: /home/pavan/MY_ROS_WS/install/my_robot_interfaces/share/my_robot_interfaces/cmake/my_robot_interfaces__rosidl_typesupport_cppExport.cmake
[9.283s] -- Up-to-date: /home/pavan/MY_ROS_WS/install/my_robot_interfaces/share/my_robot_interfaces/cmake/my_robot_interfaces__rosidl_typesupport_cppExport-noconfig.cmake
[9.284s] -- Up-to-date: /home/pavan/MY_ROS_WS/install/my_robot_interfaces/share/my_robot_interfaces/cmake/export_my_robot_interfaces__rosidl_generator_pyExport.cmake
[9.284s] -- Up-to-date: /home/pavan/MY_ROS_WS/install/my_robot_interfaces/share/my_robot_interfaces/cmake/export_my_robot_interfaces__rosidl_generator_pyExport-noconfig.cmake
[9.284s] -- Up-to-date: /home/pavan/MY_ROS_WS/install/my_robot_interfaces/share/my_robot_interfaces/cmake/rosidl_cmake-extras.cmake
[9.284s] -- Up-to-date: /home/pavan/MY_ROS_WS/install/my_robot_interfaces/share/my_robot_interfaces/cmake/ament_cmake_export_include_directories-extras.cmake
[9.284s] -- Up-to-date: /home/pavan/MY_ROS_WS/install/my_robot_interfaces/share/my_robot_interfaces/cmake/ament_cmake_export_libraries-extras.cmake
[9.284s] -- Up-to-date: /home/pavan/MY_ROS_WS/install/my_robot_interfaces/share/my_robot_interfaces/cmake/ament_cmake_export_targets-extras.cmake
[9.284s] -- Up-to-date: /home/pavan/MY_ROS_WS/install/my_robot_interfaces/share/my_robot_interfaces/cmake/rosidl_cmake_export_typesupport_targets-extras.cmake
[9.284s] -- Up-to-date: /home/pavan/MY_ROS_WS/install/my_robot_interfaces/share/my_robot_interfaces/cmake/ament_cmake_export_dependencies-extras.cmake
[9.284s] -- Up-to-date: /home/pavan/MY_ROS_WS/install/my_robot_interfaces/share/my_robot_interfaces/cmake/rosidl_cmake_export_typesupport_libraries-extras.cmake
[9.284s] -- Up-to-date: /home/pavan/MY_ROS_WS/install/my_robot_interfaces/share/my_robot_interfaces/cmake/my_robot_interfacesConfig.cmake
[9.284s] -- Up-to-date: /home/pavan/MY_ROS_WS/install/my_robot_interfaces/share/my_robot_interfaces/cmake/my_robot_interfacesConfig-version.cmake
[9.285s] -- Up-to-date: /home/pavan/MY_ROS_WS/install/my_robot_interfaces/share/my_robot_interfaces/package.xml
[9.286s] Invoked command in '/home/pavan/MY_ROS_WS/build/my_robot_interfaces' returned '0': CMAKE_PREFIX_PATH=${CMAKE_PREFIX_PATH}:/opt/ros/humble /usr/bin/cmake --install /home/pavan/MY_ROS_WS/build/my_robot_interfaces
