-- Found ament_cmake: 1.3.11 (/opt/ros/humble/share/ament_cmake/cmake)
-- Found rclcpp: 16.0.11 (/opt/ros/humble/share/rclcpp/cmake)
-- Found rosidl_generator_c: 3.1.6 (/opt/ros/humble/share/rosidl_generator_c/cmake)
-- Found rosidl_adapter: 3.1.6 (/opt/ros/humble/share/rosidl_adapter/cmake)
-- Found rosidl_generator_cpp: 3.1.6 (/opt/ros/humble/share/rosidl_generator_cpp/cmake)
-- Using all available rosidl_typesupport_c: rosidl_typesupport_fastrtps_c;rosidl_typesupport_introspection_c
-- Using all available rosidl_typesupport_cpp: rosidl_typesupport_fastrtps_cpp;rosidl_typesupport_introspection_cpp
-- Found rmw_implementation_cmake: 6.1.2 (/opt/ros/humble/share/rmw_implementation_cmake/cmake)
-- Found rmw_fastrtps_cpp: 6.2.7 (/opt/ros/humble/share/rmw_fastrtps_cpp/cmake)
-- Using RMW implementation 'rmw_fastrtps_cpp' as default
-- Found example_interfaces: 0.9.3 (/opt/ros/humble/share/example_interfaces/cmake)
-- Found my_robot_interfaces: 0.0.0 (/home/pavan/MY_ROS_WS/install/my_robot_interfaces/share/my_robot_interfaces/cmake)
-- Configuring done
-- Generating done
-- Build files have been written to: /home/pavan/MY_ROS_WS/build/my_cpp_pkg
[ 50%] [32mBuilding CXX object CMakeFiles/Led_panel_node.dir/src/Activity_0004/LED_Panel_node.cpp.o[0m
[ 50%] [32mBuilding CXX object CMakeFiles/Battery_node.dir/src/Activity_0004/Battery_node.cpp.o[0m
[01m[K/home/pavan/MY_ROS_WS/src/my_cpp_pkg/src/Activity_0004/Battery_node.cpp:[m[K In constructor ‘[01m[Kcli_node::cli_node()[m[K’:
[01m[K/home/pavan/MY_ROS_WS/src/my_cpp_pkg/src/Activity_0004/Battery_node.cpp:26:100:[m[K [01;31m[Kerror: [m[Klvalue required as unary ‘[01m[K&[m[K’ operand
   26 | wall_timer(std::chrono::seconds(1), std::bind(&[01;31m[Kcli_node::callback()[m[K, this));
      |                                                [01;31m[K~~~~~~~~~~~~~~~~~~^~[m[K

[01m[K/home/pavan/MY_ROS_WS/src/my_cpp_pkg/src/Activity_0004/LED_Panel_node.cpp:[m[K In member function ‘[01m[Kvoid Server_node::callBackAddTwoInts(my_robot_interfaces::srv::SetLed_Request_<std::allocator<void> >::SharedPtr, my_robot_interfaces::srv::SetLed_Response_<std::allocator<void> >::SharedPtr)[m[K’:
[01m[K/home/pavan/MY_ROS_WS/src/my_cpp_pkg/src/Activity_0004/LED_Panel_node.cpp:15:89:[m[K [01;35m[Kwarning: [m[Kunused parameter ‘[01m[Kresponse[m[K’ [[01;35m[K]8;;https://gcc.gnu.org/onlinedocs/gcc/Warning-Options.html#index-Wunused-parameter-Wunused-parameter]8;;[m[K]
   15 |                             [01;35m[Kconst my_robot_interfaces::srv::SetLed::Response::SharedPtr response[m[K)
      |                             [01;35m[K~~~~~~~~~~~~~~~~~~~~~~~~~~~~~~~~~~~~~~~~~~~~~~~~~~~~~~~~~~~~^~~~~~~~[m[K
gmake[2]: *** [CMakeFiles/Battery_node.dir/build.make:76: CMakeFiles/Battery_node.dir/src/Activity_0004/Battery_node.cpp.o] Error 1
gmake[1]: *** [CMakeFiles/Makefile2:139: CMakeFiles/Battery_node.dir/all] Error 2
gmake[1]: *** Waiting for unfinished jobs....
[ 75%] [32m[1mLinking CXX executable Led_panel_node[0m
[ 75%] Built target Led_panel_node
gmake: *** [Makefile:146: all] Error 2
