[0.108s] DEBUG:colcon:Command line arguments: ['/usr/bin/colcon', 'build', '--packages-select', 'my_cpp_pkg']
[0.108s] DEBUG:colcon:Parsed command line arguments: Namespace(log_base=None, log_level=None, verb_name='build', build_base='build', install_base='install', merge_install=False, symlink_install=False, test_result_base=None, continue_on_error=False, executor='parallel', parallel_workers=8, event_handlers=None, ignore_user_meta=False, metas=['./colcon.meta'], base_paths=['.'], packages_ignore=None, packages_ignore_regex=None, paths=None, packages_up_to=None, packages_up_to_regex=None, packages_above=None, packages_above_and_dependencies=None, packages_above_depth=None, packages_select_by_dep=None, packages_skip_by_dep=None, packages_skip_up_to=None, packages_select_build_failed=False, packages_skip_build_finished=False, packages_select_test_failures=False, packages_skip_test_passed=False, packages_select=['my_cpp_pkg'], packages_skip=None, packages_select_regex=None, packages_skip_regex=None, packages_start=None, packages_end=None, allow_overriding=[], cmake_args=None, cmake_target=None, cmake_target_skip_unavailable=False, cmake_clean_cache=False, cmake_clean_first=False, cmake_force_configure=False, ament_cmake_args=None, catkin_cmake_args=None, catkin_skip_building_tests=False, verb_parser=<colcon_defaults.argument_parser.defaults.DefaultArgumentsDecorator object at 0x7d510bd404f0>, verb_extension=<colcon_core.verb.build.BuildVerb object at 0x7d510bd0fee0>, main=<bound method BuildVerb.main of <colcon_core.verb.build.BuildVerb object at 0x7d510bd0fee0>>)
[0.263s] Level 1:colcon.colcon_core.package_discovery:discover_packages(colcon_meta) check parameters
[0.263s] Level 1:colcon.colcon_core.package_discovery:discover_packages(recursive) check parameters
[0.263s] Level 1:colcon.colcon_core.package_discovery:discover_packages(ignore) check parameters
[0.263s] Level 1:colcon.colcon_core.package_discovery:discover_packages(path) check parameters
[0.263s] Level 1:colcon.colcon_core.package_discovery:discover_packages(colcon_meta) discover
[0.263s] Level 1:colcon.colcon_core.package_discovery:discover_packages(recursive) discover
[0.264s] INFO:colcon.colcon_core.package_discovery:Crawling recursively for packages in '/home/pavan/MY_ROS_WS'
[0.264s] Level 1:colcon.colcon_core.package_identification:_identify(.) by extensions ['ignore', 'ignore_ament_install']
[0.264s] Level 1:colcon.colcon_core.package_identification:_identify(.) by extension 'ignore'
[0.264s] Level 1:colcon.colcon_core.package_identification:_identify(.) by extension 'ignore_ament_install'
[0.264s] Level 1:colcon.colcon_core.package_identification:_identify(.) by extensions ['colcon_pkg']
[0.264s] Level 1:colcon.colcon_core.package_identification:_identify(.) by extension 'colcon_pkg'
[0.264s] Level 1:colcon.colcon_core.package_identification:_identify(.) by extensions ['colcon_meta']
[0.264s] Level 1:colcon.colcon_core.package_identification:_identify(.) by extension 'colcon_meta'
[0.264s] Level 1:colcon.colcon_core.package_identification:_identify(.) by extensions ['ros']
[0.264s] Level 1:colcon.colcon_core.package_identification:_identify(.) by extension 'ros'
[0.275s] Level 1:colcon.colcon_core.package_identification:_identify(.) by extensions ['cmake', 'python']
[0.275s] Level 1:colcon.colcon_core.package_identification:_identify(.) by extension 'cmake'
[0.275s] Level 1:colcon.colcon_core.package_identification:_identify(.) by extension 'python'
[0.275s] Level 1:colcon.colcon_core.package_identification:_identify(.) by extensions ['python_setup_py']
[0.275s] Level 1:colcon.colcon_core.package_identification:_identify(.) by extension 'python_setup_py'
[0.275s] Level 1:colcon.colcon_core.package_identification:_identify(build) by extensions ['ignore', 'ignore_ament_install']
[0.275s] Level 1:colcon.colcon_core.package_identification:_identify(build) by extension 'ignore'
[0.276s] Level 1:colcon.colcon_core.package_identification:_identify(build) ignored
[0.276s] Level 1:colcon.colcon_core.package_identification:_identify(install) by extensions ['ignore', 'ignore_ament_install']
[0.276s] Level 1:colcon.colcon_core.package_identification:_identify(install) by extension 'ignore'
[0.276s] Level 1:colcon.colcon_core.package_identification:_identify(install) ignored
[0.276s] Level 1:colcon.colcon_core.package_identification:_identify(log) by extensions ['ignore', 'ignore_ament_install']
[0.276s] Level 1:colcon.colcon_core.package_identification:_identify(log) by extension 'ignore'
[0.276s] Level 1:colcon.colcon_core.package_identification:_identify(log) ignored
[0.276s] Level 1:colcon.colcon_core.package_identification:_identify(src) by extensions ['ignore', 'ignore_ament_install']
[0.276s] Level 1:colcon.colcon_core.package_identification:_identify(src) by extension 'ignore'
[0.276s] Level 1:colcon.colcon_core.package_identification:_identify(src) by extension 'ignore_ament_install'
[0.276s] Level 1:colcon.colcon_core.package_identification:_identify(src) by extensions ['colcon_pkg']
[0.277s] Level 1:colcon.colcon_core.package_identification:_identify(src) by extension 'colcon_pkg'
[0.277s] Level 1:colcon.colcon_core.package_identification:_identify(src) by extensions ['colcon_meta']
[0.277s] Level 1:colcon.colcon_core.package_identification:_identify(src) by extension 'colcon_meta'
[0.277s] Level 1:colcon.colcon_core.package_identification:_identify(src) by extensions ['ros']
[0.277s] Level 1:colcon.colcon_core.package_identification:_identify(src) by extension 'ros'
[0.277s] Level 1:colcon.colcon_core.package_identification:_identify(src) by extensions ['cmake', 'python']
[0.277s] Level 1:colcon.colcon_core.package_identification:_identify(src) by extension 'cmake'
[0.277s] Level 1:colcon.colcon_core.package_identification:_identify(src) by extension 'python'
[0.277s] Level 1:colcon.colcon_core.package_identification:_identify(src) by extensions ['python_setup_py']
[0.277s] Level 1:colcon.colcon_core.package_identification:_identify(src) by extension 'python_setup_py'
[0.277s] Level 1:colcon.colcon_core.package_identification:_identify(src/my_cpp_pkg) by extensions ['ignore', 'ignore_ament_install']
[0.277s] Level 1:colcon.colcon_core.package_identification:_identify(src/my_cpp_pkg) by extension 'ignore'
[0.277s] Level 1:colcon.colcon_core.package_identification:_identify(src/my_cpp_pkg) by extension 'ignore_ament_install'
[0.277s] Level 1:colcon.colcon_core.package_identification:_identify(src/my_cpp_pkg) by extensions ['colcon_pkg']
[0.277s] Level 1:colcon.colcon_core.package_identification:_identify(src/my_cpp_pkg) by extension 'colcon_pkg'
[0.277s] Level 1:colcon.colcon_core.package_identification:_identify(src/my_cpp_pkg) by extensions ['colcon_meta']
[0.277s] Level 1:colcon.colcon_core.package_identification:_identify(src/my_cpp_pkg) by extension 'colcon_meta'
[0.277s] Level 1:colcon.colcon_core.package_identification:_identify(src/my_cpp_pkg) by extensions ['ros']
[0.277s] Level 1:colcon.colcon_core.package_identification:_identify(src/my_cpp_pkg) by extension 'ros'
[0.280s] DEBUG:colcon.colcon_core.package_identification:Package 'src/my_cpp_pkg' with type 'ros.ament_cmake' and name 'my_cpp_pkg'
[0.280s] Level 1:colcon.colcon_core.package_identification:_identify(src/my_robot_interfaces) by extensions ['ignore', 'ignore_ament_install']
[0.280s] Level 1:colcon.colcon_core.package_identification:_identify(src/my_robot_interfaces) by extension 'ignore'
[0.281s] Level 1:colcon.colcon_core.package_identification:_identify(src/my_robot_interfaces) by extension 'ignore_ament_install'
[0.281s] Level 1:colcon.colcon_core.package_identification:_identify(src/my_robot_interfaces) by extensions ['colcon_pkg']
[0.281s] Level 1:colcon.colcon_core.package_identification:_identify(src/my_robot_interfaces) by extension 'colcon_pkg'
[0.281s] Level 1:colcon.colcon_core.package_identification:_identify(src/my_robot_interfaces) by extensions ['colcon_meta']
[0.281s] Level 1:colcon.colcon_core.package_identification:_identify(src/my_robot_interfaces) by extension 'colcon_meta'
[0.281s] Level 1:colcon.colcon_core.package_identification:_identify(src/my_robot_interfaces) by extensions ['ros']
[0.281s] Level 1:colcon.colcon_core.package_identification:_identify(src/my_robot_interfaces) by extension 'ros'
[0.281s] DEBUG:colcon.colcon_core.package_identification:Package 'src/my_robot_interfaces' with type 'ros.ament_cmake' and name 'my_robot_interfaces'
[0.282s] Level 1:colcon.colcon_core.package_discovery:discover_packages(recursive) using defaults
[0.282s] Level 1:colcon.colcon_core.package_discovery:discover_packages(ignore) discover
[0.282s] Level 1:colcon.colcon_core.package_discovery:discover_packages(ignore) using defaults
[0.282s] Level 1:colcon.colcon_core.package_discovery:discover_packages(path) discover
[0.282s] Level 1:colcon.colcon_core.package_discovery:discover_packages(path) using defaults
[0.300s] INFO:colcon.colcon_core.package_selection:Skipping not selected package 'my_robot_interfaces' in 'src/my_robot_interfaces'
[0.300s] Level 1:colcon.colcon_core.package_discovery:discover_packages(prefix_path) check parameters
[0.300s] Level 1:colcon.colcon_core.package_discovery:discover_packages(prefix_path) discover
[0.302s] DEBUG:colcon.colcon_installed_package_information.package_discovery:Found 2 installed packages in /home/pavan/MY_ROS_WS/install
[0.303s] DEBUG:colcon.colcon_installed_package_information.package_discovery:Found 270 installed packages in /opt/ros/humble
[0.306s] Level 1:colcon.colcon_core.package_discovery:discover_packages(prefix_path) using defaults
[0.354s] Level 5:colcon.colcon_core.verb:set package 'my_cpp_pkg' build argument 'cmake_args' from command line to 'None'
[0.354s] Level 5:colcon.colcon_core.verb:set package 'my_cpp_pkg' build argument 'cmake_target' from command line to 'None'
[0.354s] Level 5:colcon.colcon_core.verb:set package 'my_cpp_pkg' build argument 'cmake_target_skip_unavailable' from command line to 'False'
[0.354s] Level 5:colcon.colcon_core.verb:set package 'my_cpp_pkg' build argument 'cmake_clean_cache' from command line to 'False'
[0.354s] Level 5:colcon.colcon_core.verb:set package 'my_cpp_pkg' build argument 'cmake_clean_first' from command line to 'False'
[0.354s] Level 5:colcon.colcon_core.verb:set package 'my_cpp_pkg' build argument 'cmake_force_configure' from command line to 'False'
[0.354s] Level 5:colcon.colcon_core.verb:set package 'my_cpp_pkg' build argument 'ament_cmake_args' from command line to 'None'
[0.354s] Level 5:colcon.colcon_core.verb:set package 'my_cpp_pkg' build argument 'catkin_cmake_args' from command line to 'None'
[0.354s] Level 5:colcon.colcon_core.verb:set package 'my_cpp_pkg' build argument 'catkin_skip_building_tests' from command line to 'False'
[0.354s] DEBUG:colcon.colcon_core.verb:Building package 'my_cpp_pkg' with the following arguments: {'ament_cmake_args': None, 'build_base': '/home/pavan/MY_ROS_WS/build/my_cpp_pkg', 'catkin_cmake_args': None, 'catkin_skip_building_tests': False, 'cmake_args': None, 'cmake_clean_cache': False, 'cmake_clean_first': False, 'cmake_force_configure': False, 'cmake_target': None, 'cmake_target_skip_unavailable': False, 'install_base': '/home/pavan/MY_ROS_WS/install/my_cpp_pkg', 'merge_install': False, 'path': '/home/pavan/MY_ROS_WS/src/my_cpp_pkg', 'symlink_install': False, 'test_result_base': None}
[0.355s] INFO:colcon.colcon_core.executor:Executing jobs using 'parallel' executor
[0.356s] DEBUG:colcon.colcon_parallel_executor.executor.parallel:run_until_complete
[0.356s] INFO:colcon.colcon_ros.task.ament_cmake.build:Building ROS package in '/home/pavan/MY_ROS_WS/src/my_cpp_pkg' with build type 'ament_cmake'
[0.356s] INFO:colcon.colcon_cmake.task.cmake.build:Building CMake package in '/home/pavan/MY_ROS_WS/src/my_cpp_pkg'
[0.358s] INFO:colcon.colcon_core.plugin_system:Skipping extension 'colcon_core.shell.bat': Not used on non-Windows systems
[0.358s] INFO:colcon.colcon_core.shell:Skip shell extension 'powershell' for command environment: Not usable outside of PowerShell
[0.358s] DEBUG:colcon.colcon_core.shell:Skip shell extension 'dsv' for command environment
[0.370s] DEBUG:colcon.colcon_core.event_handler.log_command:Invoking command in '/home/pavan/MY_ROS_WS/build/my_cpp_pkg': CMAKE_PREFIX_PATH=/home/pavan/MY_ROS_WS/install/my_robot_interfaces:/home/pavan/MY_ROS_WS/install/my_cpp_pkg:/opt/ros/humble /usr/bin/cmake --build /home/pavan/MY_ROS_WS/build/my_cpp_pkg -- -j8 -l8
[5.145s] DEBUG:colcon.colcon_core.event_handler.log_command:Invoked command in '/home/pavan/MY_ROS_WS/build/my_cpp_pkg' returned '0': CMAKE_PREFIX_PATH=/home/pavan/MY_ROS_WS/install/my_robot_interfaces:/home/pavan/MY_ROS_WS/install/my_cpp_pkg:/opt/ros/humble /usr/bin/cmake --build /home/pavan/MY_ROS_WS/build/my_cpp_pkg -- -j8 -l8
[5.153s] DEBUG:colcon.colcon_core.event_handler.log_command:Invoking command in '/home/pavan/MY_ROS_WS/build/my_cpp_pkg': CMAKE_PREFIX_PATH=/home/pavan/MY_ROS_WS/install/my_robot_interfaces:/home/pavan/MY_ROS_WS/install/my_cpp_pkg:/opt/ros/humble /usr/bin/cmake --install /home/pavan/MY_ROS_WS/build/my_cpp_pkg
[5.163s] Level 1:colcon.colcon_core.environment:create_environment_scripts_only(my_cpp_pkg)
[5.164s] DEBUG:colcon.colcon_core.event_handler.log_command:Invoked command in '/home/pavan/MY_ROS_WS/build/my_cpp_pkg' returned '0': CMAKE_PREFIX_PATH=/home/pavan/MY_ROS_WS/install/my_robot_interfaces:/home/pavan/MY_ROS_WS/install/my_cpp_pkg:/opt/ros/humble /usr/bin/cmake --install /home/pavan/MY_ROS_WS/build/my_cpp_pkg
[5.166s] Level 1:colcon.colcon_core.environment:checking '/home/pavan/MY_ROS_WS/install/my_cpp_pkg' for CMake module files
[5.166s] Level 1:colcon.colcon_core.environment:checking '/home/pavan/MY_ROS_WS/install/my_cpp_pkg' for CMake config files
[5.167s] Level 1:colcon.colcon_core.shell:create_environment_hook('my_cpp_pkg', 'cmake_prefix_path')
[5.167s] INFO:colcon.colcon_core.shell:Creating environment hook '/home/pavan/MY_ROS_WS/install/my_cpp_pkg/share/my_cpp_pkg/hook/cmake_prefix_path.ps1'
[5.167s] INFO:colcon.colcon_core.shell:Creating environment descriptor '/home/pavan/MY_ROS_WS/install/my_cpp_pkg/share/my_cpp_pkg/hook/cmake_prefix_path.dsv'
[5.168s] INFO:colcon.colcon_core.shell:Creating environment hook '/home/pavan/MY_ROS_WS/install/my_cpp_pkg/share/my_cpp_pkg/hook/cmake_prefix_path.sh'
[5.169s] Level 1:colcon.colcon_core.environment:checking '/home/pavan/MY_ROS_WS/install/my_cpp_pkg/lib'
[5.169s] Level 1:colcon.colcon_core.environment:checking '/home/pavan/MY_ROS_WS/install/my_cpp_pkg/bin'
[5.169s] Level 1:colcon.colcon_core.environment:checking '/home/pavan/MY_ROS_WS/install/my_cpp_pkg/lib/pkgconfig/my_cpp_pkg.pc'
[5.169s] Level 1:colcon.colcon_core.environment:checking '/home/pavan/MY_ROS_WS/install/my_cpp_pkg/lib/python3.10/site-packages'
[5.170s] Level 1:colcon.colcon_core.environment:checking '/home/pavan/MY_ROS_WS/install/my_cpp_pkg/bin'
[5.170s] INFO:colcon.colcon_core.shell:Creating package script '/home/pavan/MY_ROS_WS/install/my_cpp_pkg/share/my_cpp_pkg/package.ps1'
[5.171s] INFO:colcon.colcon_core.shell:Creating package descriptor '/home/pavan/MY_ROS_WS/install/my_cpp_pkg/share/my_cpp_pkg/package.dsv'
[5.171s] INFO:colcon.colcon_core.shell:Creating package script '/home/pavan/MY_ROS_WS/install/my_cpp_pkg/share/my_cpp_pkg/package.sh'
[5.172s] INFO:colcon.colcon_core.shell:Creating package script '/home/pavan/MY_ROS_WS/install/my_cpp_pkg/share/my_cpp_pkg/package.bash'
[5.173s] INFO:colcon.colcon_core.shell:Creating package script '/home/pavan/MY_ROS_WS/install/my_cpp_pkg/share/my_cpp_pkg/package.zsh'
[5.174s] Level 1:colcon.colcon_core.environment:create_file_with_runtime_dependencies(/home/pavan/MY_ROS_WS/install/my_cpp_pkg/share/colcon-core/packages/my_cpp_pkg)
[5.174s] Level 1:colcon.colcon_core.environment:create_environment_scripts_only(my_cpp_pkg)
[5.175s] Level 1:colcon.colcon_core.environment:checking '/home/pavan/MY_ROS_WS/install/my_cpp_pkg' for CMake module files
[5.175s] Level 1:colcon.colcon_core.environment:checking '/home/pavan/MY_ROS_WS/install/my_cpp_pkg' for CMake config files
[5.176s] Level 1:colcon.colcon_core.shell:create_environment_hook('my_cpp_pkg', 'cmake_prefix_path')
[5.176s] INFO:colcon.colcon_core.shell:Creating environment hook '/home/pavan/MY_ROS_WS/install/my_cpp_pkg/share/my_cpp_pkg/hook/cmake_prefix_path.ps1'
[5.191s] INFO:colcon.colcon_core.shell:Creating environment descriptor '/home/pavan/MY_ROS_WS/install/my_cpp_pkg/share/my_cpp_pkg/hook/cmake_prefix_path.dsv'
[5.192s] INFO:colcon.colcon_core.shell:Creating environment hook '/home/pavan/MY_ROS_WS/install/my_cpp_pkg/share/my_cpp_pkg/hook/cmake_prefix_path.sh'
[5.192s] Level 1:colcon.colcon_core.environment:checking '/home/pavan/MY_ROS_WS/install/my_cpp_pkg/lib'
[5.193s] Level 1:colcon.colcon_core.environment:checking '/home/pavan/MY_ROS_WS/install/my_cpp_pkg/bin'
[5.193s] Level 1:colcon.colcon_core.environment:checking '/home/pavan/MY_ROS_WS/install/my_cpp_pkg/lib/pkgconfig/my_cpp_pkg.pc'
[5.193s] Level 1:colcon.colcon_core.environment:checking '/home/pavan/MY_ROS_WS/install/my_cpp_pkg/lib/python3.10/site-packages'
[5.193s] Level 1:colcon.colcon_core.environment:checking '/home/pavan/MY_ROS_WS/install/my_cpp_pkg/bin'
[5.193s] INFO:colcon.colcon_core.shell:Creating package script '/home/pavan/MY_ROS_WS/install/my_cpp_pkg/share/my_cpp_pkg/package.ps1'
[5.194s] INFO:colcon.colcon_core.shell:Creating package descriptor '/home/pavan/MY_ROS_WS/install/my_cpp_pkg/share/my_cpp_pkg/package.dsv'
[5.194s] INFO:colcon.colcon_core.shell:Creating package script '/home/pavan/MY_ROS_WS/install/my_cpp_pkg/share/my_cpp_pkg/package.sh'
[5.195s] INFO:colcon.colcon_core.shell:Creating package script '/home/pavan/MY_ROS_WS/install/my_cpp_pkg/share/my_cpp_pkg/package.bash'
[5.195s] INFO:colcon.colcon_core.shell:Creating package script '/home/pavan/MY_ROS_WS/install/my_cpp_pkg/share/my_cpp_pkg/package.zsh'
[5.196s] Level 1:colcon.colcon_core.environment:create_file_with_runtime_dependencies(/home/pavan/MY_ROS_WS/install/my_cpp_pkg/share/colcon-core/packages/my_cpp_pkg)
[5.196s] DEBUG:colcon.colcon_parallel_executor.executor.parallel:closing loop
[5.196s] DEBUG:colcon.colcon_parallel_executor.executor.parallel:loop closed
[5.197s] DEBUG:colcon.colcon_parallel_executor.executor.parallel:run_until_complete finished with '0'
[5.197s] DEBUG:colcon.colcon_core.event_reactor:joining thread
[5.205s] INFO:colcon.colcon_core.plugin_system:Skipping extension 'colcon_notification.desktop_notification.terminal_notifier': Not used on non-Darwin systems
[5.205s] INFO:colcon.colcon_core.plugin_system:Skipping extension 'colcon_notification.desktop_notification.win32': Not used on non-Windows systems
[5.206s] INFO:colcon.colcon_notification.desktop_notification:Sending desktop notification using 'notify2'
[5.220s] DEBUG:colcon.colcon_core.event_reactor:joined thread
[5.220s] INFO:colcon.colcon_core.shell:Creating prefix script '/home/pavan/MY_ROS_WS/install/local_setup.ps1'
[5.223s] INFO:colcon.colcon_core.shell:Creating prefix util module '/home/pavan/MY_ROS_WS/install/_local_setup_util_ps1.py'
[5.227s] INFO:colcon.colcon_core.shell:Creating prefix chain script '/home/pavan/MY_ROS_WS/install/setup.ps1'
[5.229s] INFO:colcon.colcon_core.shell:Creating prefix script '/home/pavan/MY_ROS_WS/install/local_setup.sh'
[5.230s] INFO:colcon.colcon_core.shell:Creating prefix util module '/home/pavan/MY_ROS_WS/install/_local_setup_util_sh.py'
[5.230s] INFO:colcon.colcon_core.shell:Creating prefix chain script '/home/pavan/MY_ROS_WS/install/setup.sh'
[5.232s] INFO:colcon.colcon_core.shell:Creating prefix script '/home/pavan/MY_ROS_WS/install/local_setup.bash'
[5.233s] INFO:colcon.colcon_core.shell:Creating prefix chain script '/home/pavan/MY_ROS_WS/install/setup.bash'
[5.235s] INFO:colcon.colcon_core.shell:Creating prefix script '/home/pavan/MY_ROS_WS/install/local_setup.zsh'
[5.236s] INFO:colcon.colcon_core.shell:Creating prefix chain script '/home/pavan/MY_ROS_WS/install/setup.zsh'
