[0.009s] Invoking command in '/home/pavan/MY_ROS_WS/build/my_robot_interfaces': CMAKE_PREFIX_PATH=${CMAKE_PREFIX_PATH}:/opt/ros/humble /usr/bin/cmake /home/pavan/MY_ROS_WS/src/my_robot_interfaces -DCMAKE_INSTALL_PREFIX=/home/pavan/MY_ROS_WS/install/my_robot_interfaces
[0.020s] -- Found ament_cmake: 1.3.10 (/opt/ros/humble/share/ament_cmake/cmake)
[0.134s] -- Found rosidl_default_generators: 1.2.0 (/opt/ros/humble/share/rosidl_default_generators/cmake)
[0.136s] -- Using all available rosidl_typesupport_c: rosidl_typesupport_fastrtps_c;rosidl_typesupport_introspection_c
[0.139s] -- Found rosidl_adapter: 3.1.5 (/opt/ros/humble/share/rosidl_adapter/cmake)
[0.167s] -- Using all available rosidl_typesupport_cpp: rosidl_typesupport_fastrtps_cpp;rosidl_typesupport_introspection_cpp
[0.481s] -- Found ament_cmake_ros: 0.10.0 (/opt/ros/humble/share/ament_cmake_ros/cmake)
[0.766s] -- Using all available rosidl_typesupport_c: rosidl_typesupport_fastrtps_c;rosidl_typesupport_introspection_c
[1.055s] -- Using all available rosidl_typesupport_cpp: rosidl_typesupport_fastrtps_cpp;rosidl_typesupport_introspection_cpp
[1.095s] -- Found PythonInterp: /usr/bin/python3 (found suitable version "3.10.12", minimum required is "3.6") 
[1.115s] -- Found python_cmake_module: 0.10.0 (/opt/ros/humble/share/python_cmake_module/cmake)
[1.197s] -- Found PythonLibs: /usr/lib/x86_64-linux-gnu/libpython3.10.so (found suitable version "3.10.12", minimum required is "3.5") 
[1.197s] -- Using PYTHON_EXECUTABLE: /usr/bin/python3
[1.197s] -- Using PYTHON_INCLUDE_DIRS: /usr/include/python3.10
[1.197s] -- Using PYTHON_LIBRARIES: /usr/lib/x86_64-linux-gnu/libpython3.10.so
[1.246s] -- Found PythonExtra: .so  
[1.329s] -- Configuring done
[1.368s] -- Generating done
[1.377s] -- Build files have been written to: /home/pavan/MY_ROS_WS/build/my_robot_interfaces
[1.382s] Invoked command in '/home/pavan/MY_ROS_WS/build/my_robot_interfaces' returned '0': CMAKE_PREFIX_PATH=${CMAKE_PREFIX_PATH}:/opt/ros/humble /usr/bin/cmake /home/pavan/MY_ROS_WS/src/my_robot_interfaces -DCMAKE_INSTALL_PREFIX=/home/pavan/MY_ROS_WS/install/my_robot_interfaces
[1.383s] Invoking command in '/home/pavan/MY_ROS_WS/build/my_robot_interfaces': CMAKE_PREFIX_PATH=${CMAKE_PREFIX_PATH}:/opt/ros/humble /usr/bin/cmake --build /home/pavan/MY_ROS_WS/build/my_robot_interfaces -- -j8 -l8
[1.413s] [  3%] [34m[1mGenerating C code for ROS interfaces[0m
[1.421s] [  6%] [34m[1mGenerating C++ code for ROS interfaces[0m
[1.430s] [  6%] Built target ament_cmake_python_copy_my_robot_interfaces
[1.688s] [  6%] Built target my_robot_interfaces__cpp
[1.697s] [ 12%] [34m[1mGenerating C++ type support for eProsima Fast-RTPS[0m
[1.697s] [ 12%] [34m[1mGenerating C++ type support dispatch for ROS interfaces[0m
[1.698s] [ 16%] [34m[1mGenerating C++ introspection for ROS interfaces[0m
[1.701s] [ 19%] [32mBuilding C object CMakeFiles/my_robot_interfaces__rosidl_generator_c.dir/rosidl_generator_c/my_robot_interfaces/msg/detail/hardware_status__functions.c.o[0m
[1.727s] running egg_info
[1.728s] creating my_robot_interfaces.egg-info
[1.729s] writing my_robot_interfaces.egg-info/PKG-INFO
[1.729s] writing dependency_links to my_robot_interfaces.egg-info/dependency_links.txt
[1.729s] writing top-level names to my_robot_interfaces.egg-info/top_level.txt
[1.729s] writing manifest file 'my_robot_interfaces.egg-info/SOURCES.txt'
[1.795s] reading manifest file 'my_robot_interfaces.egg-info/SOURCES.txt'
[1.796s] writing manifest file 'my_robot_interfaces.egg-info/SOURCES.txt'
[1.828s] [ 19%] Built target ament_cmake_python_build_my_robot_interfaces_egg
[1.926s] [ 22%] [32mBuilding CXX object CMakeFiles/my_robot_interfaces__rosidl_typesupport_cpp.dir/rosidl_typesupport_cpp/my_robot_interfaces/msg/hardware_status__type_support.cpp.o[0m
[1.977s] [ 25%] [32mBuilding CXX object CMakeFiles/my_robot_interfaces__rosidl_typesupport_introspection_cpp.dir/rosidl_typesupport_introspection_cpp/my_robot_interfaces/msg/detail/hardware_status__type_support.cpp.o[0m
[1.992s] [ 29%] [32mBuilding CXX object CMakeFiles/my_robot_interfaces__rosidl_typesupport_fastrtps_cpp.dir/rosidl_typesupport_fastrtps_cpp/my_robot_interfaces/msg/detail/dds_fastrtps/hardware_status__type_support.cpp.o[0m
[2.310s] [ 32%] [32m[1mLinking C shared library libmy_robot_interfaces__rosidl_generator_c.so[0m
[2.358s] [ 32%] Built target my_robot_interfaces__rosidl_generator_c
[2.367s] [ 41%] [34m[1mGenerating C type support for eProsima Fast-RTPS[0m
[2.367s] [ 41%] [34m[1mGenerating C type support dispatch for ROS interfaces[0m
[2.367s] [ 41%] [34m[1mGenerating C introspection for ROS interfaces[0m
[2.684s] [ 45%] [32mBuilding CXX object CMakeFiles/my_robot_interfaces__rosidl_typesupport_c.dir/rosidl_typesupport_c/my_robot_interfaces/msg/hardware_status__type_support.cpp.o[0m
[2.753s] [ 48%] [32mBuilding C object CMakeFiles/my_robot_interfaces__rosidl_typesupport_introspection_c.dir/rosidl_typesupport_introspection_c/my_robot_interfaces/msg/detail/hardware_status__type_support.c.o[0m
[2.758s] [ 51%] [32mBuilding CXX object CMakeFiles/my_robot_interfaces__rosidl_typesupport_fastrtps_c.dir/rosidl_typesupport_fastrtps_c/my_robot_interfaces/msg/detail/hardware_status__type_support_c.cpp.o[0m
[2.777s] [ 54%] [32m[1mLinking CXX shared library libmy_robot_interfaces__rosidl_typesupport_c.so[0m
[2.807s] [ 58%] [32m[1mLinking C shared library libmy_robot_interfaces__rosidl_typesupport_introspection_c.so[0m
[2.837s] [ 58%] Built target my_robot_interfaces__rosidl_typesupport_c
[2.843s] [ 58%] Built target my_robot_interfaces__rosidl_typesupport_introspection_c
[2.927s] [ 61%] [32m[1mLinking CXX shared library libmy_robot_interfaces__rosidl_typesupport_cpp.so[0m
[2.973s] [ 61%] Built target my_robot_interfaces__rosidl_typesupport_cpp
[3.070s] [ 64%] [32m[1mLinking CXX shared library libmy_robot_interfaces__rosidl_typesupport_introspection_cpp.so[0m
[3.130s] [ 64%] Built target my_robot_interfaces__rosidl_typesupport_introspection_cpp
[3.152s] [ 67%] [32m[1mLinking CXX shared library libmy_robot_interfaces__rosidl_typesupport_fastrtps_cpp.so[0m
[3.167s] [ 70%] [32m[1mLinking CXX shared library libmy_robot_interfaces__rosidl_typesupport_fastrtps_c.so[0m
[3.275s] [ 70%] Built target my_robot_interfaces__rosidl_typesupport_fastrtps_cpp
[3.275s] [ 70%] Built target my_robot_interfaces__rosidl_typesupport_fastrtps_c
[3.299s] [ 70%] Built target my_robot_interfaces
[3.323s] [ 74%] [34m[1mGenerating Python code for ROS interfaces[0m
[3.606s] [ 74%] Built target my_robot_interfaces__py
[3.622s] [ 77%] [32mBuilding C object CMakeFiles/my_robot_interfaces__rosidl_generator_py.dir/rosidl_generator_py/my_robot_interfaces/msg/_hardware_status_s.c.o[0m
[4.198s] [ 80%] [32m[1mLinking C shared library rosidl_generator_py/my_robot_interfaces/libmy_robot_interfaces__rosidl_generator_py.so[0m
[4.230s] [ 80%] Built target my_robot_interfaces__rosidl_generator_py
[4.248s] [ 87%] [32mBuilding C object CMakeFiles/my_robot_interfaces__rosidl_typesupport_fastrtps_c__pyext.dir/rosidl_generator_py/my_robot_interfaces/_my_robot_interfaces_s.ep.rosidl_typesupport_fastrtps_c.c.o[0m
[4.248s] [ 87%] [32mBuilding C object CMakeFiles/my_robot_interfaces__rosidl_typesupport_c__pyext.dir/rosidl_generator_py/my_robot_interfaces/_my_robot_interfaces_s.ep.rosidl_typesupport_c.c.o[0m
[4.249s] [ 90%] [32mBuilding C object CMakeFiles/my_robot_interfaces__rosidl_typesupport_introspection_c__pyext.dir/rosidl_generator_py/my_robot_interfaces/_my_robot_interfaces_s.ep.rosidl_typesupport_introspection_c.c.o[0m
[4.328s] [ 93%] [32m[1mLinking C shared library rosidl_generator_py/my_robot_interfaces/my_robot_interfaces_s__rosidl_typesupport_c.cpython-310-x86_64-linux-gnu.so[0m
[4.329s] [ 96%] [32m[1mLinking C shared library rosidl_generator_py/my_robot_interfaces/my_robot_interfaces_s__rosidl_typesupport_introspection_c.cpython-310-x86_64-linux-gnu.so[0m
[4.330s] [100%] [32m[1mLinking C shared library rosidl_generator_py/my_robot_interfaces/my_robot_interfaces_s__rosidl_typesupport_fastrtps_c.cpython-310-x86_64-linux-gnu.so[0m
[4.359s] [100%] Built target my_robot_interfaces__rosidl_typesupport_fastrtps_c__pyext
[4.359s] [100%] Built target my_robot_interfaces__rosidl_typesupport_c__pyext
[4.359s] [100%] Built target my_robot_interfaces__rosidl_typesupport_introspection_c__pyext
[4.368s] Invoked command in '/home/pavan/MY_ROS_WS/build/my_robot_interfaces' returned '0': CMAKE_PREFIX_PATH=${CMAKE_PREFIX_PATH}:/opt/ros/humble /usr/bin/cmake --build /home/pavan/MY_ROS_WS/build/my_robot_interfaces -- -j8 -l8
[4.377s] Invoking command in '/home/pavan/MY_ROS_WS/build/my_robot_interfaces': CMAKE_PREFIX_PATH=${CMAKE_PREFIX_PATH}:/opt/ros/humble /usr/bin/cmake --install /home/pavan/MY_ROS_WS/build/my_robot_interfaces
[4.383s] -- Install configuration: ""
[4.383s] -- Installing: /home/pavan/MY_ROS_WS/install/my_robot_interfaces/share/ament_index/resource_index/rosidl_interfaces/my_robot_interfaces
[4.384s] -- Installing: /home/pavan/MY_ROS_WS/install/my_robot_interfaces/include/my_robot_interfaces/my_robot_interfaces
[4.384s] -- Installing: /home/pavan/MY_ROS_WS/install/my_robot_interfaces/include/my_robot_interfaces/my_robot_interfaces/msg
[4.384s] -- Installing: /home/pavan/MY_ROS_WS/install/my_robot_interfaces/include/my_robot_interfaces/my_robot_interfaces/msg/hardware_status.h
[4.384s] -- Installing: /home/pavan/MY_ROS_WS/install/my_robot_interfaces/include/my_robot_interfaces/my_robot_interfaces/msg/detail
[4.384s] -- Installing: /home/pavan/MY_ROS_WS/install/my_robot_interfaces/include/my_robot_interfaces/my_robot_interfaces/msg/detail/hardware_status__functions.h
[4.384s] -- Installing: /home/pavan/MY_ROS_WS/install/my_robot_interfaces/include/my_robot_interfaces/my_robot_interfaces/msg/detail/hardware_status__functions.c
[4.385s] -- Installing: /home/pavan/MY_ROS_WS/install/my_robot_interfaces/include/my_robot_interfaces/my_robot_interfaces/msg/detail/hardware_status__struct.h
[4.385s] -- Installing: /home/pavan/MY_ROS_WS/install/my_robot_interfaces/include/my_robot_interfaces/my_robot_interfaces/msg/detail/hardware_status__type_support.h
[4.385s] -- Installing: /home/pavan/MY_ROS_WS/install/my_robot_interfaces/include/my_robot_interfaces/my_robot_interfaces/msg/rosidl_generator_c__visibility_control.h
[4.385s] -- Installing: /home/pavan/MY_ROS_WS/install/my_robot_interfaces/share/my_robot_interfaces/environment/library_path.sh
[4.385s] -- Installing: /home/pavan/MY_ROS_WS/install/my_robot_interfaces/share/my_robot_interfaces/environment/library_path.dsv
[4.385s] -- Installing: /home/pavan/MY_ROS_WS/install/my_robot_interfaces/lib/libmy_robot_interfaces__rosidl_generator_c.so
[4.385s] -- Set runtime path of "/home/pavan/MY_ROS_WS/install/my_robot_interfaces/lib/libmy_robot_interfaces__rosidl_generator_c.so" to ""
[4.385s] -- Up-to-date: /home/pavan/MY_ROS_WS/install/my_robot_interfaces/include/my_robot_interfaces/my_robot_interfaces
[4.386s] -- Up-to-date: /home/pavan/MY_ROS_WS/install/my_robot_interfaces/include/my_robot_interfaces/my_robot_interfaces/msg
[4.386s] -- Installing: /home/pavan/MY_ROS_WS/install/my_robot_interfaces/include/my_robot_interfaces/my_robot_interfaces/msg/rosidl_typesupport_fastrtps_c__visibility_control.h
[4.386s] -- Up-to-date: /home/pavan/MY_ROS_WS/install/my_robot_interfaces/include/my_robot_interfaces/my_robot_interfaces/msg/detail
[4.386s] -- Installing: /home/pavan/MY_ROS_WS/install/my_robot_interfaces/include/my_robot_interfaces/my_robot_interfaces/msg/detail/hardware_status__rosidl_typesupport_fastrtps_c.h
[4.386s] -- Installing: /home/pavan/MY_ROS_WS/install/my_robot_interfaces/lib/libmy_robot_interfaces__rosidl_typesupport_fastrtps_c.so
[4.386s] -- Set runtime path of "/home/pavan/MY_ROS_WS/install/my_robot_interfaces/lib/libmy_robot_interfaces__rosidl_typesupport_fastrtps_c.so" to ""
[4.386s] -- Up-to-date: /home/pavan/MY_ROS_WS/install/my_robot_interfaces/include/my_robot_interfaces/my_robot_interfaces
[4.386s] -- Up-to-date: /home/pavan/MY_ROS_WS/install/my_robot_interfaces/include/my_robot_interfaces/my_robot_interfaces/msg
[4.387s] -- Installing: /home/pavan/MY_ROS_WS/install/my_robot_interfaces/include/my_robot_interfaces/my_robot_interfaces/msg/rosidl_typesupport_introspection_c__visibility_control.h
[4.387s] -- Up-to-date: /home/pavan/MY_ROS_WS/install/my_robot_interfaces/include/my_robot_interfaces/my_robot_interfaces/msg/detail
[4.387s] -- Installing: /home/pavan/MY_ROS_WS/install/my_robot_interfaces/include/my_robot_interfaces/my_robot_interfaces/msg/detail/hardware_status__type_support.c
[4.387s] -- Installing: /home/pavan/MY_ROS_WS/install/my_robot_interfaces/include/my_robot_interfaces/my_robot_interfaces/msg/detail/hardware_status__rosidl_typesupport_introspection_c.h
[4.387s] -- Installing: /home/pavan/MY_ROS_WS/install/my_robot_interfaces/lib/libmy_robot_interfaces__rosidl_typesupport_introspection_c.so
[4.387s] -- Set runtime path of "/home/pavan/MY_ROS_WS/install/my_robot_interfaces/lib/libmy_robot_interfaces__rosidl_typesupport_introspection_c.so" to ""
[4.387s] -- Installing: /home/pavan/MY_ROS_WS/install/my_robot_interfaces/lib/libmy_robot_interfaces__rosidl_typesupport_c.so
[4.387s] -- Set runtime path of "/home/pavan/MY_ROS_WS/install/my_robot_interfaces/lib/libmy_robot_interfaces__rosidl_typesupport_c.so" to ""
[4.387s] -- Up-to-date: /home/pavan/MY_ROS_WS/install/my_robot_interfaces/include/my_robot_interfaces/my_robot_interfaces
[4.388s] -- Up-to-date: /home/pavan/MY_ROS_WS/install/my_robot_interfaces/include/my_robot_interfaces/my_robot_interfaces/msg
[4.388s] -- Installing: /home/pavan/MY_ROS_WS/install/my_robot_interfaces/include/my_robot_interfaces/my_robot_interfaces/msg/hardware_status.hpp
[4.388s] -- Up-to-date: /home/pavan/MY_ROS_WS/install/my_robot_interfaces/include/my_robot_interfaces/my_robot_interfaces/msg/detail
[4.388s] -- Installing: /home/pavan/MY_ROS_WS/install/my_robot_interfaces/include/my_robot_interfaces/my_robot_interfaces/msg/detail/hardware_status__struct.hpp
[4.388s] -- Installing: /home/pavan/MY_ROS_WS/install/my_robot_interfaces/include/my_robot_interfaces/my_robot_interfaces/msg/detail/hardware_status__traits.hpp
[4.388s] -- Installing: /home/pavan/MY_ROS_WS/install/my_robot_interfaces/include/my_robot_interfaces/my_robot_interfaces/msg/detail/hardware_status__builder.hpp
[4.388s] -- Up-to-date: /home/pavan/MY_ROS_WS/install/my_robot_interfaces/include/my_robot_interfaces/my_robot_interfaces
[4.388s] -- Up-to-date: /home/pavan/MY_ROS_WS/install/my_robot_interfaces/include/my_robot_interfaces/my_robot_interfaces/msg
[4.388s] -- Up-to-date: /home/pavan/MY_ROS_WS/install/my_robot_interfaces/include/my_robot_interfaces/my_robot_interfaces/msg/detail
[4.389s] -- Installing: /home/pavan/MY_ROS_WS/install/my_robot_interfaces/include/my_robot_interfaces/my_robot_interfaces/msg/detail/dds_fastrtps
[4.389s] -- Installing: /home/pavan/MY_ROS_WS/install/my_robot_interfaces/include/my_robot_interfaces/my_robot_interfaces/msg/detail/hardware_status__rosidl_typesupport_fastrtps_cpp.hpp
[4.389s] -- Installing: /home/pavan/MY_ROS_WS/install/my_robot_interfaces/include/my_robot_interfaces/my_robot_interfaces/msg/rosidl_typesupport_fastrtps_cpp__visibility_control.h
[4.389s] -- Installing: /home/pavan/MY_ROS_WS/install/my_robot_interfaces/lib/libmy_robot_interfaces__rosidl_typesupport_fastrtps_cpp.so
[4.389s] -- Set runtime path of "/home/pavan/MY_ROS_WS/install/my_robot_interfaces/lib/libmy_robot_interfaces__rosidl_typesupport_fastrtps_cpp.so" to ""
[4.389s] -- Up-to-date: /home/pavan/MY_ROS_WS/install/my_robot_interfaces/include/my_robot_interfaces/my_robot_interfaces
[4.389s] -- Up-to-date: /home/pavan/MY_ROS_WS/install/my_robot_interfaces/include/my_robot_interfaces/my_robot_interfaces/msg
[4.389s] -- Up-to-date: /home/pavan/MY_ROS_WS/install/my_robot_interfaces/include/my_robot_interfaces/my_robot_interfaces/msg/detail
[4.389s] -- Installing: /home/pavan/MY_ROS_WS/install/my_robot_interfaces/include/my_robot_interfaces/my_robot_interfaces/msg/detail/hardware_status__rosidl_typesupport_introspection_cpp.hpp
[4.390s] -- Installing: /home/pavan/MY_ROS_WS/install/my_robot_interfaces/include/my_robot_interfaces/my_robot_interfaces/msg/detail/hardware_status__type_support.cpp
[4.390s] -- Installing: /home/pavan/MY_ROS_WS/install/my_robot_interfaces/lib/libmy_robot_interfaces__rosidl_typesupport_introspection_cpp.so
[4.390s] -- Set runtime path of "/home/pavan/MY_ROS_WS/install/my_robot_interfaces/lib/libmy_robot_interfaces__rosidl_typesupport_introspection_cpp.so" to ""
[4.390s] -- Installing: /home/pavan/MY_ROS_WS/install/my_robot_interfaces/lib/libmy_robot_interfaces__rosidl_typesupport_cpp.so
[4.390s] -- Set runtime path of "/home/pavan/MY_ROS_WS/install/my_robot_interfaces/lib/libmy_robot_interfaces__rosidl_typesupport_cpp.so" to ""
[4.390s] -- Installing: /home/pavan/MY_ROS_WS/install/my_robot_interfaces/share/my_robot_interfaces/environment/pythonpath.sh
[4.390s] -- Installing: /home/pavan/MY_ROS_WS/install/my_robot_interfaces/share/my_robot_interfaces/environment/pythonpath.dsv
[4.390s] -- Installing: /home/pavan/MY_ROS_WS/install/my_robot_interfaces/local/lib/python3.10/dist-packages/my_robot_interfaces-0.0.0-py3.10.egg-info
[4.390s] -- Installing: /home/pavan/MY_ROS_WS/install/my_robot_interfaces/local/lib/python3.10/dist-packages/my_robot_interfaces-0.0.0-py3.10.egg-info/dependency_links.txt
[4.390s] -- Installing: /home/pavan/MY_ROS_WS/install/my_robot_interfaces/local/lib/python3.10/dist-packages/my_robot_interfaces-0.0.0-py3.10.egg-info/top_level.txt
[4.390s] -- Installing: /home/pavan/MY_ROS_WS/install/my_robot_interfaces/local/lib/python3.10/dist-packages/my_robot_interfaces-0.0.0-py3.10.egg-info/SOURCES.txt
[4.391s] -- Installing: /home/pavan/MY_ROS_WS/install/my_robot_interfaces/local/lib/python3.10/dist-packages/my_robot_interfaces-0.0.0-py3.10.egg-info/PKG-INFO
[4.391s] -- Installing: /home/pavan/MY_ROS_WS/install/my_robot_interfaces/local/lib/python3.10/dist-packages/my_robot_interfaces
[4.391s] -- Installing: /home/pavan/MY_ROS_WS/install/my_robot_interfaces/local/lib/python3.10/dist-packages/my_robot_interfaces/msg
[4.391s] -- Installing: /home/pavan/MY_ROS_WS/install/my_robot_interfaces/local/lib/python3.10/dist-packages/my_robot_interfaces/msg/_hardware_status_s.c
[4.391s] -- Installing: /home/pavan/MY_ROS_WS/install/my_robot_interfaces/local/lib/python3.10/dist-packages/my_robot_interfaces/msg/__init__.py
[4.391s] -- Installing: /home/pavan/MY_ROS_WS/install/my_robot_interfaces/local/lib/python3.10/dist-packages/my_robot_interfaces/msg/_hardware_status.py
[4.391s] -- Installing: /home/pavan/MY_ROS_WS/install/my_robot_interfaces/local/lib/python3.10/dist-packages/my_robot_interfaces/__init__.py
[4.391s] -- Installing: /home/pavan/MY_ROS_WS/install/my_robot_interfaces/local/lib/python3.10/dist-packages/my_robot_interfaces/my_robot_interfaces_s__rosidl_typesupport_fastrtps_c.cpython-310-x86_64-linux-gnu.so
[4.391s] -- Installing: /home/pavan/MY_ROS_WS/install/my_robot_interfaces/local/lib/python3.10/dist-packages/my_robot_interfaces/_my_robot_interfaces_s.ep.rosidl_typesupport_introspection_c.c
[4.391s] -- Installing: /home/pavan/MY_ROS_WS/install/my_robot_interfaces/local/lib/python3.10/dist-packages/my_robot_interfaces/my_robot_interfaces_s__rosidl_typesupport_c.cpython-310-x86_64-linux-gnu.so
[4.391s] -- Installing: /home/pavan/MY_ROS_WS/install/my_robot_interfaces/local/lib/python3.10/dist-packages/my_robot_interfaces/_my_robot_interfaces_s.ep.rosidl_typesupport_fastrtps_c.c
[4.392s] -- Installing: /home/pavan/MY_ROS_WS/install/my_robot_interfaces/local/lib/python3.10/dist-packages/my_robot_interfaces/my_robot_interfaces_s__rosidl_typesupport_introspection_c.cpython-310-x86_64-linux-gnu.so
[4.392s] -- Installing: /home/pavan/MY_ROS_WS/install/my_robot_interfaces/local/lib/python3.10/dist-packages/my_robot_interfaces/_my_robot_interfaces_s.ep.rosidl_typesupport_c.c
[4.392s] -- Installing: /home/pavan/MY_ROS_WS/install/my_robot_interfaces/local/lib/python3.10/dist-packages/my_robot_interfaces/libmy_robot_interfaces__rosidl_generator_py.so
[4.435s] Listing '/home/pavan/MY_ROS_WS/install/my_robot_interfaces/local/lib/python3.10/dist-packages/my_robot_interfaces'...
[4.435s] Compiling '/home/pavan/MY_ROS_WS/install/my_robot_interfaces/local/lib/python3.10/dist-packages/my_robot_interfaces/__init__.py'...
[4.435s] Listing '/home/pavan/MY_ROS_WS/install/my_robot_interfaces/local/lib/python3.10/dist-packages/my_robot_interfaces/msg'...
[4.435s] Compiling '/home/pavan/MY_ROS_WS/install/my_robot_interfaces/local/lib/python3.10/dist-packages/my_robot_interfaces/msg/__init__.py'...
[4.435s] Compiling '/home/pavan/MY_ROS_WS/install/my_robot_interfaces/local/lib/python3.10/dist-packages/my_robot_interfaces/msg/_hardware_status.py'...
[4.441s] -- Installing: /home/pavan/MY_ROS_WS/install/my_robot_interfaces/local/lib/python3.10/dist-packages/my_robot_interfaces/my_robot_interfaces_s__rosidl_typesupport_fastrtps_c.cpython-310-x86_64-linux-gnu.so
[4.441s] -- Set runtime path of "/home/pavan/MY_ROS_WS/install/my_robot_interfaces/local/lib/python3.10/dist-packages/my_robot_interfaces/my_robot_interfaces_s__rosidl_typesupport_fastrtps_c.cpython-310-x86_64-linux-gnu.so" to ""
[4.441s] -- Installing: /home/pavan/MY_ROS_WS/install/my_robot_interfaces/local/lib/python3.10/dist-packages/my_robot_interfaces/my_robot_interfaces_s__rosidl_typesupport_introspection_c.cpython-310-x86_64-linux-gnu.so
[4.441s] -- Set runtime path of "/home/pavan/MY_ROS_WS/install/my_robot_interfaces/local/lib/python3.10/dist-packages/my_robot_interfaces/my_robot_interfaces_s__rosidl_typesupport_introspection_c.cpython-310-x86_64-linux-gnu.so" to ""
[4.441s] -- Installing: /home/pavan/MY_ROS_WS/install/my_robot_interfaces/local/lib/python3.10/dist-packages/my_robot_interfaces/my_robot_interfaces_s__rosidl_typesupport_c.cpython-310-x86_64-linux-gnu.so
[4.441s] -- Set runtime path of "/home/pavan/MY_ROS_WS/install/my_robot_interfaces/local/lib/python3.10/dist-packages/my_robot_interfaces/my_robot_interfaces_s__rosidl_typesupport_c.cpython-310-x86_64-linux-gnu.so" to ""
[4.442s] -- Installing: /home/pavan/MY_ROS_WS/install/my_robot_interfaces/lib/libmy_robot_interfaces__rosidl_generator_py.so
[4.442s] -- Set runtime path of "/home/pavan/MY_ROS_WS/install/my_robot_interfaces/lib/libmy_robot_interfaces__rosidl_generator_py.so" to ""
[4.442s] -- Installing: /home/pavan/MY_ROS_WS/install/my_robot_interfaces/share/my_robot_interfaces/msg/HardwareStatus.idl
[4.442s] -- Installing: /home/pavan/MY_ROS_WS/install/my_robot_interfaces/share/my_robot_interfaces/msg/HardwareStatus.msg
[4.443s] -- Installing: /home/pavan/MY_ROS_WS/install/my_robot_interfaces/share/ament_index/resource_index/package_run_dependencies/my_robot_interfaces
[4.443s] -- Installing: /home/pavan/MY_ROS_WS/install/my_robot_interfaces/share/ament_index/resource_index/parent_prefix_path/my_robot_interfaces
[4.443s] -- Installing: /home/pavan/MY_ROS_WS/install/my_robot_interfaces/share/my_robot_interfaces/environment/ament_prefix_path.sh
[4.443s] -- Installing: /home/pavan/MY_ROS_WS/install/my_robot_interfaces/share/my_robot_interfaces/environment/ament_prefix_path.dsv
[4.444s] -- Installing: /home/pavan/MY_ROS_WS/install/my_robot_interfaces/share/my_robot_interfaces/environment/path.sh
[4.444s] -- Installing: /home/pavan/MY_ROS_WS/install/my_robot_interfaces/share/my_robot_interfaces/environment/path.dsv
[4.444s] -- Installing: /home/pavan/MY_ROS_WS/install/my_robot_interfaces/share/my_robot_interfaces/local_setup.bash
[4.444s] -- Installing: /home/pavan/MY_ROS_WS/install/my_robot_interfaces/share/my_robot_interfaces/local_setup.sh
[4.444s] -- Installing: /home/pavan/MY_ROS_WS/install/my_robot_interfaces/share/my_robot_interfaces/local_setup.zsh
[4.444s] -- Installing: /home/pavan/MY_ROS_WS/install/my_robot_interfaces/share/my_robot_interfaces/local_setup.dsv
[4.444s] -- Installing: /home/pavan/MY_ROS_WS/install/my_robot_interfaces/share/my_robot_interfaces/package.dsv
[4.444s] -- Installing: /home/pavan/MY_ROS_WS/install/my_robot_interfaces/share/ament_index/resource_index/packages/my_robot_interfaces
[4.444s] -- Installing: /home/pavan/MY_ROS_WS/install/my_robot_interfaces/share/my_robot_interfaces/cmake/export_my_robot_interfaces__rosidl_generator_cExport.cmake
[4.444s] -- Installing: /home/pavan/MY_ROS_WS/install/my_robot_interfaces/share/my_robot_interfaces/cmake/export_my_robot_interfaces__rosidl_generator_cExport-noconfig.cmake
[4.444s] -- Installing: /home/pavan/MY_ROS_WS/install/my_robot_interfaces/share/my_robot_interfaces/cmake/export_my_robot_interfaces__rosidl_typesupport_fastrtps_cExport.cmake
[4.445s] -- Installing: /home/pavan/MY_ROS_WS/install/my_robot_interfaces/share/my_robot_interfaces/cmake/export_my_robot_interfaces__rosidl_typesupport_fastrtps_cExport-noconfig.cmake
[4.445s] -- Installing: /home/pavan/MY_ROS_WS/install/my_robot_interfaces/share/my_robot_interfaces/cmake/my_robot_interfaces__rosidl_typesupport_introspection_cExport.cmake
[4.445s] -- Installing: /home/pavan/MY_ROS_WS/install/my_robot_interfaces/share/my_robot_interfaces/cmake/my_robot_interfaces__rosidl_typesupport_introspection_cExport-noconfig.cmake
[4.445s] -- Installing: /home/pavan/MY_ROS_WS/install/my_robot_interfaces/share/my_robot_interfaces/cmake/my_robot_interfaces__rosidl_typesupport_cExport.cmake
[4.445s] -- Installing: /home/pavan/MY_ROS_WS/install/my_robot_interfaces/share/my_robot_interfaces/cmake/my_robot_interfaces__rosidl_typesupport_cExport-noconfig.cmake
[4.445s] -- Installing: /home/pavan/MY_ROS_WS/install/my_robot_interfaces/share/my_robot_interfaces/cmake/export_my_robot_interfaces__rosidl_generator_cppExport.cmake
[4.445s] -- Installing: /home/pavan/MY_ROS_WS/install/my_robot_interfaces/share/my_robot_interfaces/cmake/export_my_robot_interfaces__rosidl_typesupport_fastrtps_cppExport.cmake
[4.445s] -- Installing: /home/pavan/MY_ROS_WS/install/my_robot_interfaces/share/my_robot_interfaces/cmake/export_my_robot_interfaces__rosidl_typesupport_fastrtps_cppExport-noconfig.cmake
[4.445s] -- Installing: /home/pavan/MY_ROS_WS/install/my_robot_interfaces/share/my_robot_interfaces/cmake/my_robot_interfaces__rosidl_typesupport_introspection_cppExport.cmake
[4.446s] -- Installing: /home/pavan/MY_ROS_WS/install/my_robot_interfaces/share/my_robot_interfaces/cmake/my_robot_interfaces__rosidl_typesupport_introspection_cppExport-noconfig.cmake
[4.446s] -- Installing: /home/pavan/MY_ROS_WS/install/my_robot_interfaces/share/my_robot_interfaces/cmake/my_robot_interfaces__rosidl_typesupport_cppExport.cmake
[4.446s] -- Installing: /home/pavan/MY_ROS_WS/install/my_robot_interfaces/share/my_robot_interfaces/cmake/my_robot_interfaces__rosidl_typesupport_cppExport-noconfig.cmake
[4.446s] -- Installing: /home/pavan/MY_ROS_WS/install/my_robot_interfaces/share/my_robot_interfaces/cmake/export_my_robot_interfaces__rosidl_generator_pyExport.cmake
[4.446s] -- Installing: /home/pavan/MY_ROS_WS/install/my_robot_interfaces/share/my_robot_interfaces/cmake/export_my_robot_interfaces__rosidl_generator_pyExport-noconfig.cmake
[4.446s] -- Installing: /home/pavan/MY_ROS_WS/install/my_robot_interfaces/share/my_robot_interfaces/cmake/rosidl_cmake-extras.cmake
[4.446s] -- Installing: /home/pavan/MY_ROS_WS/install/my_robot_interfaces/share/my_robot_interfaces/cmake/ament_cmake_export_include_directories-extras.cmake
[4.446s] -- Installing: /home/pavan/MY_ROS_WS/install/my_robot_interfaces/share/my_robot_interfaces/cmake/ament_cmake_export_libraries-extras.cmake
[4.446s] -- Installing: /home/pavan/MY_ROS_WS/install/my_robot_interfaces/share/my_robot_interfaces/cmake/ament_cmake_export_targets-extras.cmake
[4.446s] -- Installing: /home/pavan/MY_ROS_WS/install/my_robot_interfaces/share/my_robot_interfaces/cmake/rosidl_cmake_export_typesupport_targets-extras.cmake
[4.447s] -- Installing: /home/pavan/MY_ROS_WS/install/my_robot_interfaces/share/my_robot_interfaces/cmake/ament_cmake_export_dependencies-extras.cmake
[4.447s] -- Installing: /home/pavan/MY_ROS_WS/install/my_robot_interfaces/share/my_robot_interfaces/cmake/rosidl_cmake_export_typesupport_libraries-extras.cmake
[4.447s] -- Installing: /home/pavan/MY_ROS_WS/install/my_robot_interfaces/share/my_robot_interfaces/cmake/my_robot_interfacesConfig.cmake
[4.447s] -- Installing: /home/pavan/MY_ROS_WS/install/my_robot_interfaces/share/my_robot_interfaces/cmake/my_robot_interfacesConfig-version.cmake
[4.447s] -- Installing: /home/pavan/MY_ROS_WS/install/my_robot_interfaces/share/my_robot_interfaces/package.xml
[4.449s] Invoked command in '/home/pavan/MY_ROS_WS/build/my_robot_interfaces' returned '0': CMAKE_PREFIX_PATH=${CMAKE_PREFIX_PATH}:/opt/ros/humble /usr/bin/cmake --install /home/pavan/MY_ROS_WS/build/my_robot_interfaces
