[0.011s] Invoking command in '/home/pavan/MY_ROS_WS/build/my_robot_interfaces': CMAKE_PREFIX_PATH=${CMAKE_PREFIX_PATH}:/opt/ros/humble /usr/bin/cmake --build /home/pavan/MY_ROS_WS/build/my_robot_interfaces -- -j8 -l8
[0.032s] -- Found ament_cmake: 1.3.11 (/opt/ros/humble/share/ament_cmake/cmake)
[0.151s] -- Found rosidl_default_generators: 1.2.0 (/opt/ros/humble/share/rosidl_default_generators/cmake)
[0.153s] -- Using all available rosidl_typesupport_c: rosidl_typesupport_fastrtps_c;rosidl_typesupport_introspection_c
[0.155s] -- Found rosidl_adapter: 3.1.6 (/opt/ros/humble/share/rosidl_adapter/cmake)
[0.184s] -- Using all available rosidl_typesupport_cpp: rosidl_typesupport_fastrtps_cpp;rosidl_typesupport_introspection_cpp
[0.407s] [31mCMake Error at /opt/ros/humble/share/rosidl_adapter/cmake/rosidl_adapt_interfaces.cmake:59 (message):
[0.407s]   execute_process(/usr/bin/python3 -m rosidl_adapter --package-name
[0.407s]   my_robot_interfaces --arguments-file
[0.407s]   /home/pavan/MY_ROS_WS/build/my_robot_interfaces/rosidl_adapter__arguments__my_robot_interfaces.json
[0.408s]   --output-dir
[0.408s]   /home/pavan/MY_ROS_WS/build/my_robot_interfaces/rosidl_adapter/my_robot_interfaces
[0.408s]   --output-file
[0.408s]   /home/pavan/MY_ROS_WS/build/my_robot_interfaces/rosidl_adapter/my_robot_interfaces.idls)
[0.408s]   returned error code 1:
[0.408s] 
[0.408s]   Traceback (most recent call last):
[0.408s] 
[0.408s]     File "/usr/lib/python3.10/runpy.py", line 196, in _run_module_as_main
[0.408s]       return _run_code(code, main_globals, None,
[0.409s]     File "/usr/lib/python3.10/runpy.py", line 86, in _run_code
[0.409s]       exec(code, run_globals)
[0.409s]     File "/opt/ros/humble/local/lib/python3.10/dist-packages/rosidl_adapter/__main__.py", line 19, in <module>
[0.409s]       sys.exit(main())
[0.409s]     File "/opt/ros/humble/local/lib/python3.10/dist-packages/rosidl_adapter/main.py", line 53, in main
[0.409s]       abs_idl_file = convert_to_idl(
[0.409s]     File "/opt/ros/humble/local/lib/python3.10/dist-packages/rosidl_adapter/__init__.py", line 19, in convert_to_idl
[0.409s]       return convert_msg_to_idl(
[0.409s]     File "/opt/ros/humble/local/lib/python3.10/dist-packages/rosidl_adapter/msg/__init__.py", line 28, in convert_msg_to_idl
[0.409s]       msg = parse_message_string(package_name, input_file.stem, content)
[0.410s]     File "/opt/ros/humble/local/lib/python3.10/dist-packages/rosidl_adapter/parser.py", line 544, in parse_message_string
[0.410s]       msg = MessageSpecification(pkg_name, msg_name, fields, constants)
[0.410s]     File "/opt/ros/humble/local/lib/python3.10/dist-packages/rosidl_adapter/parser.py", line 388, in __init__
[0.410s]       self.base_type = BaseType(
[0.410s]     File "/opt/ros/humble/local/lib/python3.10/dist-packages/rosidl_adapter/parser.py", line 205, in __init__
[0.410s]       raise InvalidResourceName(
[0.410s] 
[0.410s]   rosidl_adapter.parser.InvalidResourceName: 'led_states' is an invalid
[0.410s]   message name.  It should have the pattern '^[A-Z][A-Za-z0-9]*$'
[0.410s] 
[0.411s] Call Stack (most recent call first):
[0.411s]   /opt/ros/humble/share/rosidl_cmake/cmake/rosidl_generate_interfaces.cmake:130 (rosidl_adapt_interfaces)
[0.411s]   CMakeLists.txt:15 (rosidl_generate_interfaces)
[0.411s] 
[0.411s] [0m
[0.411s] -- Configuring incomplete, errors occurred!
[0.411s] See also "/home/pavan/MY_ROS_WS/build/my_robot_interfaces/CMakeFiles/CMakeOutput.log".
[0.413s] gmake: *** [Makefile:963: cmake_check_build_system] Error 1
[0.415s] Invoked command in '/home/pavan/MY_ROS_WS/build/my_robot_interfaces' returned '2': CMAKE_PREFIX_PATH=${CMAKE_PREFIX_PATH}:/opt/ros/humble /usr/bin/cmake --build /home/pavan/MY_ROS_WS/build/my_robot_interfaces -- -j8 -l8
