[0.268s] Invoking command in '/home/pavan/MY_ROS_WS/build/my_robot_interfaces': CMAKE_PREFIX_PATH=${CMAKE_PREFIX_PATH}:/opt/ros/humble /usr/bin/cmake --build /home/pavan/MY_ROS_WS/build/my_robot_interfaces -- -j8 -l8
[0.957s] -- Found ament_cmake: 1.3.11 (/opt/ros/humble/share/ament_cmake/cmake)
[1.732s] -- Found rosidl_default_generators: 1.2.0 (/opt/ros/humble/share/rosidl_default_generators/cmake)
[2.440s] -- Using all available rosidl_typesupport_c: rosidl_typesupport_fastrtps_c;rosidl_typesupport_introspection_c
[2.562s] -- Found rosidl_adapter: 3.1.6 (/opt/ros/humble/share/rosidl_adapter/cmake)
[2.963s] -- Using all available rosidl_typesupport_cpp: rosidl_typesupport_fastrtps_cpp;rosidl_typesupport_introspection_cpp
[3.578s] [31mCMake Error at /opt/ros/humble/share/rosidl_adapter/cmake/rosidl_adapt_interfaces.cmake:59 (message):
[3.578s]   execute_process(/usr/bin/python3 -m rosidl_adapter --package-name
[3.578s]   my_robot_interfaces --arguments-file
[3.578s]   /home/pavan/MY_ROS_WS/build/my_robot_interfaces/rosidl_adapter__arguments__my_robot_interfaces.json
[3.578s]   --output-dir
[3.578s]   /home/pavan/MY_ROS_WS/build/my_robot_interfaces/rosidl_adapter/my_robot_interfaces
[3.578s]   --output-file
[3.579s]   /home/pavan/MY_ROS_WS/build/my_robot_interfaces/rosidl_adapter/my_robot_interfaces.idls)
[3.579s]   returned error code 1:
[3.579s] 
[3.579s]   Traceback (most recent call last):
[3.579s] 
[3.579s]     File "/usr/lib/python3.10/runpy.py", line 196, in _run_module_as_main
[3.579s]       return _run_code(code, main_globals, None,
[3.579s]     File "/usr/lib/python3.10/runpy.py", line 86, in _run_code
[3.579s]       exec(code, run_globals)
[3.579s]     File "/opt/ros/humble/local/lib/python3.10/dist-packages/rosidl_adapter/__main__.py", line 19, in <module>
[3.579s]       sys.exit(main())
[3.579s]     File "/opt/ros/humble/local/lib/python3.10/dist-packages/rosidl_adapter/main.py", line 53, in main
[3.579s]       abs_idl_file = convert_to_idl(
[3.579s]     File "/opt/ros/humble/local/lib/python3.10/dist-packages/rosidl_adapter/__init__.py", line 24, in convert_to_idl
[3.580s]       return convert_srv_to_idl(
[3.580s]     File "/opt/ros/humble/local/lib/python3.10/dist-packages/rosidl_adapter/srv/__init__.py", line 28, in convert_srv_to_idl
[3.580s]       srv = parse_service_string(package_name, input_file.stem, content)
[3.580s]     File "/opt/ros/humble/local/lib/python3.10/dist-packages/rosidl_adapter/parser.py", line 859, in parse_service_string
[3.580s]       request_message = parse_message_string(
[3.580s]     File "/opt/ros/humble/local/lib/python3.10/dist-packages/rosidl_adapter/parser.py", line 544, in parse_message_string
[3.580s]       msg = MessageSpecification(pkg_name, msg_name, fields, constants)
[3.580s]     File "/opt/ros/humble/local/lib/python3.10/dist-packages/rosidl_adapter/parser.py", line 388, in __init__
[3.580s]       self.base_type = BaseType(
[3.580s]     File "/opt/ros/humble/local/lib/python3.10/dist-packages/rosidl_adapter/parser.py", line 205, in __init__
[3.580s]       raise InvalidResourceName(
[3.580s] 
[3.580s]   rosidl_adapter.parser.InvalidResourceName: 'Custm_Rectangle_Request' is an
[3.580s]   invalid message name.  It should have the pattern '^[A-Z][A-Za-z0-9]*$'
[3.581s] 
[3.581s] Call Stack (most recent call first):
[3.581s]   /opt/ros/humble/share/rosidl_cmake/cmake/rosidl_generate_interfaces.cmake:130 (rosidl_adapt_interfaces)
[3.581s]   CMakeLists.txt:15 (rosidl_generate_interfaces)
[3.581s] 
[3.581s] [0m
[3.581s] -- Configuring incomplete, errors occurred!
[3.581s] See also "/home/pavan/MY_ROS_WS/build/my_robot_interfaces/CMakeFiles/CMakeOutput.log".
[3.632s] gmake: *** [Makefile:747: cmake_check_build_system] Error 1
[3.641s] Invoked command in '/home/pavan/MY_ROS_WS/build/my_robot_interfaces' returned '2': CMAKE_PREFIX_PATH=${CMAKE_PREFIX_PATH}:/opt/ros/humble /usr/bin/cmake --build /home/pavan/MY_ROS_WS/build/my_robot_interfaces -- -j8 -l8
