[0.013s] Invoking command in '/home/pavan/MY_ROS_WS/build/my_cpp_pkg': CMAKE_PREFIX_PATH=/home/pavan/MY_ROS_WS/install/my_robot_interfaces:/home/pavan/MY_ROS_WS/install/my_cpp_pkg:/opt/ros/humble /usr/bin/cmake --build /home/pavan/MY_ROS_WS/build/my_cpp_pkg -- -j8 -l8
[0.067s] [35m[1mConsolidate compiler generated dependencies of target number_publisher[0m
[0.082s] [ 25%] [32mBuilding CXX object CMakeFiles/number_counter.dir/src/Activity_0001/Act_Sub.cpp.o[0m
[0.087s] [ 75%] Built target number_publisher
[9.947s] [100%] [32m[1mLinking CXX executable number_counter[0m
[10.587s] [100%] Built target number_counter
[10.798s] Invoked command in '/home/pavan/MY_ROS_WS/build/my_cpp_pkg' returned '0': CMAKE_PREFIX_PATH=/home/pavan/MY_ROS_WS/install/my_robot_interfaces:/home/pavan/MY_ROS_WS/install/my_cpp_pkg:/opt/ros/humble /usr/bin/cmake --build /home/pavan/MY_ROS_WS/build/my_cpp_pkg -- -j8 -l8
[10.817s] Invoking command in '/home/pavan/MY_ROS_WS/build/my_cpp_pkg': CMAKE_PREFIX_PATH=/home/pavan/MY_ROS_WS/install/my_robot_interfaces:/home/pavan/MY_ROS_WS/install/my_cpp_pkg:/opt/ros/humble /usr/bin/cmake --install /home/pavan/MY_ROS_WS/build/my_cpp_pkg
[10.828s] -- Install configuration: ""
[10.828s] -- Installing: /home/pavan/MY_ROS_WS/install/my_cpp_pkg/lib/my_cpp_pkg/number_publisher
[10.830s] -- Set runtime path of "/home/pavan/MY_ROS_WS/install/my_cpp_pkg/lib/my_cpp_pkg/number_publisher" to ""
[10.831s] -- Installing: /home/pavan/MY_ROS_WS/install/my_cpp_pkg/lib/my_cpp_pkg/number_counter
[10.836s] -- Set runtime path of "/home/pavan/MY_ROS_WS/install/my_cpp_pkg/lib/my_cpp_pkg/number_counter" to ""
[10.836s] -- Up-to-date: /home/pavan/MY_ROS_WS/install/my_cpp_pkg/share/ament_index/resource_index/package_run_dependencies/my_cpp_pkg
[10.837s] -- Up-to-date: /home/pavan/MY_ROS_WS/install/my_cpp_pkg/share/ament_index/resource_index/parent_prefix_path/my_cpp_pkg
[10.837s] -- Up-to-date: /home/pavan/MY_ROS_WS/install/my_cpp_pkg/share/my_cpp_pkg/environment/ament_prefix_path.sh
[10.837s] -- Up-to-date: /home/pavan/MY_ROS_WS/install/my_cpp_pkg/share/my_cpp_pkg/environment/ament_prefix_path.dsv
[10.837s] -- Up-to-date: /home/pavan/MY_ROS_WS/install/my_cpp_pkg/share/my_cpp_pkg/environment/path.sh
[10.837s] -- Up-to-date: /home/pavan/MY_ROS_WS/install/my_cpp_pkg/share/my_cpp_pkg/environment/path.dsv
[10.837s] -- Up-to-date: /home/pavan/MY_ROS_WS/install/my_cpp_pkg/share/my_cpp_pkg/local_setup.bash
[10.837s] -- Up-to-date: /home/pavan/MY_ROS_WS/install/my_cpp_pkg/share/my_cpp_pkg/local_setup.sh
[10.837s] -- Up-to-date: /home/pavan/MY_ROS_WS/install/my_cpp_pkg/share/my_cpp_pkg/local_setup.zsh
[10.837s] -- Up-to-date: /home/pavan/MY_ROS_WS/install/my_cpp_pkg/share/my_cpp_pkg/local_setup.dsv
[10.838s] -- Installing: /home/pavan/MY_ROS_WS/install/my_cpp_pkg/share/my_cpp_pkg/package.dsv
[10.858s] -- Up-to-date: /home/pavan/MY_ROS_WS/install/my_cpp_pkg/share/ament_index/resource_index/packages/my_cpp_pkg
[10.858s] -- Up-to-date: /home/pavan/MY_ROS_WS/install/my_cpp_pkg/share/my_cpp_pkg/cmake/my_cpp_pkgConfig.cmake
[10.858s] -- Up-to-date: /home/pavan/MY_ROS_WS/install/my_cpp_pkg/share/my_cpp_pkg/cmake/my_cpp_pkgConfig-version.cmake
[10.858s] -- Up-to-date: /home/pavan/MY_ROS_WS/install/my_cpp_pkg/share/my_cpp_pkg/package.xml
[10.861s] Invoked command in '/home/pavan/MY_ROS_WS/build/my_cpp_pkg' returned '0': CMAKE_PREFIX_PATH=/home/pavan/MY_ROS_WS/install/my_robot_interfaces:/home/pavan/MY_ROS_WS/install/my_cpp_pkg:/opt/ros/humble /usr/bin/cmake --install /home/pavan/MY_ROS_WS/build/my_cpp_pkg
