[0.100s] DEBUG:colcon:Command line arguments: ['/usr/bin/colcon', 'build']
[0.100s] DEBUG:colcon:Parsed command line arguments: Namespace(log_base=None, log_level=None, verb_name='build', build_base='build', install_base='install', merge_install=False, symlink_install=False, test_result_base=None, continue_on_error=False, executor='parallel', parallel_workers=8, event_handlers=None, ignore_user_meta=False, metas=['./colcon.meta'], base_paths=['.'], packages_ignore=None, packages_ignore_regex=None, paths=None, packages_up_to=None, packages_up_to_regex=None, packages_above=None, packages_above_and_dependencies=None, packages_above_depth=None, packages_select_by_dep=None, packages_skip_by_dep=None, packages_skip_up_to=None, packages_select_build_failed=False, packages_skip_build_finished=False, packages_select_test_failures=False, packages_skip_test_passed=False, packages_select=None, packages_skip=None, packages_select_regex=None, packages_skip_regex=None, packages_start=None, packages_end=None, allow_overriding=[], cmake_args=None, cmake_target=None, cmake_target_skip_unavailable=False, cmake_clean_cache=False, cmake_clean_first=False, cmake_force_configure=False, ament_cmake_args=None, catkin_cmake_args=None, catkin_skip_building_tests=False, verb_parser=<colcon_defaults.argument_parser.defaults.DefaultArgumentsDecorator object at 0x7d711e8504c0>, verb_extension=<colcon_core.verb.build.BuildVerb object at 0x7d711e81ffa0>, main=<bound method BuildVerb.main of <colcon_core.verb.build.BuildVerb object at 0x7d711e81ffa0>>)
[7.422s] Level 1:colcon.colcon_core.package_discovery:discover_packages(colcon_meta) check parameters
[7.423s] Level 1:colcon.colcon_core.package_discovery:discover_packages(recursive) check parameters
[7.423s] Level 1:colcon.colcon_core.package_discovery:discover_packages(ignore) check parameters
[7.423s] Level 1:colcon.colcon_core.package_discovery:discover_packages(path) check parameters
[7.423s] Level 1:colcon.colcon_core.package_discovery:discover_packages(colcon_meta) discover
[7.424s] Level 1:colcon.colcon_core.package_discovery:discover_packages(recursive) discover
[7.424s] INFO:colcon.colcon_core.package_discovery:Crawling recursively for packages in '/home/pavan/MY_ROS_WS'
[7.424s] Level 1:colcon.colcon_core.package_identification:_identify(.) by extensions ['ignore', 'ignore_ament_install']
[7.425s] Level 1:colcon.colcon_core.package_identification:_identify(.) by extension 'ignore'
[7.425s] Level 1:colcon.colcon_core.package_identification:_identify(.) by extension 'ignore_ament_install'
[7.425s] Level 1:colcon.colcon_core.package_identification:_identify(.) by extensions ['colcon_pkg']
[7.425s] Level 1:colcon.colcon_core.package_identification:_identify(.) by extension 'colcon_pkg'
[7.426s] Level 1:colcon.colcon_core.package_identification:_identify(.) by extensions ['colcon_meta']
[7.426s] Level 1:colcon.colcon_core.package_identification:_identify(.) by extension 'colcon_meta'
[7.426s] Level 1:colcon.colcon_core.package_identification:_identify(.) by extensions ['ros']
[7.426s] Level 1:colcon.colcon_core.package_identification:_identify(.) by extension 'ros'
[7.559s] Level 1:colcon.colcon_core.package_identification:_identify(.) by extensions ['cmake', 'python']
[7.559s] Level 1:colcon.colcon_core.package_identification:_identify(.) by extension 'cmake'
[7.559s] Level 1:colcon.colcon_core.package_identification:_identify(.) by extension 'python'
[7.559s] Level 1:colcon.colcon_core.package_identification:_identify(.) by extensions ['python_setup_py']
[7.560s] Level 1:colcon.colcon_core.package_identification:_identify(.) by extension 'python_setup_py'
[7.560s] Level 1:colcon.colcon_core.package_identification:_identify(build) by extensions ['ignore', 'ignore_ament_install']
[7.560s] Level 1:colcon.colcon_core.package_identification:_identify(build) by extension 'ignore'
[7.560s] Level 1:colcon.colcon_core.package_identification:_identify(build) ignored
[7.561s] Level 1:colcon.colcon_core.package_identification:_identify(install) by extensions ['ignore', 'ignore_ament_install']
[7.561s] Level 1:colcon.colcon_core.package_identification:_identify(install) by extension 'ignore'
[7.561s] Level 1:colcon.colcon_core.package_identification:_identify(install) ignored
[7.562s] Level 1:colcon.colcon_core.package_identification:_identify(log) by extensions ['ignore', 'ignore_ament_install']
[7.562s] Level 1:colcon.colcon_core.package_identification:_identify(log) by extension 'ignore'
[7.562s] Level 1:colcon.colcon_core.package_identification:_identify(log) ignored
[7.562s] Level 1:colcon.colcon_core.package_identification:_identify(src) by extensions ['ignore', 'ignore_ament_install']
[7.563s] Level 1:colcon.colcon_core.package_identification:_identify(src) by extension 'ignore'
[7.563s] Level 1:colcon.colcon_core.package_identification:_identify(src) by extension 'ignore_ament_install'
[7.563s] Level 1:colcon.colcon_core.package_identification:_identify(src) by extensions ['colcon_pkg']
[7.563s] Level 1:colcon.colcon_core.package_identification:_identify(src) by extension 'colcon_pkg'
[7.563s] Level 1:colcon.colcon_core.package_identification:_identify(src) by extensions ['colcon_meta']
[7.563s] Level 1:colcon.colcon_core.package_identification:_identify(src) by extension 'colcon_meta'
[7.563s] Level 1:colcon.colcon_core.package_identification:_identify(src) by extensions ['ros']
[7.563s] Level 1:colcon.colcon_core.package_identification:_identify(src) by extension 'ros'
[7.563s] Level 1:colcon.colcon_core.package_identification:_identify(src) by extensions ['cmake', 'python']
[7.564s] Level 1:colcon.colcon_core.package_identification:_identify(src) by extension 'cmake'
[7.564s] Level 1:colcon.colcon_core.package_identification:_identify(src) by extension 'python'
[7.564s] Level 1:colcon.colcon_core.package_identification:_identify(src) by extensions ['python_setup_py']
[7.564s] Level 1:colcon.colcon_core.package_identification:_identify(src) by extension 'python_setup_py'
[7.564s] Level 1:colcon.colcon_core.package_identification:_identify(src/my_cpp_pkg) by extensions ['ignore', 'ignore_ament_install']
[7.564s] Level 1:colcon.colcon_core.package_identification:_identify(src/my_cpp_pkg) by extension 'ignore'
[7.564s] Level 1:colcon.colcon_core.package_identification:_identify(src/my_cpp_pkg) by extension 'ignore_ament_install'
[7.564s] Level 1:colcon.colcon_core.package_identification:_identify(src/my_cpp_pkg) by extensions ['colcon_pkg']
[7.564s] Level 1:colcon.colcon_core.package_identification:_identify(src/my_cpp_pkg) by extension 'colcon_pkg'
[7.565s] Level 1:colcon.colcon_core.package_identification:_identify(src/my_cpp_pkg) by extensions ['colcon_meta']
[7.565s] Level 1:colcon.colcon_core.package_identification:_identify(src/my_cpp_pkg) by extension 'colcon_meta'
[7.565s] Level 1:colcon.colcon_core.package_identification:_identify(src/my_cpp_pkg) by extensions ['ros']
[7.565s] Level 1:colcon.colcon_core.package_identification:_identify(src/my_cpp_pkg) by extension 'ros'
[7.606s] DEBUG:colcon.colcon_core.package_identification:Package 'src/my_cpp_pkg' with type 'ros.ament_cmake' and name 'my_cpp_pkg'
[7.606s] Level 1:colcon.colcon_core.package_identification:_identify(src/my_robot_interfaces) by extensions ['ignore', 'ignore_ament_install']
[7.607s] Level 1:colcon.colcon_core.package_identification:_identify(src/my_robot_interfaces) by extension 'ignore'
[7.607s] Level 1:colcon.colcon_core.package_identification:_identify(src/my_robot_interfaces) by extension 'ignore_ament_install'
[7.607s] Level 1:colcon.colcon_core.package_identification:_identify(src/my_robot_interfaces) by extensions ['colcon_pkg']
[7.607s] Level 1:colcon.colcon_core.package_identification:_identify(src/my_robot_interfaces) by extension 'colcon_pkg'
[7.607s] Level 1:colcon.colcon_core.package_identification:_identify(src/my_robot_interfaces) by extensions ['colcon_meta']
[7.607s] Level 1:colcon.colcon_core.package_identification:_identify(src/my_robot_interfaces) by extension 'colcon_meta'
[7.607s] Level 1:colcon.colcon_core.package_identification:_identify(src/my_robot_interfaces) by extensions ['ros']
[7.607s] Level 1:colcon.colcon_core.package_identification:_identify(src/my_robot_interfaces) by extension 'ros'
[7.648s] DEBUG:colcon.colcon_core.package_identification:Package 'src/my_robot_interfaces' with type 'ros.ament_cmake' and name 'my_robot_interfaces'
[7.648s] Level 1:colcon.colcon_core.package_discovery:discover_packages(recursive) using defaults
[7.648s] Level 1:colcon.colcon_core.package_discovery:discover_packages(ignore) discover
[7.648s] Level 1:colcon.colcon_core.package_discovery:discover_packages(ignore) using defaults
[7.648s] Level 1:colcon.colcon_core.package_discovery:discover_packages(path) discover
[7.649s] Level 1:colcon.colcon_core.package_discovery:discover_packages(path) using defaults
[8.867s] Level 1:colcon.colcon_core.package_discovery:discover_packages(prefix_path) check parameters
[8.867s] Level 1:colcon.colcon_core.package_discovery:discover_packages(prefix_path) discover
[8.953s] DEBUG:colcon.colcon_installed_package_information.package_discovery:Found 2 installed packages in /home/pavan/MY_ROS_WS/install
[8.954s] DEBUG:colcon.colcon_installed_package_information.package_discovery:Found 270 installed packages in /opt/ros/humble
[8.957s] Level 1:colcon.colcon_core.package_discovery:discover_packages(prefix_path) using defaults
[9.615s] Level 5:colcon.colcon_core.verb:set package 'my_robot_interfaces' build argument 'cmake_args' from command line to 'None'
[9.615s] Level 5:colcon.colcon_core.verb:set package 'my_robot_interfaces' build argument 'cmake_target' from command line to 'None'
[9.615s] Level 5:colcon.colcon_core.verb:set package 'my_robot_interfaces' build argument 'cmake_target_skip_unavailable' from command line to 'False'
[9.615s] Level 5:colcon.colcon_core.verb:set package 'my_robot_interfaces' build argument 'cmake_clean_cache' from command line to 'False'
[9.615s] Level 5:colcon.colcon_core.verb:set package 'my_robot_interfaces' build argument 'cmake_clean_first' from command line to 'False'
[9.615s] Level 5:colcon.colcon_core.verb:set package 'my_robot_interfaces' build argument 'cmake_force_configure' from command line to 'False'
[9.615s] Level 5:colcon.colcon_core.verb:set package 'my_robot_interfaces' build argument 'ament_cmake_args' from command line to 'None'
[9.615s] Level 5:colcon.colcon_core.verb:set package 'my_robot_interfaces' build argument 'catkin_cmake_args' from command line to 'None'
[9.615s] Level 5:colcon.colcon_core.verb:set package 'my_robot_interfaces' build argument 'catkin_skip_building_tests' from command line to 'False'
[9.615s] DEBUG:colcon.colcon_core.verb:Building package 'my_robot_interfaces' with the following arguments: {'ament_cmake_args': None, 'build_base': '/home/pavan/MY_ROS_WS/build/my_robot_interfaces', 'catkin_cmake_args': None, 'catkin_skip_building_tests': False, 'cmake_args': None, 'cmake_clean_cache': False, 'cmake_clean_first': False, 'cmake_force_configure': False, 'cmake_target': None, 'cmake_target_skip_unavailable': False, 'install_base': '/home/pavan/MY_ROS_WS/install/my_robot_interfaces', 'merge_install': False, 'path': '/home/pavan/MY_ROS_WS/src/my_robot_interfaces', 'symlink_install': False, 'test_result_base': None}
[9.616s] Level 5:colcon.colcon_core.verb:set package 'my_cpp_pkg' build argument 'cmake_args' from command line to 'None'
[9.616s] Level 5:colcon.colcon_core.verb:set package 'my_cpp_pkg' build argument 'cmake_target' from command line to 'None'
[9.616s] Level 5:colcon.colcon_core.verb:set package 'my_cpp_pkg' build argument 'cmake_target_skip_unavailable' from command line to 'False'
[9.616s] Level 5:colcon.colcon_core.verb:set package 'my_cpp_pkg' build argument 'cmake_clean_cache' from command line to 'False'
[9.616s] Level 5:colcon.colcon_core.verb:set package 'my_cpp_pkg' build argument 'cmake_clean_first' from command line to 'False'
[9.616s] Level 5:colcon.colcon_core.verb:set package 'my_cpp_pkg' build argument 'cmake_force_configure' from command line to 'False'
[9.616s] Level 5:colcon.colcon_core.verb:set package 'my_cpp_pkg' build argument 'ament_cmake_args' from command line to 'None'
[9.616s] Level 5:colcon.colcon_core.verb:set package 'my_cpp_pkg' build argument 'catkin_cmake_args' from command line to 'None'
[9.616s] Level 5:colcon.colcon_core.verb:set package 'my_cpp_pkg' build argument 'catkin_skip_building_tests' from command line to 'False'
[9.616s] DEBUG:colcon.colcon_core.verb:Building package 'my_cpp_pkg' with the following arguments: {'ament_cmake_args': None, 'build_base': '/home/pavan/MY_ROS_WS/build/my_cpp_pkg', 'catkin_cmake_args': None, 'catkin_skip_building_tests': False, 'cmake_args': None, 'cmake_clean_cache': False, 'cmake_clean_first': False, 'cmake_force_configure': False, 'cmake_target': None, 'cmake_target_skip_unavailable': False, 'install_base': '/home/pavan/MY_ROS_WS/install/my_cpp_pkg', 'merge_install': False, 'path': '/home/pavan/MY_ROS_WS/src/my_cpp_pkg', 'symlink_install': False, 'test_result_base': None}
[9.616s] INFO:colcon.colcon_core.executor:Executing jobs using 'parallel' executor
[9.617s] DEBUG:colcon.colcon_parallel_executor.executor.parallel:run_until_complete
[9.618s] INFO:colcon.colcon_ros.task.ament_cmake.build:Building ROS package in '/home/pavan/MY_ROS_WS/src/my_robot_interfaces' with build type 'ament_cmake'
[9.618s] INFO:colcon.colcon_cmake.task.cmake.build:Building CMake package in '/home/pavan/MY_ROS_WS/src/my_robot_interfaces'
[10.716s] INFO:colcon.colcon_core.plugin_system:Skipping extension 'colcon_core.shell.bat': Not used on non-Windows systems
[10.716s] INFO:colcon.colcon_core.shell:Skip shell extension 'powershell' for command environment: Not usable outside of PowerShell
[10.717s] DEBUG:colcon.colcon_core.shell:Skip shell extension 'dsv' for command environment
[11.334s] DEBUG:colcon.colcon_core.event_handler.log_command:Invoking command in '/home/pavan/MY_ROS_WS/build/my_robot_interfaces': CMAKE_PREFIX_PATH=${CMAKE_PREFIX_PATH}:/opt/ros/humble /usr/bin/cmake --build /home/pavan/MY_ROS_WS/build/my_robot_interfaces -- -j8 -l8
[26.111s] DEBUG:colcon.colcon_core.event_handler.log_command:Invoked command in '/home/pavan/MY_ROS_WS/build/my_robot_interfaces' returned '0': CMAKE_PREFIX_PATH=${CMAKE_PREFIX_PATH}:/opt/ros/humble /usr/bin/cmake --build /home/pavan/MY_ROS_WS/build/my_robot_interfaces -- -j8 -l8
[26.215s] DEBUG:colcon.colcon_core.event_handler.log_command:Invoking command in '/home/pavan/MY_ROS_WS/build/my_robot_interfaces': CMAKE_PREFIX_PATH=${CMAKE_PREFIX_PATH}:/opt/ros/humble /usr/bin/cmake --install /home/pavan/MY_ROS_WS/build/my_robot_interfaces
[28.706s] Level 1:colcon.colcon_core.environment:create_environment_scripts_only(my_robot_interfaces)
[28.707s] DEBUG:colcon.colcon_core.event_handler.log_command:Invoked command in '/home/pavan/MY_ROS_WS/build/my_robot_interfaces' returned '0': CMAKE_PREFIX_PATH=${CMAKE_PREFIX_PATH}:/opt/ros/humble /usr/bin/cmake --install /home/pavan/MY_ROS_WS/build/my_robot_interfaces
[29.040s] Level 1:colcon.colcon_core.environment:checking '/home/pavan/MY_ROS_WS/install/my_robot_interfaces' for CMake module files
[29.042s] Level 1:colcon.colcon_core.environment:checking '/home/pavan/MY_ROS_WS/install/my_robot_interfaces' for CMake config files
[29.044s] Level 1:colcon.colcon_core.shell:create_environment_hook('my_robot_interfaces', 'cmake_prefix_path')
[29.045s] INFO:colcon.colcon_core.shell:Creating environment hook '/home/pavan/MY_ROS_WS/install/my_robot_interfaces/share/my_robot_interfaces/hook/cmake_prefix_path.ps1'
[29.084s] INFO:colcon.colcon_core.shell:Creating environment descriptor '/home/pavan/MY_ROS_WS/install/my_robot_interfaces/share/my_robot_interfaces/hook/cmake_prefix_path.dsv'
[29.162s] INFO:colcon.colcon_core.shell:Creating environment hook '/home/pavan/MY_ROS_WS/install/my_robot_interfaces/share/my_robot_interfaces/hook/cmake_prefix_path.sh'
[29.177s] Level 1:colcon.colcon_core.environment:checking '/home/pavan/MY_ROS_WS/install/my_robot_interfaces/lib'
[29.178s] Level 1:colcon.colcon_core.shell:create_environment_hook('my_robot_interfaces', 'ld_library_path_lib')
[29.179s] INFO:colcon.colcon_core.shell:Creating environment hook '/home/pavan/MY_ROS_WS/install/my_robot_interfaces/share/my_robot_interfaces/hook/ld_library_path_lib.ps1'
[29.181s] INFO:colcon.colcon_core.shell:Creating environment descriptor '/home/pavan/MY_ROS_WS/install/my_robot_interfaces/share/my_robot_interfaces/hook/ld_library_path_lib.dsv'
[29.184s] INFO:colcon.colcon_core.shell:Creating environment hook '/home/pavan/MY_ROS_WS/install/my_robot_interfaces/share/my_robot_interfaces/hook/ld_library_path_lib.sh'
[29.186s] Level 1:colcon.colcon_core.environment:checking '/home/pavan/MY_ROS_WS/install/my_robot_interfaces/bin'
[29.187s] Level 1:colcon.colcon_core.environment:checking '/home/pavan/MY_ROS_WS/install/my_robot_interfaces/lib/pkgconfig/my_robot_interfaces.pc'
[29.188s] Level 1:colcon.colcon_core.environment:checking '/home/pavan/MY_ROS_WS/install/my_robot_interfaces/lib/python3.10/site-packages'
[29.190s] Level 1:colcon.colcon_core.environment:checking '/home/pavan/MY_ROS_WS/install/my_robot_interfaces/bin'
[29.192s] INFO:colcon.colcon_core.shell:Creating package script '/home/pavan/MY_ROS_WS/install/my_robot_interfaces/share/my_robot_interfaces/package.ps1'
[29.252s] INFO:colcon.colcon_core.shell:Creating package descriptor '/home/pavan/MY_ROS_WS/install/my_robot_interfaces/share/my_robot_interfaces/package.dsv'
[29.261s] INFO:colcon.colcon_core.shell:Creating package script '/home/pavan/MY_ROS_WS/install/my_robot_interfaces/share/my_robot_interfaces/package.sh'
[29.268s] INFO:colcon.colcon_core.shell:Creating package script '/home/pavan/MY_ROS_WS/install/my_robot_interfaces/share/my_robot_interfaces/package.bash'
[29.301s] INFO:colcon.colcon_core.shell:Creating package script '/home/pavan/MY_ROS_WS/install/my_robot_interfaces/share/my_robot_interfaces/package.zsh'
[29.460s] Level 1:colcon.colcon_core.environment:create_file_with_runtime_dependencies(/home/pavan/MY_ROS_WS/install/my_robot_interfaces/share/colcon-core/packages/my_robot_interfaces)
[29.463s] Level 1:colcon.colcon_core.environment:create_environment_scripts_only(my_robot_interfaces)
[29.464s] Level 1:colcon.colcon_core.environment:checking '/home/pavan/MY_ROS_WS/install/my_robot_interfaces' for CMake module files
[29.466s] Level 1:colcon.colcon_core.environment:checking '/home/pavan/MY_ROS_WS/install/my_robot_interfaces' for CMake config files
[29.468s] Level 1:colcon.colcon_core.shell:create_environment_hook('my_robot_interfaces', 'cmake_prefix_path')
[29.469s] INFO:colcon.colcon_core.shell:Creating environment hook '/home/pavan/MY_ROS_WS/install/my_robot_interfaces/share/my_robot_interfaces/hook/cmake_prefix_path.ps1'
[29.470s] INFO:colcon.colcon_core.shell:Creating environment descriptor '/home/pavan/MY_ROS_WS/install/my_robot_interfaces/share/my_robot_interfaces/hook/cmake_prefix_path.dsv'
[29.472s] INFO:colcon.colcon_core.shell:Creating environment hook '/home/pavan/MY_ROS_WS/install/my_robot_interfaces/share/my_robot_interfaces/hook/cmake_prefix_path.sh'
[29.474s] Level 1:colcon.colcon_core.environment:checking '/home/pavan/MY_ROS_WS/install/my_robot_interfaces/lib'
[29.474s] Level 1:colcon.colcon_core.shell:create_environment_hook('my_robot_interfaces', 'ld_library_path_lib')
[29.475s] INFO:colcon.colcon_core.shell:Creating environment hook '/home/pavan/MY_ROS_WS/install/my_robot_interfaces/share/my_robot_interfaces/hook/ld_library_path_lib.ps1'
[29.477s] INFO:colcon.colcon_core.shell:Creating environment descriptor '/home/pavan/MY_ROS_WS/install/my_robot_interfaces/share/my_robot_interfaces/hook/ld_library_path_lib.dsv'
[29.479s] INFO:colcon.colcon_core.shell:Creating environment hook '/home/pavan/MY_ROS_WS/install/my_robot_interfaces/share/my_robot_interfaces/hook/ld_library_path_lib.sh'
[29.521s] Level 1:colcon.colcon_core.environment:checking '/home/pavan/MY_ROS_WS/install/my_robot_interfaces/bin'
[29.521s] Level 1:colcon.colcon_core.environment:checking '/home/pavan/MY_ROS_WS/install/my_robot_interfaces/lib/pkgconfig/my_robot_interfaces.pc'
[29.523s] Level 1:colcon.colcon_core.environment:checking '/home/pavan/MY_ROS_WS/install/my_robot_interfaces/lib/python3.10/site-packages'
[29.524s] Level 1:colcon.colcon_core.environment:checking '/home/pavan/MY_ROS_WS/install/my_robot_interfaces/bin'
[29.526s] INFO:colcon.colcon_core.shell:Creating package script '/home/pavan/MY_ROS_WS/install/my_robot_interfaces/share/my_robot_interfaces/package.ps1'
[29.529s] INFO:colcon.colcon_core.shell:Creating package descriptor '/home/pavan/MY_ROS_WS/install/my_robot_interfaces/share/my_robot_interfaces/package.dsv'
[29.532s] INFO:colcon.colcon_core.shell:Creating package script '/home/pavan/MY_ROS_WS/install/my_robot_interfaces/share/my_robot_interfaces/package.sh'
[29.534s] INFO:colcon.colcon_core.shell:Creating package script '/home/pavan/MY_ROS_WS/install/my_robot_interfaces/share/my_robot_interfaces/package.bash'
[29.536s] INFO:colcon.colcon_core.shell:Creating package script '/home/pavan/MY_ROS_WS/install/my_robot_interfaces/share/my_robot_interfaces/package.zsh'
[29.537s] Level 1:colcon.colcon_core.environment:create_file_with_runtime_dependencies(/home/pavan/MY_ROS_WS/install/my_robot_interfaces/share/colcon-core/packages/my_robot_interfaces)
[29.539s] INFO:colcon.colcon_ros.task.ament_cmake.build:Building ROS package in '/home/pavan/MY_ROS_WS/src/my_cpp_pkg' with build type 'ament_cmake'
[29.539s] INFO:colcon.colcon_cmake.task.cmake.build:Building CMake package in '/home/pavan/MY_ROS_WS/src/my_cpp_pkg'
[29.540s] INFO:colcon.colcon_core.shell:Skip shell extension 'powershell' for command environment: Not usable outside of PowerShell
[29.540s] DEBUG:colcon.colcon_core.shell:Skip shell extension 'dsv' for command environment
[30.314s] DEBUG:colcon.colcon_core.event_handler.log_command:Invoking command in '/home/pavan/MY_ROS_WS/build/my_cpp_pkg': CMAKE_PREFIX_PATH=${CMAKE_PREFIX_PATH}:/opt/ros/humble /usr/bin/cmake --build /home/pavan/MY_ROS_WS/build/my_cpp_pkg -- -j8 -l8
[55.448s] DEBUG:colcon.colcon_core.event_handler.log_command:Invoked command in '/home/pavan/MY_ROS_WS/build/my_cpp_pkg' returned '2': CMAKE_PREFIX_PATH=${CMAKE_PREFIX_PATH}:/opt/ros/humble /usr/bin/cmake --build /home/pavan/MY_ROS_WS/build/my_cpp_pkg -- -j8 -l8
[55.481s] Level 1:colcon.colcon_core.environment:create_environment_scripts_only(my_cpp_pkg)
[55.483s] Level 1:colcon.colcon_core.environment:checking '/home/pavan/MY_ROS_WS/install/my_cpp_pkg' for CMake module files
[55.484s] Level 1:colcon.colcon_core.environment:checking '/home/pavan/MY_ROS_WS/install/my_cpp_pkg' for CMake config files
[55.486s] Level 1:colcon.colcon_core.environment:checking '/home/pavan/MY_ROS_WS/install/my_cpp_pkg/bin'
[55.486s] Level 1:colcon.colcon_core.environment:checking '/home/pavan/MY_ROS_WS/install/my_cpp_pkg/lib/pkgconfig/my_cpp_pkg.pc'
[55.487s] Level 1:colcon.colcon_core.environment:checking '/home/pavan/MY_ROS_WS/install/my_cpp_pkg/lib/python3.10/site-packages'
[55.488s] Level 1:colcon.colcon_core.environment:checking '/home/pavan/MY_ROS_WS/install/my_cpp_pkg/bin'
[55.490s] INFO:colcon.colcon_core.shell:Creating package script '/home/pavan/MY_ROS_WS/install/my_cpp_pkg/share/my_cpp_pkg/package.ps1'
[55.492s] INFO:colcon.colcon_core.shell:Creating package descriptor '/home/pavan/MY_ROS_WS/install/my_cpp_pkg/share/my_cpp_pkg/package.dsv'
[55.494s] INFO:colcon.colcon_core.shell:Creating package script '/home/pavan/MY_ROS_WS/install/my_cpp_pkg/share/my_cpp_pkg/package.sh'
[55.496s] INFO:colcon.colcon_core.shell:Creating package script '/home/pavan/MY_ROS_WS/install/my_cpp_pkg/share/my_cpp_pkg/package.bash'
[55.497s] INFO:colcon.colcon_core.shell:Creating package script '/home/pavan/MY_ROS_WS/install/my_cpp_pkg/share/my_cpp_pkg/package.zsh'
[55.499s] Level 1:colcon.colcon_core.environment:create_file_with_runtime_dependencies(/home/pavan/MY_ROS_WS/install/my_cpp_pkg/share/colcon-core/packages/my_cpp_pkg)
[55.511s] DEBUG:colcon.colcon_parallel_executor.executor.parallel:closing loop
[55.511s] DEBUG:colcon.colcon_parallel_executor.executor.parallel:loop closed
[55.511s] DEBUG:colcon.colcon_parallel_executor.executor.parallel:run_until_complete finished with '2'
[55.511s] DEBUG:colcon.colcon_core.event_reactor:joining thread
[55.605s] INFO:colcon.colcon_core.plugin_system:Skipping extension 'colcon_notification.desktop_notification.terminal_notifier': Not used on non-Darwin systems
[55.606s] INFO:colcon.colcon_core.plugin_system:Skipping extension 'colcon_notification.desktop_notification.win32': Not used on non-Windows systems
[55.606s] INFO:colcon.colcon_notification.desktop_notification:Sending desktop notification using 'notify2'
[55.666s] DEBUG:colcon.colcon_core.event_reactor:joined thread
[55.666s] INFO:colcon.colcon_core.shell:Creating prefix script '/home/pavan/MY_ROS_WS/install/local_setup.ps1'
[55.700s] INFO:colcon.colcon_core.shell:Creating prefix util module '/home/pavan/MY_ROS_WS/install/_local_setup_util_ps1.py'
[55.769s] INFO:colcon.colcon_core.shell:Creating prefix chain script '/home/pavan/MY_ROS_WS/install/setup.ps1'
[55.811s] INFO:colcon.colcon_core.shell:Creating prefix script '/home/pavan/MY_ROS_WS/install/local_setup.sh'
[55.821s] INFO:colcon.colcon_core.shell:Creating prefix util module '/home/pavan/MY_ROS_WS/install/_local_setup_util_sh.py'
[55.824s] INFO:colcon.colcon_core.shell:Creating prefix chain script '/home/pavan/MY_ROS_WS/install/setup.sh'
[55.833s] INFO:colcon.colcon_core.shell:Creating prefix script '/home/pavan/MY_ROS_WS/install/local_setup.bash'
[55.859s] INFO:colcon.colcon_core.shell:Creating prefix chain script '/home/pavan/MY_ROS_WS/install/setup.bash'
[55.876s] INFO:colcon.colcon_core.shell:Creating prefix script '/home/pavan/MY_ROS_WS/install/local_setup.zsh'
[55.908s] INFO:colcon.colcon_core.shell:Creating prefix chain script '/home/pavan/MY_ROS_WS/install/setup.zsh'
