[0.072s] Invoking command in '/home/pavan/MY_ROS_WS/build/my_robot_interfaces': CMAKE_PREFIX_PATH=${CMAKE_PREFIX_PATH}:/opt/ros/humble /usr/bin/cmake --build /home/pavan/MY_ROS_WS/build/my_robot_interfaces -- -j8 -l8
[0.384s] -- Found ament_cmake: 1.3.11 (/opt/ros/humble/share/ament_cmake/cmake)
[0.552s] -- Found rosidl_default_generators: 1.2.0 (/opt/ros/humble/share/rosidl_default_generators/cmake)
[0.560s] -- Using all available rosidl_typesupport_c: rosidl_typesupport_fastrtps_c;rosidl_typesupport_introspection_c
[0.571s] -- Found rosidl_adapter: 3.1.6 (/opt/ros/humble/share/rosidl_adapter/cmake)
[0.634s] -- Using all available rosidl_typesupport_cpp: rosidl_typesupport_fastrtps_cpp;rosidl_typesupport_introspection_cpp
[1.331s] [31mCMake Error at /opt/ros/humble/share/rosidl_adapter/cmake/rosidl_adapt_interfaces.cmake:59 (message):
[1.331s]   execute_process(/usr/bin/python3 -m rosidl_adapter --package-name
[1.331s]   my_robot_interfaces --arguments-file
[1.331s]   /home/pavan/MY_ROS_WS/build/my_robot_interfaces/rosidl_adapter__arguments__my_robot_interfaces.json
[1.332s]   --output-dir
[1.332s]   /home/pavan/MY_ROS_WS/build/my_robot_interfaces/rosidl_adapter/my_robot_interfaces
[1.332s]   --output-file
[1.332s]   /home/pavan/MY_ROS_WS/build/my_robot_interfaces/rosidl_adapter/my_robot_interfaces.idls)
[1.332s]   returned error code 1:
[1.332s] 
[1.332s]   Error processing 'int64 lednumber[3]' of
[1.333s]   'my_robot_interfaces/SetLed_Request': ''lednumber[3]' is an invalid field
[1.333s]   name.  It should have the pattern '^(?!.*__)(?!.*_$)[a-z][a-z0-9_]*$''
[1.333s] 
[1.333s]   Traceback (most recent call last):
[1.333s] 
[1.333s]     File "/usr/lib/python3.10/runpy.py", line 196, in _run_module_as_main
[1.333s]       return _run_code(code, main_globals, None,
[1.333s]     File "/usr/lib/python3.10/runpy.py", line 86, in _run_code
[1.333s]       exec(code, run_globals)
[1.334s]     File "/opt/ros/humble/local/lib/python3.10/dist-packages/rosidl_adapter/__main__.py", line 19, in <module>
[1.334s]       sys.exit(main())
[1.334s]     File "/opt/ros/humble/local/lib/python3.10/dist-packages/rosidl_adapter/main.py", line 53, in main
[1.334s]       abs_idl_file = convert_to_idl(
[1.334s]     File "/opt/ros/humble/local/lib/python3.10/dist-packages/rosidl_adapter/__init__.py", line 24, in convert_to_idl
[1.334s]       return convert_srv_to_idl(
[1.334s]     File "/opt/ros/humble/local/lib/python3.10/dist-packages/rosidl_adapter/srv/__init__.py", line 28, in convert_srv_to_idl
[1.334s]       srv = parse_service_string(package_name, input_file.stem, content)
[1.334s]     File "/opt/ros/humble/local/lib/python3.10/dist-packages/rosidl_adapter/parser.py", line 859, in parse_service_string
[1.334s]       request_message = parse_message_string(
[1.334s]     File "/opt/ros/humble/local/lib/python3.10/dist-packages/rosidl_adapter/parser.py", line 519, in parse_message_string
[1.334s]       fields.append(Field(
[1.334s]     File "/opt/ros/humble/local/lib/python3.10/dist-packages/rosidl_adapter/parser.py", line 354, in __init__
[1.334s]       raise NameError(
[1.335s] 
[1.335s]   NameError: 'lednumber[3]' is an invalid field name.  It should have the
[1.335s]   pattern '^(?!.*__)(?!.*_$)[a-z][a-z0-9_]*$'
[1.335s] 
[1.335s] Call Stack (most recent call first):
[1.335s]   /opt/ros/humble/share/rosidl_cmake/cmake/rosidl_generate_interfaces.cmake:130 (rosidl_adapt_interfaces)
[1.335s]   CMakeLists.txt:15 (rosidl_generate_interfaces)
[1.335s] 
[1.335s] [0m
[1.335s] -- Configuring incomplete, errors occurred!
[1.335s] See also "/home/pavan/MY_ROS_WS/build/my_robot_interfaces/CMakeFiles/CMakeOutput.log".
[1.339s] gmake: *** [Makefile:1395: cmake_check_build_system] Error 1
[1.340s] Invoked command in '/home/pavan/MY_ROS_WS/build/my_robot_interfaces' returned '2': CMAKE_PREFIX_PATH=${CMAKE_PREFIX_PATH}:/opt/ros/humble /usr/bin/cmake --build /home/pavan/MY_ROS_WS/build/my_robot_interfaces -- -j8 -l8
