[0.013s] Invoking command in '/home/pavan/MY_ROS_WS/build/my_robot_interfaces': CMAKE_PREFIX_PATH=${CMAKE_PREFIX_PATH}:/opt/ros/humble /usr/bin/cmake --build /home/pavan/MY_ROS_WS/build/my_robot_interfaces -- -j8 -l8
[0.046s] -- Found ament_cmake: 1.3.11 (/opt/ros/humble/share/ament_cmake/cmake)
[0.198s] -- Found rosidl_default_generators: 1.2.0 (/opt/ros/humble/share/rosidl_default_generators/cmake)
[0.200s] -- Using all available rosidl_typesupport_c: rosidl_typesupport_fastrtps_c;rosidl_typesupport_introspection_c
[0.202s] -- Found rosidl_adapter: 3.1.6 (/opt/ros/humble/share/rosidl_adapter/cmake)
[0.231s] -- Using all available rosidl_typesupport_cpp: rosidl_typesupport_fastrtps_cpp;rosidl_typesupport_introspection_cpp
[0.567s] -- Found ament_cmake_ros: 0.10.0 (/opt/ros/humble/share/ament_cmake_ros/cmake)
[0.760s] -- Using all available rosidl_typesupport_c: rosidl_typesupport_fastrtps_c;rosidl_typesupport_introspection_c
[1.000s] -- Using all available rosidl_typesupport_cpp: rosidl_typesupport_fastrtps_cpp;rosidl_typesupport_introspection_cpp
[1.022s] -- Found python_cmake_module: 0.10.0 (/opt/ros/humble/share/python_cmake_module/cmake)
[1.047s] -- Using PYTHON_EXECUTABLE: /usr/bin/python3
[1.047s] -- Using PYTHON_INCLUDE_DIRS: /usr/include/python3.10
[1.047s] -- Using PYTHON_LIBRARIES: /usr/lib/x86_64-linux-gnu/libpython3.10.so
[1.067s] -- Configuring done
[1.107s] -- Generating done
[1.118s] -- Build files have been written to: /home/pavan/MY_ROS_WS/build/my_robot_interfaces
[1.140s] [  1%] [34m[1mGenerating C code for ROS interfaces[0m
[1.151s] [  3%] [34m[1mGenerating C++ code for ROS interfaces[0m
[1.163s] [  3%] Built target ament_cmake_python_copy_my_robot_interfaces
[1.460s] running egg_info
[1.461s] writing my_robot_interfaces.egg-info/PKG-INFO
[1.461s] writing dependency_links to my_robot_interfaces.egg-info/dependency_links.txt
[1.461s] writing top-level names to my_robot_interfaces.egg-info/top_level.txt
[1.463s] reading manifest file 'my_robot_interfaces.egg-info/SOURCES.txt'
[1.464s] writing manifest file 'my_robot_interfaces.egg-info/SOURCES.txt'
[1.503s] [  3%] Built target ament_cmake_python_build_my_robot_interfaces_egg
[1.781s] [35m[1mConsolidate compiler generated dependencies of target my_robot_interfaces__rosidl_generator_c[0m
[1.801s] [ 10%] [32mBuilding C object CMakeFiles/my_robot_interfaces__rosidl_generator_c.dir/rosidl_generator_c/my_robot_interfaces/srv/detail/custm_rectangle__functions.c.o[0m
[1.801s] [ 10%] [32mBuilding C object CMakeFiles/my_robot_interfaces__rosidl_generator_c.dir/rosidl_generator_c/my_robot_interfaces/srv/detail/set_led__functions.c.o[0m
[1.801s] [ 10%] [32mBuilding C object CMakeFiles/my_robot_interfaces__rosidl_generator_c.dir/rosidl_generator_c/my_robot_interfaces/msg/detail/hardware_status__functions.c.o[0m
[1.801s] [ 10%] [32mBuilding C object CMakeFiles/my_robot_interfaces__rosidl_generator_c.dir/rosidl_generator_c/my_robot_interfaces/msg/detail/led_states__functions.c.o[0m
[1.900s] [ 10%] Built target my_robot_interfaces__cpp
[1.904s] [ 12%] [32m[1mLinking C shared library libmy_robot_interfaces__rosidl_generator_c.so[0m
[1.909s] [ 14%] [34m[1mGenerating C++ type support for eProsima Fast-RTPS[0m
[1.910s] [ 16%] [34m[1mGenerating C++ type support dispatch for ROS interfaces[0m
[1.910s] [ 18%] [34m[1mGenerating C++ introspection for ROS interfaces[0m
[1.958s] [ 18%] Built target my_robot_interfaces__rosidl_generator_c
[1.973s] [ 20%] [34m[1mGenerating C type support for eProsima Fast-RTPS[0m
[1.974s] [ 21%] [34m[1mGenerating C type support dispatch for ROS interfaces[0m
[1.975s] [ 23%] [34m[1mGenerating C introspection for ROS interfaces[0m
[2.558s] [35m[1mConsolidate compiler generated dependencies of target my_robot_interfaces__rosidl_typesupport_cpp[0m
[2.608s] [ 25%] [32mBuilding CXX object CMakeFiles/my_robot_interfaces__rosidl_typesupport_cpp.dir/rosidl_typesupport_cpp/my_robot_interfaces/msg/hardware_status__type_support.cpp.o[0m
[2.621s] [ 27%] [32mBuilding CXX object CMakeFiles/my_robot_interfaces__rosidl_typesupport_cpp.dir/rosidl_typesupport_cpp/my_robot_interfaces/srv/custm_rectangle__type_support.cpp.o[0m
[2.653s] [ 29%] [32mBuilding CXX object CMakeFiles/my_robot_interfaces__rosidl_typesupport_cpp.dir/rosidl_typesupport_cpp/my_robot_interfaces/msg/led_states__type_support.cpp.o[0m
[2.694s] [35m[1mConsolidate compiler generated dependencies of target my_robot_interfaces__rosidl_typesupport_c[0m
[2.699s] [35m[1mConsolidate compiler generated dependencies of target my_robot_interfaces__rosidl_typesupport_introspection_cpp[0m
[2.721s] [ 30%] [32mBuilding CXX object CMakeFiles/my_robot_interfaces__rosidl_typesupport_c.dir/rosidl_typesupport_c/my_robot_interfaces/msg/hardware_status__type_support.cpp.o[0m
[2.763s] [ 32%] [32mBuilding CXX object CMakeFiles/my_robot_interfaces__rosidl_typesupport_introspection_cpp.dir/rosidl_typesupport_introspection_cpp/my_robot_interfaces/msg/detail/hardware_status__type_support.cpp.o[0m
[2.802s] [ 34%] [32mBuilding CXX object CMakeFiles/my_robot_interfaces__rosidl_typesupport_c.dir/rosidl_typesupport_c/my_robot_interfaces/srv/custm_rectangle__type_support.cpp.o[0m
[2.854s] [ 36%] [32mBuilding CXX object CMakeFiles/my_robot_interfaces__rosidl_typesupport_c.dir/rosidl_typesupport_c/my_robot_interfaces/msg/led_states__type_support.cpp.o[0m
[2.875s] [35m[1mConsolidate compiler generated dependencies of target my_robot_interfaces__rosidl_typesupport_fastrtps_c[0m
[2.911s] [ 38%] [32mBuilding CXX object CMakeFiles/my_robot_interfaces__rosidl_typesupport_fastrtps_c.dir/rosidl_typesupport_fastrtps_c/my_robot_interfaces/msg/detail/hardware_status__type_support_c.cpp.o[0m
[2.934s] [ 40%] [32mBuilding CXX object CMakeFiles/my_robot_interfaces__rosidl_typesupport_c.dir/rosidl_typesupport_c/my_robot_interfaces/srv/set_led__type_support.cpp.o[0m
[2.981s] [35m[1mConsolidate compiler generated dependencies of target my_robot_interfaces__rosidl_typesupport_fastrtps_cpp[0m
[3.002s] [ 41%] [32m[1mLinking CXX shared library libmy_robot_interfaces__rosidl_typesupport_c.so[0m
[3.035s] [ 43%] [32mBuilding CXX object CMakeFiles/my_robot_interfaces__rosidl_typesupport_fastrtps_cpp.dir/rosidl_typesupport_fastrtps_cpp/my_robot_interfaces/msg/detail/dds_fastrtps/hardware_status__type_support.cpp.o[0m
[3.067s] [35m[1mConsolidate compiler generated dependencies of target my_robot_interfaces__rosidl_typesupport_introspection_c[0m
[3.113s] [ 45%] [32mBuilding C object CMakeFiles/my_robot_interfaces__rosidl_typesupport_introspection_c.dir/rosidl_typesupport_introspection_c/my_robot_interfaces/msg/detail/hardware_status__type_support.c.o[0m
[3.135s] [ 45%] Built target my_robot_interfaces__rosidl_typesupport_c
[3.189s] [ 47%] [32mBuilding CXX object CMakeFiles/my_robot_interfaces__rosidl_typesupport_introspection_cpp.dir/rosidl_typesupport_introspection_cpp/my_robot_interfaces/srv/detail/custm_rectangle__type_support.cpp.o[0m
[3.257s] [ 49%] [32mBuilding CXX object CMakeFiles/my_robot_interfaces__rosidl_typesupport_introspection_cpp.dir/rosidl_typesupport_introspection_cpp/my_robot_interfaces/msg/detail/led_states__type_support.cpp.o[0m
[3.263s] [ 50%] [32mBuilding C object CMakeFiles/my_robot_interfaces__rosidl_typesupport_introspection_c.dir/rosidl_typesupport_introspection_c/my_robot_interfaces/srv/detail/custm_rectangle__type_support.c.o[0m
[3.281s] [ 52%] [32mBuilding CXX object CMakeFiles/my_robot_interfaces__rosidl_typesupport_fastrtps_cpp.dir/rosidl_typesupport_fastrtps_cpp/my_robot_interfaces/srv/detail/dds_fastrtps/custm_rectangle__type_support.cpp.o[0m
[3.342s] [ 54%] [32mBuilding CXX object CMakeFiles/my_robot_interfaces__rosidl_typesupport_cpp.dir/rosidl_typesupport_cpp/my_robot_interfaces/srv/set_led__type_support.cpp.o[0m
[3.358s] [ 56%] [32mBuilding C object CMakeFiles/my_robot_interfaces__rosidl_typesupport_introspection_c.dir/rosidl_typesupport_introspection_c/my_robot_interfaces/msg/detail/led_states__type_support.c.o[0m
[3.467s] [ 58%] [32mBuilding C object CMakeFiles/my_robot_interfaces__rosidl_typesupport_introspection_c.dir/rosidl_typesupport_introspection_c/my_robot_interfaces/srv/detail/set_led__type_support.c.o[0m
[3.609s] [ 60%] [32m[1mLinking C shared library libmy_robot_interfaces__rosidl_typesupport_introspection_c.so[0m
[3.721s] [ 60%] Built target my_robot_interfaces__rosidl_typesupport_introspection_c
[3.733s] [ 61%] [32mBuilding CXX object CMakeFiles/my_robot_interfaces__rosidl_typesupport_fastrtps_c.dir/rosidl_typesupport_fastrtps_c/my_robot_interfaces/srv/detail/custm_rectangle__type_support_c.cpp.o[0m
[3.737s] [ 63%] [32mBuilding CXX object CMakeFiles/my_robot_interfaces__rosidl_typesupport_fastrtps_c.dir/rosidl_typesupport_fastrtps_c/my_robot_interfaces/msg/detail/led_states__type_support_c.cpp.o[0m
[3.998s] [ 65%] [32mBuilding CXX object CMakeFiles/my_robot_interfaces__rosidl_typesupport_fastrtps_c.dir/rosidl_typesupport_fastrtps_c/my_robot_interfaces/srv/detail/set_led__type_support_c.cpp.o[0m
[4.132s] [ 67%] [32mBuilding CXX object CMakeFiles/my_robot_interfaces__rosidl_typesupport_fastrtps_cpp.dir/rosidl_typesupport_fastrtps_cpp/my_robot_interfaces/msg/detail/dds_fastrtps/led_states__type_support.cpp.o[0m
[4.159s] [ 69%] [32m[1mLinking CXX shared library libmy_robot_interfaces__rosidl_typesupport_cpp.so[0m
[4.211s] [ 70%] [32mBuilding CXX object CMakeFiles/my_robot_interfaces__rosidl_typesupport_fastrtps_cpp.dir/rosidl_typesupport_fastrtps_cpp/my_robot_interfaces/srv/detail/dds_fastrtps/set_led__type_support.cpp.o[0m
[4.324s] [ 70%] Built target my_robot_interfaces__rosidl_typesupport_cpp
[4.353s] [ 72%] [32mBuilding CXX object CMakeFiles/my_robot_interfaces__rosidl_typesupport_introspection_cpp.dir/rosidl_typesupport_introspection_cpp/my_robot_interfaces/srv/detail/set_led__type_support.cpp.o[0m
[4.635s] [ 74%] [32m[1mLinking CXX shared library libmy_robot_interfaces__rosidl_typesupport_fastrtps_c.so[0m
[4.780s] [ 74%] Built target my_robot_interfaces__rosidl_typesupport_fastrtps_c
[4.953s] [ 76%] [32m[1mLinking CXX shared library libmy_robot_interfaces__rosidl_typesupport_fastrtps_cpp.so[0m
[4.959s] [ 78%] [32m[1mLinking CXX shared library libmy_robot_interfaces__rosidl_typesupport_introspection_cpp.so[0m
[5.091s] [ 78%] Built target my_robot_interfaces__rosidl_typesupport_introspection_cpp
[5.092s] [ 78%] Built target my_robot_interfaces__rosidl_typesupport_fastrtps_cpp
[5.117s] [ 78%] Built target my_robot_interfaces
[5.138s] [ 80%] [34m[1mGenerating Python code for ROS interfaces[0m
[5.875s] [ 80%] Built target my_robot_interfaces__py
[5.885s] [35m[1mConsolidate compiler generated dependencies of target my_robot_interfaces__rosidl_generator_py[0m
[5.901s] [ 81%] [32mBuilding C object CMakeFiles/my_robot_interfaces__rosidl_generator_py.dir/rosidl_generator_py/my_robot_interfaces/msg/_hardware_status_s.c.o[0m
[5.902s] [ 83%] [32mBuilding C object CMakeFiles/my_robot_interfaces__rosidl_generator_py.dir/rosidl_generator_py/my_robot_interfaces/srv/_set_led_s.c.o[0m
[5.902s] [ 85%] [32mBuilding C object CMakeFiles/my_robot_interfaces__rosidl_generator_py.dir/rosidl_generator_py/my_robot_interfaces/msg/_led_states_s.c.o[0m
[5.903s] [ 87%] [32mBuilding C object CMakeFiles/my_robot_interfaces__rosidl_generator_py.dir/rosidl_generator_py/my_robot_interfaces/srv/_custm_rectangle_s.c.o[0m
[6.048s] [ 89%] [32m[1mLinking C shared library rosidl_generator_py/my_robot_interfaces/libmy_robot_interfaces__rosidl_generator_py.so[0m
[6.085s] [ 89%] Built target my_robot_interfaces__rosidl_generator_py
[6.093s] [35m[1mConsolidate compiler generated dependencies of target my_robot_interfaces__rosidl_typesupport_fastrtps_c__pyext[0m
[6.093s] [35m[1mConsolidate compiler generated dependencies of target my_robot_interfaces__rosidl_typesupport_c__pyext[0m
[6.094s] [35m[1mConsolidate compiler generated dependencies of target my_robot_interfaces__rosidl_typesupport_introspection_c__pyext[0m
[6.105s] [ 92%] [32mBuilding C object CMakeFiles/my_robot_interfaces__rosidl_typesupport_c__pyext.dir/rosidl_generator_py/my_robot_interfaces/_my_robot_interfaces_s.ep.rosidl_typesupport_c.c.o[0m
[6.106s] [ 92%] [32mBuilding C object CMakeFiles/my_robot_interfaces__rosidl_typesupport_introspection_c__pyext.dir/rosidl_generator_py/my_robot_interfaces/_my_robot_interfaces_s.ep.rosidl_typesupport_introspection_c.c.o[0m
[6.108s] [ 94%] [32mBuilding C object CMakeFiles/my_robot_interfaces__rosidl_typesupport_fastrtps_c__pyext.dir/rosidl_generator_py/my_robot_interfaces/_my_robot_interfaces_s.ep.rosidl_typesupport_fastrtps_c.c.o[0m
[6.214s] [ 96%] [32m[1mLinking C shared library rosidl_generator_py/my_robot_interfaces/my_robot_interfaces_s__rosidl_typesupport_introspection_c.cpython-310-x86_64-linux-gnu.so[0m
[6.250s] [ 96%] Built target my_robot_interfaces__rosidl_typesupport_introspection_c__pyext
[6.270s] [ 98%] [32m[1mLinking C shared library rosidl_generator_py/my_robot_interfaces/my_robot_interfaces_s__rosidl_typesupport_c.cpython-310-x86_64-linux-gnu.so[0m
[6.277s] [100%] [32m[1mLinking C shared library rosidl_generator_py/my_robot_interfaces/my_robot_interfaces_s__rosidl_typesupport_fastrtps_c.cpython-310-x86_64-linux-gnu.so[0m
[6.301s] [100%] Built target my_robot_interfaces__rosidl_typesupport_c__pyext
[6.310s] [100%] Built target my_robot_interfaces__rosidl_typesupport_fastrtps_c__pyext
[6.321s] Invoked command in '/home/pavan/MY_ROS_WS/build/my_robot_interfaces' returned '0': CMAKE_PREFIX_PATH=${CMAKE_PREFIX_PATH}:/opt/ros/humble /usr/bin/cmake --build /home/pavan/MY_ROS_WS/build/my_robot_interfaces -- -j8 -l8
[6.331s] Invoking command in '/home/pavan/MY_ROS_WS/build/my_robot_interfaces': CMAKE_PREFIX_PATH=${CMAKE_PREFIX_PATH}:/opt/ros/humble /usr/bin/cmake --install /home/pavan/MY_ROS_WS/build/my_robot_interfaces
[6.337s] -- Install configuration: ""
[6.337s] -- Up-to-date: /home/pavan/MY_ROS_WS/install/my_robot_interfaces/share/ament_index/resource_index/rosidl_interfaces/my_robot_interfaces
[6.337s] -- Up-to-date: /home/pavan/MY_ROS_WS/install/my_robot_interfaces/include/my_robot_interfaces/my_robot_interfaces
[6.338s] -- Up-to-date: /home/pavan/MY_ROS_WS/install/my_robot_interfaces/include/my_robot_interfaces/my_robot_interfaces/msg
[6.338s] -- Installing: /home/pavan/MY_ROS_WS/install/my_robot_interfaces/include/my_robot_interfaces/my_robot_interfaces/msg/led_states.h
[6.338s] -- Installing: /home/pavan/MY_ROS_WS/install/my_robot_interfaces/include/my_robot_interfaces/my_robot_interfaces/msg/hardware_status.h
[6.338s] -- Up-to-date: /home/pavan/MY_ROS_WS/install/my_robot_interfaces/include/my_robot_interfaces/my_robot_interfaces/msg/detail
[6.338s] -- Installing: /home/pavan/MY_ROS_WS/install/my_robot_interfaces/include/my_robot_interfaces/my_robot_interfaces/msg/detail/hardware_status__functions.h
[6.338s] -- Installing: /home/pavan/MY_ROS_WS/install/my_robot_interfaces/include/my_robot_interfaces/my_robot_interfaces/msg/detail/led_states__functions.h
[6.338s] -- Installing: /home/pavan/MY_ROS_WS/install/my_robot_interfaces/include/my_robot_interfaces/my_robot_interfaces/msg/detail/hardware_status__functions.c
[6.338s] -- Installing: /home/pavan/MY_ROS_WS/install/my_robot_interfaces/include/my_robot_interfaces/my_robot_interfaces/msg/detail/led_states__struct.h
[6.338s] -- Installing: /home/pavan/MY_ROS_WS/install/my_robot_interfaces/include/my_robot_interfaces/my_robot_interfaces/msg/detail/led_states__type_support.h
[6.338s] -- Installing: /home/pavan/MY_ROS_WS/install/my_robot_interfaces/include/my_robot_interfaces/my_robot_interfaces/msg/detail/led_states__functions.c
[6.338s] -- Installing: /home/pavan/MY_ROS_WS/install/my_robot_interfaces/include/my_robot_interfaces/my_robot_interfaces/msg/detail/hardware_status__struct.h
[6.338s] -- Installing: /home/pavan/MY_ROS_WS/install/my_robot_interfaces/include/my_robot_interfaces/my_robot_interfaces/msg/detail/hardware_status__type_support.h
[6.339s] -- Up-to-date: /home/pavan/MY_ROS_WS/install/my_robot_interfaces/include/my_robot_interfaces/my_robot_interfaces/msg/rosidl_generator_c__visibility_control.h
[6.339s] -- Up-to-date: /home/pavan/MY_ROS_WS/install/my_robot_interfaces/include/my_robot_interfaces/my_robot_interfaces/srv
[6.339s] -- Installing: /home/pavan/MY_ROS_WS/install/my_robot_interfaces/include/my_robot_interfaces/my_robot_interfaces/srv/custm_rectangle.h
[6.339s] -- Installing: /home/pavan/MY_ROS_WS/install/my_robot_interfaces/include/my_robot_interfaces/my_robot_interfaces/srv/set_led.h
[6.339s] -- Up-to-date: /home/pavan/MY_ROS_WS/install/my_robot_interfaces/include/my_robot_interfaces/my_robot_interfaces/srv/detail
[6.339s] -- Installing: /home/pavan/MY_ROS_WS/install/my_robot_interfaces/include/my_robot_interfaces/my_robot_interfaces/srv/detail/custm_rectangle__functions.h
[6.339s] -- Installing: /home/pavan/MY_ROS_WS/install/my_robot_interfaces/include/my_robot_interfaces/my_robot_interfaces/srv/detail/set_led__functions.h
[6.339s] -- Installing: /home/pavan/MY_ROS_WS/install/my_robot_interfaces/include/my_robot_interfaces/my_robot_interfaces/srv/detail/set_led__struct.h
[6.339s] -- Installing: /home/pavan/MY_ROS_WS/install/my_robot_interfaces/include/my_robot_interfaces/my_robot_interfaces/srv/detail/custm_rectangle__type_support.h
[6.339s] -- Installing: /home/pavan/MY_ROS_WS/install/my_robot_interfaces/include/my_robot_interfaces/my_robot_interfaces/srv/detail/custm_rectangle__functions.c
[6.340s] -- Installing: /home/pavan/MY_ROS_WS/install/my_robot_interfaces/include/my_robot_interfaces/my_robot_interfaces/srv/detail/custm_rectangle__struct.h
[6.340s] -- Installing: /home/pavan/MY_ROS_WS/install/my_robot_interfaces/include/my_robot_interfaces/my_robot_interfaces/srv/detail/set_led__functions.c
[6.340s] -- Installing: /home/pavan/MY_ROS_WS/install/my_robot_interfaces/include/my_robot_interfaces/my_robot_interfaces/srv/detail/set_led__type_support.h
[6.340s] -- Up-to-date: /home/pavan/MY_ROS_WS/install/my_robot_interfaces/share/my_robot_interfaces/environment/library_path.sh
[6.340s] -- Installing: /home/pavan/MY_ROS_WS/install/my_robot_interfaces/share/my_robot_interfaces/environment/library_path.dsv
[6.340s] -- Installing: /home/pavan/MY_ROS_WS/install/my_robot_interfaces/lib/libmy_robot_interfaces__rosidl_generator_c.so
[6.340s] -- Set runtime path of "/home/pavan/MY_ROS_WS/install/my_robot_interfaces/lib/libmy_robot_interfaces__rosidl_generator_c.so" to ""
[6.341s] -- Up-to-date: /home/pavan/MY_ROS_WS/install/my_robot_interfaces/include/my_robot_interfaces/my_robot_interfaces
[6.341s] -- Up-to-date: /home/pavan/MY_ROS_WS/install/my_robot_interfaces/include/my_robot_interfaces/my_robot_interfaces/msg
[6.341s] -- Up-to-date: /home/pavan/MY_ROS_WS/install/my_robot_interfaces/include/my_robot_interfaces/my_robot_interfaces/msg/rosidl_typesupport_fastrtps_c__visibility_control.h
[6.341s] -- Up-to-date: /home/pavan/MY_ROS_WS/install/my_robot_interfaces/include/my_robot_interfaces/my_robot_interfaces/msg/detail
[6.341s] -- Installing: /home/pavan/MY_ROS_WS/install/my_robot_interfaces/include/my_robot_interfaces/my_robot_interfaces/msg/detail/hardware_status__rosidl_typesupport_fastrtps_c.h
[6.341s] -- Installing: /home/pavan/MY_ROS_WS/install/my_robot_interfaces/include/my_robot_interfaces/my_robot_interfaces/msg/detail/led_states__rosidl_typesupport_fastrtps_c.h
[6.341s] -- Up-to-date: /home/pavan/MY_ROS_WS/install/my_robot_interfaces/include/my_robot_interfaces/my_robot_interfaces/srv
[6.341s] -- Up-to-date: /home/pavan/MY_ROS_WS/install/my_robot_interfaces/include/my_robot_interfaces/my_robot_interfaces/srv/detail
[6.341s] -- Installing: /home/pavan/MY_ROS_WS/install/my_robot_interfaces/include/my_robot_interfaces/my_robot_interfaces/srv/detail/set_led__rosidl_typesupport_fastrtps_c.h
[6.341s] -- Installing: /home/pavan/MY_ROS_WS/install/my_robot_interfaces/include/my_robot_interfaces/my_robot_interfaces/srv/detail/custm_rectangle__rosidl_typesupport_fastrtps_c.h
[6.341s] -- Installing: /home/pavan/MY_ROS_WS/install/my_robot_interfaces/lib/libmy_robot_interfaces__rosidl_typesupport_fastrtps_c.so
[6.342s] -- Set runtime path of "/home/pavan/MY_ROS_WS/install/my_robot_interfaces/lib/libmy_robot_interfaces__rosidl_typesupport_fastrtps_c.so" to ""
[6.342s] -- Up-to-date: /home/pavan/MY_ROS_WS/install/my_robot_interfaces/include/my_robot_interfaces/my_robot_interfaces
[6.342s] -- Up-to-date: /home/pavan/MY_ROS_WS/install/my_robot_interfaces/include/my_robot_interfaces/my_robot_interfaces/msg
[6.342s] -- Up-to-date: /home/pavan/MY_ROS_WS/install/my_robot_interfaces/include/my_robot_interfaces/my_robot_interfaces/msg/rosidl_typesupport_introspection_c__visibility_control.h
[6.342s] -- Up-to-date: /home/pavan/MY_ROS_WS/install/my_robot_interfaces/include/my_robot_interfaces/my_robot_interfaces/msg/detail
[6.342s] -- Installing: /home/pavan/MY_ROS_WS/install/my_robot_interfaces/include/my_robot_interfaces/my_robot_interfaces/msg/detail/hardware_status__type_support.c
[6.342s] -- Installing: /home/pavan/MY_ROS_WS/install/my_robot_interfaces/include/my_robot_interfaces/my_robot_interfaces/msg/detail/led_states__type_support.c
[6.342s] -- Installing: /home/pavan/MY_ROS_WS/install/my_robot_interfaces/include/my_robot_interfaces/my_robot_interfaces/msg/detail/hardware_status__rosidl_typesupport_introspection_c.h
[6.342s] -- Installing: /home/pavan/MY_ROS_WS/install/my_robot_interfaces/include/my_robot_interfaces/my_robot_interfaces/msg/detail/led_states__rosidl_typesupport_introspection_c.h
[6.342s] -- Up-to-date: /home/pavan/MY_ROS_WS/install/my_robot_interfaces/include/my_robot_interfaces/my_robot_interfaces/srv
[6.342s] -- Up-to-date: /home/pavan/MY_ROS_WS/install/my_robot_interfaces/include/my_robot_interfaces/my_robot_interfaces/srv/detail
[6.343s] -- Installing: /home/pavan/MY_ROS_WS/install/my_robot_interfaces/include/my_robot_interfaces/my_robot_interfaces/srv/detail/custm_rectangle__rosidl_typesupport_introspection_c.h
[6.343s] -- Installing: /home/pavan/MY_ROS_WS/install/my_robot_interfaces/include/my_robot_interfaces/my_robot_interfaces/srv/detail/custm_rectangle__type_support.c
[6.343s] -- Installing: /home/pavan/MY_ROS_WS/install/my_robot_interfaces/include/my_robot_interfaces/my_robot_interfaces/srv/detail/set_led__rosidl_typesupport_introspection_c.h
[6.343s] -- Installing: /home/pavan/MY_ROS_WS/install/my_robot_interfaces/include/my_robot_interfaces/my_robot_interfaces/srv/detail/set_led__type_support.c
[6.343s] -- Installing: /home/pavan/MY_ROS_WS/install/my_robot_interfaces/lib/libmy_robot_interfaces__rosidl_typesupport_introspection_c.so
[6.343s] -- Set runtime path of "/home/pavan/MY_ROS_WS/install/my_robot_interfaces/lib/libmy_robot_interfaces__rosidl_typesupport_introspection_c.so" to ""
[6.343s] -- Installing: /home/pavan/MY_ROS_WS/install/my_robot_interfaces/lib/libmy_robot_interfaces__rosidl_typesupport_c.so
[6.343s] -- Set runtime path of "/home/pavan/MY_ROS_WS/install/my_robot_interfaces/lib/libmy_robot_interfaces__rosidl_typesupport_c.so" to ""
[6.343s] -- Up-to-date: /home/pavan/MY_ROS_WS/install/my_robot_interfaces/include/my_robot_interfaces/my_robot_interfaces
[6.344s] -- Up-to-date: /home/pavan/MY_ROS_WS/install/my_robot_interfaces/include/my_robot_interfaces/my_robot_interfaces/msg
[6.344s] -- Installing: /home/pavan/MY_ROS_WS/install/my_robot_interfaces/include/my_robot_interfaces/my_robot_interfaces/msg/hardware_status.hpp
[6.344s] -- Up-to-date: /home/pavan/MY_ROS_WS/install/my_robot_interfaces/include/my_robot_interfaces/my_robot_interfaces/msg/detail
[6.344s] -- Installing: /home/pavan/MY_ROS_WS/install/my_robot_interfaces/include/my_robot_interfaces/my_robot_interfaces/msg/detail/hardware_status__struct.hpp
[6.344s] -- Installing: /home/pavan/MY_ROS_WS/install/my_robot_interfaces/include/my_robot_interfaces/my_robot_interfaces/msg/detail/led_states__struct.hpp
[6.344s] -- Installing: /home/pavan/MY_ROS_WS/install/my_robot_interfaces/include/my_robot_interfaces/my_robot_interfaces/msg/detail/hardware_status__traits.hpp
[6.344s] -- Installing: /home/pavan/MY_ROS_WS/install/my_robot_interfaces/include/my_robot_interfaces/my_robot_interfaces/msg/detail/hardware_status__builder.hpp
[6.344s] -- Installing: /home/pavan/MY_ROS_WS/install/my_robot_interfaces/include/my_robot_interfaces/my_robot_interfaces/msg/detail/led_states__type_support.hpp
[6.344s] -- Installing: /home/pavan/MY_ROS_WS/install/my_robot_interfaces/include/my_robot_interfaces/my_robot_interfaces/msg/detail/led_states__traits.hpp
[6.344s] -- Installing: /home/pavan/MY_ROS_WS/install/my_robot_interfaces/include/my_robot_interfaces/my_robot_interfaces/msg/detail/led_states__builder.hpp
[6.344s] -- Installing: /home/pavan/MY_ROS_WS/install/my_robot_interfaces/include/my_robot_interfaces/my_robot_interfaces/msg/detail/hardware_status__type_support.hpp
[6.345s] -- Up-to-date: /home/pavan/MY_ROS_WS/install/my_robot_interfaces/include/my_robot_interfaces/my_robot_interfaces/msg/rosidl_generator_cpp__visibility_control.hpp
[6.345s] -- Installing: /home/pavan/MY_ROS_WS/install/my_robot_interfaces/include/my_robot_interfaces/my_robot_interfaces/msg/led_states.hpp
[6.345s] -- Up-to-date: /home/pavan/MY_ROS_WS/install/my_robot_interfaces/include/my_robot_interfaces/my_robot_interfaces/srv
[6.345s] -- Installing: /home/pavan/MY_ROS_WS/install/my_robot_interfaces/include/my_robot_interfaces/my_robot_interfaces/srv/set_led.hpp
[6.345s] -- Installing: /home/pavan/MY_ROS_WS/install/my_robot_interfaces/include/my_robot_interfaces/my_robot_interfaces/srv/custm_rectangle.hpp
[6.345s] -- Up-to-date: /home/pavan/MY_ROS_WS/install/my_robot_interfaces/include/my_robot_interfaces/my_robot_interfaces/srv/detail
[6.345s] -- Installing: /home/pavan/MY_ROS_WS/install/my_robot_interfaces/include/my_robot_interfaces/my_robot_interfaces/srv/detail/set_led__builder.hpp
[6.345s] -- Installing: /home/pavan/MY_ROS_WS/install/my_robot_interfaces/include/my_robot_interfaces/my_robot_interfaces/srv/detail/set_led__type_support.hpp
[6.345s] -- Installing: /home/pavan/MY_ROS_WS/install/my_robot_interfaces/include/my_robot_interfaces/my_robot_interfaces/srv/detail/set_led__struct.hpp
[6.345s] -- Installing: /home/pavan/MY_ROS_WS/install/my_robot_interfaces/include/my_robot_interfaces/my_robot_interfaces/srv/detail/custm_rectangle__traits.hpp
[6.345s] -- Installing: /home/pavan/MY_ROS_WS/install/my_robot_interfaces/include/my_robot_interfaces/my_robot_interfaces/srv/detail/custm_rectangle__struct.hpp
[6.346s] -- Installing: /home/pavan/MY_ROS_WS/install/my_robot_interfaces/include/my_robot_interfaces/my_robot_interfaces/srv/detail/set_led__traits.hpp
[6.346s] -- Installing: /home/pavan/MY_ROS_WS/install/my_robot_interfaces/include/my_robot_interfaces/my_robot_interfaces/srv/detail/custm_rectangle__builder.hpp
[6.346s] -- Installing: /home/pavan/MY_ROS_WS/install/my_robot_interfaces/include/my_robot_interfaces/my_robot_interfaces/srv/detail/custm_rectangle__type_support.hpp
[6.346s] -- Up-to-date: /home/pavan/MY_ROS_WS/install/my_robot_interfaces/include/my_robot_interfaces/my_robot_interfaces
[6.346s] -- Up-to-date: /home/pavan/MY_ROS_WS/install/my_robot_interfaces/include/my_robot_interfaces/my_robot_interfaces/msg
[6.346s] -- Up-to-date: /home/pavan/MY_ROS_WS/install/my_robot_interfaces/include/my_robot_interfaces/my_robot_interfaces/msg/detail
[6.346s] -- Installing: /home/pavan/MY_ROS_WS/install/my_robot_interfaces/include/my_robot_interfaces/my_robot_interfaces/msg/detail/led_states__rosidl_typesupport_fastrtps_cpp.hpp
[6.346s] -- Up-to-date: /home/pavan/MY_ROS_WS/install/my_robot_interfaces/include/my_robot_interfaces/my_robot_interfaces/msg/detail/dds_fastrtps
[6.346s] -- Installing: /home/pavan/MY_ROS_WS/install/my_robot_interfaces/include/my_robot_interfaces/my_robot_interfaces/msg/detail/hardware_status__rosidl_typesupport_fastrtps_cpp.hpp
[6.346s] -- Up-to-date: /home/pavan/MY_ROS_WS/install/my_robot_interfaces/include/my_robot_interfaces/my_robot_interfaces/msg/rosidl_typesupport_fastrtps_cpp__visibility_control.h
[6.347s] -- Up-to-date: /home/pavan/MY_ROS_WS/install/my_robot_interfaces/include/my_robot_interfaces/my_robot_interfaces/srv
[6.347s] -- Up-to-date: /home/pavan/MY_ROS_WS/install/my_robot_interfaces/include/my_robot_interfaces/my_robot_interfaces/srv/detail
[6.347s] -- Installing: /home/pavan/MY_ROS_WS/install/my_robot_interfaces/include/my_robot_interfaces/my_robot_interfaces/srv/detail/custm_rectangle__rosidl_typesupport_fastrtps_cpp.hpp
[6.347s] -- Up-to-date: /home/pavan/MY_ROS_WS/install/my_robot_interfaces/include/my_robot_interfaces/my_robot_interfaces/srv/detail/dds_fastrtps
[6.347s] -- Installing: /home/pavan/MY_ROS_WS/install/my_robot_interfaces/include/my_robot_interfaces/my_robot_interfaces/srv/detail/set_led__rosidl_typesupport_fastrtps_cpp.hpp
[6.347s] -- Installing: /home/pavan/MY_ROS_WS/install/my_robot_interfaces/lib/libmy_robot_interfaces__rosidl_typesupport_fastrtps_cpp.so
[6.347s] -- Set runtime path of "/home/pavan/MY_ROS_WS/install/my_robot_interfaces/lib/libmy_robot_interfaces__rosidl_typesupport_fastrtps_cpp.so" to ""
[6.347s] -- Up-to-date: /home/pavan/MY_ROS_WS/install/my_robot_interfaces/include/my_robot_interfaces/my_robot_interfaces
[6.347s] -- Up-to-date: /home/pavan/MY_ROS_WS/install/my_robot_interfaces/include/my_robot_interfaces/my_robot_interfaces/msg
[6.347s] -- Up-to-date: /home/pavan/MY_ROS_WS/install/my_robot_interfaces/include/my_robot_interfaces/my_robot_interfaces/msg/detail
[6.348s] -- Installing: /home/pavan/MY_ROS_WS/install/my_robot_interfaces/include/my_robot_interfaces/my_robot_interfaces/msg/detail/led_states__type_support.cpp
[6.348s] -- Installing: /home/pavan/MY_ROS_WS/install/my_robot_interfaces/include/my_robot_interfaces/my_robot_interfaces/msg/detail/led_states__rosidl_typesupport_introspection_cpp.hpp
[6.348s] -- Installing: /home/pavan/MY_ROS_WS/install/my_robot_interfaces/include/my_robot_interfaces/my_robot_interfaces/msg/detail/hardware_status__rosidl_typesupport_introspection_cpp.hpp
[6.348s] -- Installing: /home/pavan/MY_ROS_WS/install/my_robot_interfaces/include/my_robot_interfaces/my_robot_interfaces/msg/detail/hardware_status__type_support.cpp
[6.348s] -- Up-to-date: /home/pavan/MY_ROS_WS/install/my_robot_interfaces/include/my_robot_interfaces/my_robot_interfaces/srv
[6.348s] -- Up-to-date: /home/pavan/MY_ROS_WS/install/my_robot_interfaces/include/my_robot_interfaces/my_robot_interfaces/srv/detail
[6.348s] -- Installing: /home/pavan/MY_ROS_WS/install/my_robot_interfaces/include/my_robot_interfaces/my_robot_interfaces/srv/detail/custm_rectangle__type_support.cpp
[6.348s] -- Installing: /home/pavan/MY_ROS_WS/install/my_robot_interfaces/include/my_robot_interfaces/my_robot_interfaces/srv/detail/custm_rectangle__rosidl_typesupport_introspection_cpp.hpp
[6.348s] -- Installing: /home/pavan/MY_ROS_WS/install/my_robot_interfaces/include/my_robot_interfaces/my_robot_interfaces/srv/detail/set_led__rosidl_typesupport_introspection_cpp.hpp
[6.348s] -- Installing: /home/pavan/MY_ROS_WS/install/my_robot_interfaces/include/my_robot_interfaces/my_robot_interfaces/srv/detail/set_led__type_support.cpp
[6.349s] -- Installing: /home/pavan/MY_ROS_WS/install/my_robot_interfaces/lib/libmy_robot_interfaces__rosidl_typesupport_introspection_cpp.so
[6.349s] -- Set runtime path of "/home/pavan/MY_ROS_WS/install/my_robot_interfaces/lib/libmy_robot_interfaces__rosidl_typesupport_introspection_cpp.so" to ""
[6.349s] -- Installing: /home/pavan/MY_ROS_WS/install/my_robot_interfaces/lib/libmy_robot_interfaces__rosidl_typesupport_cpp.so
[6.349s] -- Set runtime path of "/home/pavan/MY_ROS_WS/install/my_robot_interfaces/lib/libmy_robot_interfaces__rosidl_typesupport_cpp.so" to ""
[6.350s] -- Up-to-date: /home/pavan/MY_ROS_WS/install/my_robot_interfaces/share/my_robot_interfaces/environment/pythonpath.sh
[6.350s] -- Installing: /home/pavan/MY_ROS_WS/install/my_robot_interfaces/share/my_robot_interfaces/environment/pythonpath.dsv
[6.350s] -- Up-to-date: /home/pavan/MY_ROS_WS/install/my_robot_interfaces/local/lib/python3.10/dist-packages/my_robot_interfaces-0.0.0-py3.10.egg-info
[6.350s] -- Installing: /home/pavan/MY_ROS_WS/install/my_robot_interfaces/local/lib/python3.10/dist-packages/my_robot_interfaces-0.0.0-py3.10.egg-info/dependency_links.txt
[6.350s] -- Installing: /home/pavan/MY_ROS_WS/install/my_robot_interfaces/local/lib/python3.10/dist-packages/my_robot_interfaces-0.0.0-py3.10.egg-info/top_level.txt
[6.350s] -- Installing: /home/pavan/MY_ROS_WS/install/my_robot_interfaces/local/lib/python3.10/dist-packages/my_robot_interfaces-0.0.0-py3.10.egg-info/SOURCES.txt
[6.350s] -- Installing: /home/pavan/MY_ROS_WS/install/my_robot_interfaces/local/lib/python3.10/dist-packages/my_robot_interfaces-0.0.0-py3.10.egg-info/PKG-INFO
[6.350s] -- Up-to-date: /home/pavan/MY_ROS_WS/install/my_robot_interfaces/local/lib/python3.10/dist-packages/my_robot_interfaces
[6.350s] -- Up-to-date: /home/pavan/MY_ROS_WS/install/my_robot_interfaces/local/lib/python3.10/dist-packages/my_robot_interfaces/msg
[6.350s] -- Installing: /home/pavan/MY_ROS_WS/install/my_robot_interfaces/local/lib/python3.10/dist-packages/my_robot_interfaces/msg/_hardware_status_s.c
[6.351s] -- Installing: /home/pavan/MY_ROS_WS/install/my_robot_interfaces/local/lib/python3.10/dist-packages/my_robot_interfaces/msg/__init__.py
[6.351s] -- Installing: /home/pavan/MY_ROS_WS/install/my_robot_interfaces/local/lib/python3.10/dist-packages/my_robot_interfaces/msg/_hardware_status.py
[6.351s] -- Installing: /home/pavan/MY_ROS_WS/install/my_robot_interfaces/local/lib/python3.10/dist-packages/my_robot_interfaces/msg/_led_states.py
[6.351s] -- Installing: /home/pavan/MY_ROS_WS/install/my_robot_interfaces/local/lib/python3.10/dist-packages/my_robot_interfaces/msg/_led_states_s.c
[6.351s] -- Installing: /home/pavan/MY_ROS_WS/install/my_robot_interfaces/local/lib/python3.10/dist-packages/my_robot_interfaces/__init__.py
[6.351s] -- Installing: /home/pavan/MY_ROS_WS/install/my_robot_interfaces/local/lib/python3.10/dist-packages/my_robot_interfaces/my_robot_interfaces_s__rosidl_typesupport_fastrtps_c.cpython-310-x86_64-linux-gnu.so
[6.351s] -- Installing: /home/pavan/MY_ROS_WS/install/my_robot_interfaces/local/lib/python3.10/dist-packages/my_robot_interfaces/_my_robot_interfaces_s.ep.rosidl_typesupport_introspection_c.c
[6.351s] -- Installing: /home/pavan/MY_ROS_WS/install/my_robot_interfaces/local/lib/python3.10/dist-packages/my_robot_interfaces/my_robot_interfaces_s__rosidl_typesupport_c.cpython-310-x86_64-linux-gnu.so
[6.351s] -- Installing: /home/pavan/MY_ROS_WS/install/my_robot_interfaces/local/lib/python3.10/dist-packages/my_robot_interfaces/_my_robot_interfaces_s.ep.rosidl_typesupport_fastrtps_c.c
[6.351s] -- Installing: /home/pavan/MY_ROS_WS/install/my_robot_interfaces/local/lib/python3.10/dist-packages/my_robot_interfaces/my_robot_interfaces_s__rosidl_typesupport_introspection_c.cpython-310-x86_64-linux-gnu.so
[6.351s] -- Installing: /home/pavan/MY_ROS_WS/install/my_robot_interfaces/local/lib/python3.10/dist-packages/my_robot_interfaces/_my_robot_interfaces_s.ep.rosidl_typesupport_c.c
[6.352s] -- Up-to-date: /home/pavan/MY_ROS_WS/install/my_robot_interfaces/local/lib/python3.10/dist-packages/my_robot_interfaces/srv
[6.352s] -- Installing: /home/pavan/MY_ROS_WS/install/my_robot_interfaces/local/lib/python3.10/dist-packages/my_robot_interfaces/srv/_custm_rectangle.py
[6.352s] -- Installing: /home/pavan/MY_ROS_WS/install/my_robot_interfaces/local/lib/python3.10/dist-packages/my_robot_interfaces/srv/__init__.py
[6.352s] -- Installing: /home/pavan/MY_ROS_WS/install/my_robot_interfaces/local/lib/python3.10/dist-packages/my_robot_interfaces/srv/_set_led_s.c
[6.352s] -- Installing: /home/pavan/MY_ROS_WS/install/my_robot_interfaces/local/lib/python3.10/dist-packages/my_robot_interfaces/srv/_custm_rectangle_s.c
[6.352s] -- Installing: /home/pavan/MY_ROS_WS/install/my_robot_interfaces/local/lib/python3.10/dist-packages/my_robot_interfaces/srv/_set_led.py
[6.352s] -- Installing: /home/pavan/MY_ROS_WS/install/my_robot_interfaces/local/lib/python3.10/dist-packages/my_robot_interfaces/libmy_robot_interfaces__rosidl_generator_py.so
[6.393s] Listing '/home/pavan/MY_ROS_WS/install/my_robot_interfaces/local/lib/python3.10/dist-packages/my_robot_interfaces'...
[6.393s] Compiling '/home/pavan/MY_ROS_WS/install/my_robot_interfaces/local/lib/python3.10/dist-packages/my_robot_interfaces/__init__.py'...
[6.394s] Listing '/home/pavan/MY_ROS_WS/install/my_robot_interfaces/local/lib/python3.10/dist-packages/my_robot_interfaces/msg'...
[6.394s] Compiling '/home/pavan/MY_ROS_WS/install/my_robot_interfaces/local/lib/python3.10/dist-packages/my_robot_interfaces/msg/__init__.py'...
[6.394s] Compiling '/home/pavan/MY_ROS_WS/install/my_robot_interfaces/local/lib/python3.10/dist-packages/my_robot_interfaces/msg/_hardware_status.py'...
[6.394s] Compiling '/home/pavan/MY_ROS_WS/install/my_robot_interfaces/local/lib/python3.10/dist-packages/my_robot_interfaces/msg/_led_states.py'...
[6.394s] Listing '/home/pavan/MY_ROS_WS/install/my_robot_interfaces/local/lib/python3.10/dist-packages/my_robot_interfaces/srv'...
[6.394s] Compiling '/home/pavan/MY_ROS_WS/install/my_robot_interfaces/local/lib/python3.10/dist-packages/my_robot_interfaces/srv/__init__.py'...
[6.394s] Compiling '/home/pavan/MY_ROS_WS/install/my_robot_interfaces/local/lib/python3.10/dist-packages/my_robot_interfaces/srv/_custm_rectangle.py'...
[6.394s] Compiling '/home/pavan/MY_ROS_WS/install/my_robot_interfaces/local/lib/python3.10/dist-packages/my_robot_interfaces/srv/_set_led.py'...
[6.400s] -- Installing: /home/pavan/MY_ROS_WS/install/my_robot_interfaces/local/lib/python3.10/dist-packages/my_robot_interfaces/my_robot_interfaces_s__rosidl_typesupport_fastrtps_c.cpython-310-x86_64-linux-gnu.so
[6.401s] -- Set runtime path of "/home/pavan/MY_ROS_WS/install/my_robot_interfaces/local/lib/python3.10/dist-packages/my_robot_interfaces/my_robot_interfaces_s__rosidl_typesupport_fastrtps_c.cpython-310-x86_64-linux-gnu.so" to ""
[6.401s] -- Installing: /home/pavan/MY_ROS_WS/install/my_robot_interfaces/local/lib/python3.10/dist-packages/my_robot_interfaces/my_robot_interfaces_s__rosidl_typesupport_introspection_c.cpython-310-x86_64-linux-gnu.so
[6.401s] -- Set runtime path of "/home/pavan/MY_ROS_WS/install/my_robot_interfaces/local/lib/python3.10/dist-packages/my_robot_interfaces/my_robot_interfaces_s__rosidl_typesupport_introspection_c.cpython-310-x86_64-linux-gnu.so" to ""
[6.402s] -- Installing: /home/pavan/MY_ROS_WS/install/my_robot_interfaces/local/lib/python3.10/dist-packages/my_robot_interfaces/my_robot_interfaces_s__rosidl_typesupport_c.cpython-310-x86_64-linux-gnu.so
[6.402s] -- Set runtime path of "/home/pavan/MY_ROS_WS/install/my_robot_interfaces/local/lib/python3.10/dist-packages/my_robot_interfaces/my_robot_interfaces_s__rosidl_typesupport_c.cpython-310-x86_64-linux-gnu.so" to ""
[6.402s] -- Installing: /home/pavan/MY_ROS_WS/install/my_robot_interfaces/lib/libmy_robot_interfaces__rosidl_generator_py.so
[6.403s] -- Set runtime path of "/home/pavan/MY_ROS_WS/install/my_robot_interfaces/lib/libmy_robot_interfaces__rosidl_generator_py.so" to ""
[6.403s] -- Up-to-date: /home/pavan/MY_ROS_WS/install/my_robot_interfaces/share/my_robot_interfaces/msg/HardwareStatus.idl
[6.403s] -- Up-to-date: /home/pavan/MY_ROS_WS/install/my_robot_interfaces/share/my_robot_interfaces/srv/CustmRectangle.idl
[6.405s] -- Up-to-date: /home/pavan/MY_ROS_WS/install/my_robot_interfaces/share/my_robot_interfaces/msg/LedStates.idl
[6.406s] -- Installing: /home/pavan/MY_ROS_WS/install/my_robot_interfaces/share/my_robot_interfaces/srv/SetLed.idl
[6.406s] -- Up-to-date: /home/pavan/MY_ROS_WS/install/my_robot_interfaces/share/my_robot_interfaces/msg/HardwareStatus.msg
[6.406s] -- Up-to-date: /home/pavan/MY_ROS_WS/install/my_robot_interfaces/share/my_robot_interfaces/srv/CustmRectangle.srv
[6.406s] -- Up-to-date: /home/pavan/MY_ROS_WS/install/my_robot_interfaces/share/my_robot_interfaces/srv/CustmRectangle_Request.msg
[6.406s] -- Up-to-date: /home/pavan/MY_ROS_WS/install/my_robot_interfaces/share/my_robot_interfaces/srv/CustmRectangle_Response.msg
[6.406s] -- Up-to-date: /home/pavan/MY_ROS_WS/install/my_robot_interfaces/share/my_robot_interfaces/msg/LedStates.msg
[6.406s] -- Installing: /home/pavan/MY_ROS_WS/install/my_robot_interfaces/share/my_robot_interfaces/srv/SetLed.srv
[6.406s] -- Installing: /home/pavan/MY_ROS_WS/install/my_robot_interfaces/share/my_robot_interfaces/srv/SetLed_Request.msg
[6.407s] -- Up-to-date: /home/pavan/MY_ROS_WS/install/my_robot_interfaces/share/my_robot_interfaces/srv/SetLed_Response.msg
[6.407s] -- Up-to-date: /home/pavan/MY_ROS_WS/install/my_robot_interfaces/share/ament_index/resource_index/package_run_dependencies/my_robot_interfaces
[6.407s] -- Up-to-date: /home/pavan/MY_ROS_WS/install/my_robot_interfaces/share/ament_index/resource_index/parent_prefix_path/my_robot_interfaces
[6.407s] -- Up-to-date: /home/pavan/MY_ROS_WS/install/my_robot_interfaces/share/my_robot_interfaces/environment/ament_prefix_path.sh
[6.407s] -- Installing: /home/pavan/MY_ROS_WS/install/my_robot_interfaces/share/my_robot_interfaces/environment/ament_prefix_path.dsv
[6.407s] -- Up-to-date: /home/pavan/MY_ROS_WS/install/my_robot_interfaces/share/my_robot_interfaces/environment/path.sh
[6.407s] -- Installing: /home/pavan/MY_ROS_WS/install/my_robot_interfaces/share/my_robot_interfaces/environment/path.dsv
[6.407s] -- Up-to-date: /home/pavan/MY_ROS_WS/install/my_robot_interfaces/share/my_robot_interfaces/local_setup.bash
[6.407s] -- Up-to-date: /home/pavan/MY_ROS_WS/install/my_robot_interfaces/share/my_robot_interfaces/local_setup.sh
[6.407s] -- Up-to-date: /home/pavan/MY_ROS_WS/install/my_robot_interfaces/share/my_robot_interfaces/local_setup.zsh
[6.407s] -- Installing: /home/pavan/MY_ROS_WS/install/my_robot_interfaces/share/my_robot_interfaces/local_setup.dsv
[6.408s] -- Installing: /home/pavan/MY_ROS_WS/install/my_robot_interfaces/share/my_robot_interfaces/package.dsv
[6.408s] -- Up-to-date: /home/pavan/MY_ROS_WS/install/my_robot_interfaces/share/ament_index/resource_index/packages/my_robot_interfaces
[6.408s] -- Up-to-date: /home/pavan/MY_ROS_WS/install/my_robot_interfaces/share/my_robot_interfaces/cmake/export_my_robot_interfaces__rosidl_generator_cExport.cmake
[6.408s] -- Up-to-date: /home/pavan/MY_ROS_WS/install/my_robot_interfaces/share/my_robot_interfaces/cmake/export_my_robot_interfaces__rosidl_generator_cExport-noconfig.cmake
[6.408s] -- Up-to-date: /home/pavan/MY_ROS_WS/install/my_robot_interfaces/share/my_robot_interfaces/cmake/export_my_robot_interfaces__rosidl_typesupport_fastrtps_cExport.cmake
[6.408s] -- Up-to-date: /home/pavan/MY_ROS_WS/install/my_robot_interfaces/share/my_robot_interfaces/cmake/export_my_robot_interfaces__rosidl_typesupport_fastrtps_cExport-noconfig.cmake
[6.408s] -- Up-to-date: /home/pavan/MY_ROS_WS/install/my_robot_interfaces/share/my_robot_interfaces/cmake/my_robot_interfaces__rosidl_typesupport_introspection_cExport.cmake
[6.408s] -- Up-to-date: /home/pavan/MY_ROS_WS/install/my_robot_interfaces/share/my_robot_interfaces/cmake/my_robot_interfaces__rosidl_typesupport_introspection_cExport-noconfig.cmake
[6.408s] -- Up-to-date: /home/pavan/MY_ROS_WS/install/my_robot_interfaces/share/my_robot_interfaces/cmake/my_robot_interfaces__rosidl_typesupport_cExport.cmake
[6.408s] -- Up-to-date: /home/pavan/MY_ROS_WS/install/my_robot_interfaces/share/my_robot_interfaces/cmake/my_robot_interfaces__rosidl_typesupport_cExport-noconfig.cmake
[6.408s] -- Up-to-date: /home/pavan/MY_ROS_WS/install/my_robot_interfaces/share/my_robot_interfaces/cmake/export_my_robot_interfaces__rosidl_generator_cppExport.cmake
[6.408s] -- Up-to-date: /home/pavan/MY_ROS_WS/install/my_robot_interfaces/share/my_robot_interfaces/cmake/export_my_robot_interfaces__rosidl_typesupport_fastrtps_cppExport.cmake
[6.409s] -- Up-to-date: /home/pavan/MY_ROS_WS/install/my_robot_interfaces/share/my_robot_interfaces/cmake/export_my_robot_interfaces__rosidl_typesupport_fastrtps_cppExport-noconfig.cmake
[6.409s] -- Up-to-date: /home/pavan/MY_ROS_WS/install/my_robot_interfaces/share/my_robot_interfaces/cmake/my_robot_interfaces__rosidl_typesupport_introspection_cppExport.cmake
[6.409s] -- Up-to-date: /home/pavan/MY_ROS_WS/install/my_robot_interfaces/share/my_robot_interfaces/cmake/my_robot_interfaces__rosidl_typesupport_introspection_cppExport-noconfig.cmake
[6.409s] -- Up-to-date: /home/pavan/MY_ROS_WS/install/my_robot_interfaces/share/my_robot_interfaces/cmake/my_robot_interfaces__rosidl_typesupport_cppExport.cmake
[6.409s] -- Up-to-date: /home/pavan/MY_ROS_WS/install/my_robot_interfaces/share/my_robot_interfaces/cmake/my_robot_interfaces__rosidl_typesupport_cppExport-noconfig.cmake
[6.409s] -- Up-to-date: /home/pavan/MY_ROS_WS/install/my_robot_interfaces/share/my_robot_interfaces/cmake/export_my_robot_interfaces__rosidl_generator_pyExport.cmake
[6.409s] -- Up-to-date: /home/pavan/MY_ROS_WS/install/my_robot_interfaces/share/my_robot_interfaces/cmake/export_my_robot_interfaces__rosidl_generator_pyExport-noconfig.cmake
[6.409s] -- Up-to-date: /home/pavan/MY_ROS_WS/install/my_robot_interfaces/share/my_robot_interfaces/cmake/rosidl_cmake-extras.cmake
[6.409s] -- Up-to-date: /home/pavan/MY_ROS_WS/install/my_robot_interfaces/share/my_robot_interfaces/cmake/ament_cmake_export_include_directories-extras.cmake
[6.409s] -- Up-to-date: /home/pavan/MY_ROS_WS/install/my_robot_interfaces/share/my_robot_interfaces/cmake/ament_cmake_export_libraries-extras.cmake
[6.409s] -- Up-to-date: /home/pavan/MY_ROS_WS/install/my_robot_interfaces/share/my_robot_interfaces/cmake/ament_cmake_export_targets-extras.cmake
[6.409s] -- Up-to-date: /home/pavan/MY_ROS_WS/install/my_robot_interfaces/share/my_robot_interfaces/cmake/rosidl_cmake_export_typesupport_targets-extras.cmake
[6.409s] -- Up-to-date: /home/pavan/MY_ROS_WS/install/my_robot_interfaces/share/my_robot_interfaces/cmake/ament_cmake_export_dependencies-extras.cmake
[6.409s] -- Up-to-date: /home/pavan/MY_ROS_WS/install/my_robot_interfaces/share/my_robot_interfaces/cmake/rosidl_cmake_export_typesupport_libraries-extras.cmake
[6.409s] -- Up-to-date: /home/pavan/MY_ROS_WS/install/my_robot_interfaces/share/my_robot_interfaces/cmake/my_robot_interfacesConfig.cmake
[6.410s] -- Up-to-date: /home/pavan/MY_ROS_WS/install/my_robot_interfaces/share/my_robot_interfaces/cmake/my_robot_interfacesConfig-version.cmake
[6.410s] -- Up-to-date: /home/pavan/MY_ROS_WS/install/my_robot_interfaces/share/my_robot_interfaces/package.xml
[6.412s] Invoked command in '/home/pavan/MY_ROS_WS/build/my_robot_interfaces' returned '0': CMAKE_PREFIX_PATH=${CMAKE_PREFIX_PATH}:/opt/ros/humble /usr/bin/cmake --install /home/pavan/MY_ROS_WS/build/my_robot_interfaces
