[0.022s] Invoking command in '/home/pavan/MY_ROS_WS/build/my_robot_interfaces': CMAKE_PREFIX_PATH=${CMAKE_PREFIX_PATH}:/opt/ros/humble /usr/bin/cmake /home/pavan/MY_ROS_WS/src/my_robot_interfaces -DCMAKE_INSTALL_PREFIX=/home/pavan/MY_ROS_WS/install/my_robot_interfaces
[0.068s] -- The C compiler identification is GNU 11.4.0
[0.114s] -- The CXX compiler identification is GNU 11.4.0
[0.120s] -- Detecting C compiler ABI info
[0.177s] -- Detecting C compiler ABI info - done
[0.185s] -- Check for working C compiler: /usr/bin/cc - skipped
[0.185s] -- Detecting C compile features
[0.185s] -- Detecting C compile features - done
[0.188s] -- Detecting CXX compiler ABI info
[0.254s] -- Detecting CXX compiler ABI info - done
[0.262s] -- Check for working CXX compiler: /usr/bin/c++ - skipped
[0.262s] -- Detecting CXX compile features
[0.263s] -- Detecting CXX compile features - done
[0.265s] -- Found ament_cmake: 1.3.10 (/opt/ros/humble/share/ament_cmake/cmake)
[0.405s] -- Found Python3: /usr/bin/python3 (found version "3.10.12") found components: Interpreter 
[0.551s] -- Found rosidl_default_generators: 1.2.0 (/opt/ros/humble/share/rosidl_default_generators/cmake)
[0.573s] -- Using all available rosidl_typesupport_c: rosidl_typesupport_fastrtps_c;rosidl_typesupport_introspection_c
[0.588s] -- Found rosidl_adapter: 3.1.5 (/opt/ros/humble/share/rosidl_adapter/cmake)
[0.633s] -- Using all available rosidl_typesupport_cpp: rosidl_typesupport_fastrtps_cpp;rosidl_typesupport_introspection_cpp
[0.689s] [31mCMake Error at CMakeLists.txt:15 (rosidl_default_generators):
[0.689s]   Unknown CMake command "rosidl_default_generators".
[0.689s] 
[0.689s] [0m
[0.689s] -- Configuring incomplete, errors occurred!
[0.689s] See also "/home/pavan/MY_ROS_WS/build/my_robot_interfaces/CMakeFiles/CMakeOutput.log".
[0.694s] Invoked command in '/home/pavan/MY_ROS_WS/build/my_robot_interfaces' returned '1': CMAKE_PREFIX_PATH=${CMAKE_PREFIX_PATH}:/opt/ros/humble /usr/bin/cmake /home/pavan/MY_ROS_WS/src/my_robot_interfaces -DCMAKE_INSTALL_PREFIX=/home/pavan/MY_ROS_WS/install/my_robot_interfaces
